 /---------------------------------------------------------------------\
|                                                                       |
|   Log  of Translation of Nastran *bdf File Into Mentat *mfd/mud File  |
|                                                                       |
 \---------------------------------------------------------------------/



 /---------------------------------------------------------------------\
|                            Parsing                                    |
 \---------------------------------------------------------------------/

 Unrecognized Card Type(3): ASSIGN
 Unrecognized Card Type(4): ASSIGN
 Unrecognized Card Type(5): ASSIGN
 Unrecognized Card Type(10): TIME
 Unrecognized Card Type(11): CEND
 Unsupported  Card Type(12): SEALL
 Unsupported  Card Type(13): SUPER
 Unsupported  Card Type(14): TITLE
 Unsupported  Card Type(15): ECHO
 Unsupported  Card Type(16): MAXLINES
 Unsupported  Card Type(20): SET
 Unsupported  Card Type(21): SET
 Unsupported  Card Type(23): DISPLACEMENT
 Unsupported  Card Type(24): VELOCITY
 Unsupported  Card Type(25): ACCELERATION
 Unsupported  Card Type(26): OLOAD
 Unsupported  Card Type(27): GPFORCE
 Unsupported  Card Type(28): MPCFORCE
 Unsupported  Card Type(29): STRAIN
 Unsupported  Card Type(30): STRESS
 Unsupported  Card Type(32): ESE
 Unsupported  Card Type(33): EKE
 Unsupported  Card Type(34): EDE
 Unsupported  Card Type(37): SUBTITLE
 Unsupported  Card Type(38): METHOD
 Unsupported  Card Type(39): FREQ
 Unsupported  Card Type(43): SUBTITLE
 Unsupported  Card Type(44): METHOD
 Unsupported  Card Type(45): FREQ
 Unsupported  Card Type(49): SUBTITLE
 Unsupported  Card Type(50): METHOD
 Unsupported  Card Type(51): FREQ
 Unsupported  Card Type(58): PARAM       POST               0        
 Unsupported  Card Type(59): PARAM   PRTMAXIM             YES        
 Unsupported  Card Type(60): PARAM    NOCOMPS              -1        
 Unsupported  Card Type(61): PARAM      K6ROT           100.0        
 Unsupported  Card Type(62): PARAM          G            0.02        
 Include file ../MESH/coordSys.bdf does not exist.