 /---------------------------------------------------------------------\
|                                                                       |
|   Log  of Translation of Nastran *bdf File Into Mentat *mfd/mud File  |
|                                                                       |
 \---------------------------------------------------------------------/



 /---------------------------------------------------------------------\
|                            Parsing                                    |
 \---------------------------------------------------------------------/



 /---------------------------------------------------------------------\
|                            Parsing Summary                            |
 \---------------------------------------------------------------------/

           Total Number of Lines in Input File:              479
           Total Number of Unrecognized Cards in Input File: 0
           Total Number of Unsupported  Cards in Input File: 0



 /---------------------------------------------------------------------\
|                       NASTRAN Model Summary                           |
|          use grep -c CARD_NAME to check Parsing Summary               |
 \---------------------------------------------------------------------/

|-----------------------------------------------------------------------|
|                LOAD CASE SECTION PARSED COUNTS SUMMARY                |
|-----------------------------------------------------------------------|


|-----------------------------------------------------------------------|
|                BULK DATA SECTION PARSED COUNTS SUMMARY                |
|-----------------------------------------------------------------------|

                              CBAR     :                   224
                              CONM2    :                     8
                              GRID     :                   244


 /---------------------------------------------------------------------\
|                            Translation                                |
 \---------------------------------------------------------------------/
 
Non Existent Coordinate System: 1001 
Non Existent Coordinate System: 1001 for Node: 80001 
Non Existent Coordinate System: 1001 
Non Existent Coordinate System: 1001 for Node: 80002 
Non Existent Coordinate System: 1001 
Non Existent Coordinate System: 1001 for Node: 80003 
Non Existent Coordinate System: 1001 
Non Existent Coordinate System: 1001 for Node: 80004 
Non Existent Coordinate System: 1001 
Non Existent Coordinate System: 1001 for Node: 80005 
Non Existent Coordinate System: 1001 
Non Existent Coordinate System: 1001 for Node: 80006 
Non Existent Coordinate System: 1001 
Non Existent Coordinate System: 1001 for Node: 80007 
Non Existent Coordinate System: 1001 
Non Existent Coordinate System: 1001 for Node: 80008 
Non Existent Coordinate System: 1001 
Non Existent Coordinate System: 1001 for Node: 80009 
Non Existent Coordinate System: 1001 
Non Existent Coordinate System: 1001 for Node: 80010 
Non Existent Coordinate System: 1001 
Non Existent Coordinate System: 1001 for Node: 80011 
Non Existent Coordinate System: 1001 
Non Existent Coordinate System: 1001 for Node: 80012 
Non Existent Coordinate System: 1001 
Non Existent Coordinate System: 1001 for Node: 80013 
Non Existent Coordinate System: 1001 
Non Existent Coordinate System: 1001 for Node: 80014 
Non Existent Coordinate System: 1001 
Non Existent Coordinate System: 1001 for Node: 80015 
Non Existent Coordinate System: 1001 
Non Existent Coordinate System: 1001 for Node: 80016 
Non Existent Coordinate System: 1001 
Non Existent Coordinate System: 1001 for Node: 80017 
Non Existent Coordinate System: 1001 
Non Existent Coordinate System: 1001 for Node: 80018 
Non Existent Coordinate System: 1001 
Non Existent Coordinate System: 1001 for Node: 80019 
Non Existent Coordinate System: 1001 
Non Existent Coordinate System: 1001 for Node: 80020 
Non Existent Coordinate System: 1001 
Non Existent Coordinate System: 1001 for Node: 80021 
Non Existent Coordinate System: 1001 
Non Existent Coordinate System: 1001 for Node: 80022 
Non Existent Coordinate System: 1001 
Non Existent Coordinate System: 1001 for Node: 80023 
Non Existent Coordinate System: 1001 
Non Existent Coordinate System: 1001 for Node: 80024 
Non Existent Coordinate System: 1001 
Non Existent Coordinate System: 1001 for Node: 80025 
Non Existent Coordinate System: 1001 
Non Existent Coordinate System: 1001 for Node: 80026 
Non Existent Coordinate System: 1001 
Non Existent Coordinate System: 1001 for Node: 80027 
Non Existent Coordinate System: 1001 
Non Existent Coordinate System: 1001 for Node: 80028 
Non Existent Coordinate System: 1001 
Non Existent Coordinate System: 1001 for Node: 80029 
Non Existent Coordinate System: 1001 
Non Existent Coordinate System: 1001 for Node: 80030 
Non Existent Coordinate System: 1001 
Non Existent Coordinate System: 1001 for Node: 80031 
Non Existent Coordinate System: 1001 
Non Existent Coordinate System: 1001 for Node: 80032 
Non Existent Coordinate System: 1001 
Non Existent Coordinate System: 1001 for Node: 80033 
Non Existent Coordinate System: 1001 
Non Existent Coordinate System: 1001 for Node: 80034 
Non Existent Coordinate System: 1001 
Non Existent Coordinate System: 1001 for Node: 80035 
Non Existent Coordinate System: 1001 
Non Existent Coordinate System: 1001 for Node: 80036 
Non Existent Coordinate System: 1001 
Non Existent Coordinate System: 1001 for Node: 80037 
Non Existent Coordinate System: 1001 
Non Existent Coordinate System: 1001 for Node: 80038 
Non Existent Coordinate System: 1001 
Non Existent Coordinate System: 1001 for Node: 80039 
Non Existent Coordinate System: 1001 
Non Existent Coordinate System: 1001 for Node: 80040 
Non Existent Coordinate System: 1001 
Non Existent Coordinate System: 1001 for Node: 80041 
Non Existent Coordinate System: 1001 
Non Existent Coordinate System: 1001 for Node: 80042 
Non Existent Coordinate System: 1001 
Non Existent Coordinate System: 1001 for Node: 80043 
Non Existent Coordinate System: 1001 
Non Existent Coordinate System: 1001 for Node: 80044 
Non Existent Coordinate System: 1001 
Non Existent Coordinate System: 1001 for Node: 80045 
Non Existent Coordinate System: 1001 
Non Existent Coordinate System: 1001 for Node: 80046 
Non Existent Coordinate System: 1001 
Non Existent Coordinate System: 1001 for Node: 80047 
Non Existent Coordinate System: 1001 
Non Existent Coordinate System: 1001 for Node: 80048 
Non Existent Coordinate System: 1001 
Non Existent Coordinate System: 1001 for Node: 80049 
Non Existent Coordinate System: 1001 
Non Existent Coordinate System: 1001 for Node: 80050 
Non Existent Coordinate System: 1001 
Non Existent Coordinate System: 1001 for Node: 80051 
Non Existent Coordinate System: 1001 
Non Existent Coordinate System: 1001 for Node: 80052 
Non Existent Coordinate System: 1001 
Non Existent Coordinate System: 1001 for Node: 80053 
Non Existent Coordinate System: 1001 
Non Existent Coordinate System: 1001 for Node: 80054 
Non Existent Coordinate System: 1001 
Non Existent Coordinate System: 1001 for Node: 80055 
Non Existent Coordinate System: 1001 
Non Existent Coordinate System: 1001 for Node: 80056 
Non Existent Coordinate System: 1001 
Non Existent Coordinate System: 1001 for Node: 80057 
Non Existent Coordinate System: 1001 
Non Existent Coordinate System: 1001 for Node: 80058 
Non Existent Coordinate System: 1001 
Non Existent Coordinate System: 1001 for Node: 80059 
Non Existent Coordinate System: 1001 
Non Existent Coordinate System: 1001 for Node: 80060 
Non Existent Coordinate System: 1001 
Non Existent Coordinate System: 1001 for Node: 80061 
Non Existent Coordinate System: 1001 
Non Existent Coordinate System: 1001 for Node: 80062 
Non Existent Coordinate System: 1001 
Non Existent Coordinate System: 1001 for Node: 80063 
Non Existent Coordinate System: 1001 
Non Existent Coordinate System: 1001 for Node: 80064 
Non Existent Coordinate System: 1001 
Non Existent Coordinate System: 1001 for Node: 80065 
Non Existent Coordinate System: 1001 
Non Existent Coordinate System: 1001 for Node: 80066 
Non Existent Coordinate System: 1001 
Non Existent Coordinate System: 1001 for Node: 80067 
Non Existent Coordinate System: 1001 
Non Existent Coordinate System: 1001 for Node: 80068 
Non Existent Coordinate System: 1001 
Non Existent Coordinate System: 1001 for Node: 80069 
Non Existent Coordinate System: 1001 
Non Existent Coordinate System: 1001 for Node: 80070 
Non Existent Coordinate System: 1001 
Non Existent Coordinate System: 1001 for Node: 80071 
Non Existent Coordinate System: 1001 
Non Existent Coordinate System: 1001 for Node: 80072 
Non Existent Coordinate System: 1001 
Non Existent Coordinate System: 1001 for Node: 80073 
Non Existent Coordinate System: 1001 
Non Existent Coordinate System: 1001 for Node: 80074 
Non Existent Coordinate System: 1001 
Non Existent Coordinate System: 1001 for Node: 80075 
Non Existent Coordinate System: 1001 
Non Existent Coordinate System: 1001 for Node: 80076 
Non Existent Coordinate System: 1001 
Non Existent Coordinate System: 1001 for Node: 80077 
Non Existent Coordinate System: 1001 
Non Existent Coordinate System: 1001 for Node: 80078 
Non Existent Coordinate System: 1001 
Non Existent Coordinate System: 1001 for Node: 80079 
Non Existent Coordinate System: 1001 
Non Existent Coordinate System: 1001 for Node: 80080 
Non Existent Coordinate System: 1001 
Non Existent Coordinate System: 1001 for Node: 80081 
Non Existent Coordinate System: 1001 
Non Existent Coordinate System: 1001 for Node: 80082 
Non Existent Coordinate System: 1001 
Non Existent Coordinate System: 1001 for Node: 80083 
Non Existent Coordinate System: 1001 
Non Existent Coordinate System: 1001 for Node: 80084 
Non Existent Coordinate System: 1001 
Non Existent Coordinate System: 1001 for Node: 80085 
Non Existent Coordinate System: 1001 
Non Existent Coordinate System: 1001 for Node: 80086 
Non Existent Coordinate System: 1001 
Non Existent Coordinate System: 1001 for Node: 80087 
Non Existent Coordinate System: 1001 
Non Existent Coordinate System: 1001 for Node: 80088 
Non Existent Coordinate System: 1001 
Non Existent Coordinate System: 1001 for Node: 80089 
Non Existent Coordinate System: 1001 
Non Existent Coordinate System: 1001 for Node: 80090 
Non Existent Coordinate System: 1001 
Non Existent Coordinate System: 1001 for Node: 80091 
Non Existent Coordinate System: 1001 
Non Existent Coordinate System: 1001 for Node: 80092 
Non Existent Coordinate System: 1001 
Non Existent Coordinate System: 1001 for Node: 80093 
Non Existent Coordinate System: 1001 
Non Existent Coordinate System: 1001 for Node: 80094 
Non Existent Coordinate System: 1001 
Non Existent Coordinate System: 1001 for Node: 80095 
Non Existent Coordinate System: 1001 
Non Existent Coordinate System: 1001 for Node: 80096 
Non Existent Coordinate System: 1001 
Non Existent Coordinate System: 1001 for Node: 80097 
Non Existent Coordinate System: 1001 
Non Existent Coordinate System: 1001 for Node: 80098 
Non Existent Coordinate System: 1001 
Non Existent Coordinate System: 1001 for Node: 80099 
Non Existent Coordinate System: 1001 
Non Existent Coordinate System: 1001 for Node: 80100 
Non Existent Coordinate System: 1001 
Non Existent Coordinate System: 1001 for Node: 80101 
Non Existent Coordinate System: 1001 
Non Existent Coordinate System: 1001 for Node: 80102 
Non Existent Coordinate System: 1001 
Non Existent Coordinate System: 1001 for Node: 80103 
Non Existent Coordinate System: 1001 
Non Existent Coordinate System: 1001 for Node: 80104 
Non Existent Coordinate System: 1001 
Non Existent Coordinate System: 1001 for Node: 80105 
Non Existent Coordinate System: 1001 
Non Existent Coordinate System: 1001 for Node: 80106 
Non Existent Coordinate System: 1001 
Non Existent Coordinate System: 1001 for Node: 80107 
Non Existent Coordinate System: 1001 
Non Existent Coordinate System: 1001 for Node: 80108 
Non Existent Coordinate System: 1001 
Non Existent Coordinate System: 1001 for Node: 80109 
Non Existent Coordinate System: 1001 
Non Existent Coordinate System: 1001 for Node: 80110 
Non Existent Coordinate System: 1001 
Non Existent Coordinate System: 1001 for Node: 80111 
Non Existent Coordinate System: 1001 
Non Existent Coordinate System: 1001 for Node: 80112 
Non Existent Coordinate System: 1001 
Non Existent Coordinate System: 1001 for Node: 80113 
Non Existent Coordinate System: 1001 
Non Existent Coordinate System: 1001 for Node: 80114 
Non Existent Coordinate System: 1001 
Non Existent Coordinate System: 1001 for Node: 80115 
Non Existent Coordinate System: 1001 
Non Existent Coordinate System: 1001 for Node: 80116 
Non Existent Coordinate System: 1001 
Non Existent Coordinate System: 1001 for Node: 80117 
Non Existent Coordinate System: 1001 
Non Existent Coordinate System: 1001 for Node: 80118 
Non Existent Coordinate System: 1001 
Non Existent Coordinate System: 1001 for Node: 80119 
Non Existent Coordinate System: 1001 
Non Existent Coordinate System: 1001 for Node: 80120 
Non Existent Coordinate System: 1001 
Non Existent Coordinate System: 1001 for Node: 80121 
Non Existent Coordinate System: 1001 
Non Existent Coordinate System: 1001 for Node: 80122 
Non Existent Coordinate System: 1001 
Non Existent Coordinate System: 1001 for Node: 80123 
Non Existent Coordinate System: 1001 
Non Existent Coordinate System: 1001 for Node: 80124 
Non Existent Coordinate System: 1001 
Non Existent Coordinate System: 1001 for Node: 80125 
Non Existent Coordinate System: 1001 
Non Existent Coordinate System: 1001 for Node: 80126 
Non Existent Coordinate System: 1001 
Non Existent Coordinate System: 1001 for Node: 80127 
Non Existent Coordinate System: 1001 
Non Existent Coordinate System: 1001 for Node: 80128 
Non Existent Coordinate System: 1001 
Non Existent Coordinate System: 1001 for Node: 80129 
Non Existent Coordinate System: 1001 
Non Existent Coordinate System: 1001 for Node: 80130 
Non Existent Coordinate System: 1001 
Non Existent Coordinate System: 1001 for Node: 80131 
Non Existent Coordinate System: 1001 
Non Existent Coordinate System: 1001 for Node: 80132 
Non Existent Coordinate System: 1001 
Non Existent Coordinate System: 1001 for Node: 80133 
Non Existent Coordinate System: 1001 
Non Existent Coordinate System: 1001 for Node: 80134 
Non Existent Coordinate System: 1001 
Non Existent Coordinate System: 1001 for Node: 80135 
Non Existent Coordinate System: 1001 
Non Existent Coordinate System: 1001 for Node: 80136 
Non Existent Coordinate System: 1001 
Non Existent Coordinate System: 1001 for Node: 80137 
Non Existent Coordinate System: 1001 
Non Existent Coordinate System: 1001 for Node: 80138 
Non Existent Coordinate System: 1001 
Non Existent Coordinate System: 1001 for Node: 80139 
Non Existent Coordinate System: 1001 
Non Existent Coordinate System: 1001 for Node: 80140 
Non Existent Coordinate System: 1001 
Non Existent Coordinate System: 1001 for Node: 80141 
Non Existent Coordinate System: 1001 
Non Existent Coordinate System: 1001 for Node: 80142 
Non Existent Coordinate System: 1001 
Non Existent Coordinate System: 1001 for Node: 80143 
Non Existent Coordinate System: 1001 
Non Existent Coordinate System: 1001 for Node: 80144 
Non Existent Coordinate System: 1001 
Non Existent Coordinate System: 1001 for Node: 80145 
Non Existent Coordinate System: 1001 
Non Existent Coordinate System: 1001 for Node: 80146 
Non Existent Coordinate System: 1001 
Non Existent Coordinate System: 1001 for Node: 80147 
Non Existent Coordinate System: 1001 
Non Existent Coordinate System: 1001 for Node: 80148 
Non Existent Coordinate System: 1001 
Non Existent Coordinate System: 1001 for Node: 80149 
Non Existent Coordinate System: 1001 
Non Existent Coordinate System: 1001 for Node: 80150 
Non Existent Coordinate System: 1001 
Non Existent Coordinate System: 1001 for Node: 80151 
Non Existent Coordinate System: 1001 
Non Existent Coordinate System: 1001 for Node: 80152 
Non Existent Coordinate System: 1001 
Non Existent Coordinate System: 1001 for Node: 80153 
Non Existent Coordinate System: 1001 
Non Existent Coordinate System: 1001 for Node: 80154 
Non Existent Coordinate System: 1001 
Non Existent Coordinate System: 1001 for Node: 80155 
Non Existent Coordinate System: 1001 
Non Existent Coordinate System: 1001 for Node: 80156 
Non Existent Coordinate System: 1001 
Non Existent Coordinate System: 1001 for Node: 80157 
Non Existent Coordinate System: 1001 
Non Existent Coordinate System: 1001 for Node: 80158 
Non Existent Coordinate System: 1001 
Non Existent Coordinate System: 1001 for Node: 80159 
Non Existent Coordinate System: 1001 
Non Existent Coordinate System: 1001 for Node: 80160 
Non Existent Coordinate System: 1001 
Non Existent Coordinate System: 1001 for Node: 80161 
Non Existent Coordinate System: 1001 
Non Existent Coordinate System: 1001 for Node: 80162 
Non Existent Coordinate System: 1001 
Non Existent Coordinate System: 1001 for Node: 80163 
Non Existent Coordinate System: 1001 
Non Existent Coordinate System: 1001 for Node: 80164 
Non Existent Coordinate System: 1001 
Non Existent Coordinate System: 1001 for Node: 80165 
Non Existent Coordinate System: 1001 
Non Existent Coordinate System: 1001 for Node: 80166 
Non Existent Coordinate System: 1001 
Non Existent Coordinate System: 1001 for Node: 80167 
Non Existent Coordinate System: 1001 
Non Existent Coordinate System: 1001 for Node: 80168 
Non Existent Coordinate System: 1001 
Non Existent Coordinate System: 1001 for Node: 80169 
Non Existent Coordinate System: 1001 
Non Existent Coordinate System: 1001 for Node: 80170 
Non Existent Coordinate System: 1001 
Non Existent Coordinate System: 1001 for Node: 80171 
Non Existent Coordinate System: 1001 
Non Existent Coordinate System: 1001 for Node: 80172 
Non Existent Coordinate System: 1001 
Non Existent Coordinate System: 1001 for Node: 80173 
Non Existent Coordinate System: 1001 
Non Existent Coordinate System: 1001 for Node: 80174 
Non Existent Coordinate System: 1001 
Non Existent Coordinate System: 1001 for Node: 80175 
Non Existent Coordinate System: 1001 
Non Existent Coordinate System: 1001 for Node: 80176 
Non Existent Coordinate System: 1001 
Non Existent Coordinate System: 1001 for Node: 80177 
Non Existent Coordinate System: 1001 
Non Existent Coordinate System: 1001 for Node: 80178 
Non Existent Coordinate System: 1001 
Non Existent Coordinate System: 1001 for Node: 80179 
Non Existent Coordinate System: 1001 
Non Existent Coordinate System: 1001 for Node: 80180 
Non Existent Coordinate System: 1001 
Non Existent Coordinate System: 1001 for Node: 80181 
Non Existent Coordinate System: 1001 
Non Existent Coordinate System: 1001 for Node: 80182 
Non Existent Coordinate System: 1001 
Non Existent Coordinate System: 1001 for Node: 80183 
Non Existent Coordinate System: 1001 
Non Existent Coordinate System: 1001 for Node: 80184 
Non Existent Coordinate System: 1001 
Non Existent Coordinate System: 1001 for Node: 80185 
Non Existent Coordinate System: 1001 
Non Existent Coordinate System: 1001 for Node: 80186 
Non Existent Coordinate System: 1001 
Non Existent Coordinate System: 1001 for Node: 80187 
Non Existent Coordinate System: 1001 
Non Existent Coordinate System: 1001 for Node: 80188 
Non Existent Coordinate System: 1001 
Non Existent Coordinate System: 1001 for Node: 80189 
Non Existent Coordinate System: 1001 
Non Existent Coordinate System: 1001 for Node: 80190 
Non Existent Coordinate System: 1001 
Non Existent Coordinate System: 1001 for Node: 80191 
Non Existent Coordinate System: 1001 
Non Existent Coordinate System: 1001 for Node: 80192 
Non Existent Coordinate System: 1001 
Non Existent Coordinate System: 1001 for Node: 80193 
Non Existent Coordinate System: 1001 
Non Existent Coordinate System: 1001 for Node: 80194 
Non Existent Coordinate System: 1001 
Non Existent Coordinate System: 1001 for Node: 80195 
Non Existent Coordinate System: 1001 
Non Existent Coordinate System: 1001 for Node: 80196 
Non Existent Coordinate System: 1001 
Non Existent Coordinate System: 1001 for Node: 80197 
Non Existent Coordinate System: 1001 
Non Existent Coordinate System: 1001 for Node: 80198 
Non Existent Coordinate System: 1001 
Non Existent Coordinate System: 1001 for Node: 80199 
Non Existent Coordinate System: 1001 
Non Existent Coordinate System: 1001 for Node: 80200 
Non Existent Coordinate System: 1001 
Non Existent Coordinate System: 1001 for Node: 80201 
Non Existent Coordinate System: 1001 
Non Existent Coordinate System: 1001 for Node: 80202 
Non Existent Coordinate System: 1001 
Non Existent Coordinate System: 1001 for Node: 80203 
Non Existent Coordinate System: 1001 
Non Existent Coordinate System: 1001 for Node: 80204 
Non Existent Coordinate System: 1001 
Non Existent Coordinate System: 1001 for Node: 80205 
Non Existent Coordinate System: 1001 
Non Existent Coordinate System: 1001 for Node: 80206 
Non Existent Coordinate System: 1001 
Non Existent Coordinate System: 1001 for Node: 80207 
Non Existent Coordinate System: 1001 
Non Existent Coordinate System: 1001 for Node: 80208 
Non Existent Coordinate System: 1001 
Non Existent Coordinate System: 1001 for Node: 80209 
Non Existent Coordinate System: 1001 
Non Existent Coordinate System: 1001 for Node: 80210 
Non Existent Coordinate System: 1001 
Non Existent Coordinate System: 1001 for Node: 80211 
Non Existent Coordinate System: 1001 
Non Existent Coordinate System: 1001 for Node: 80212 
Non Existent Coordinate System: 1001 
Non Existent Coordinate System: 1001 for Node: 80213 
Non Existent Coordinate System: 1001 
Non Existent Coordinate System: 1001 for Node: 80214 
Non Existent Coordinate System: 1001 
Non Existent Coordinate System: 1001 for Node: 80215 
Non Existent Coordinate System: 1001 
Non Existent Coordinate System: 1001 for Node: 80216 
Non Existent Coordinate System: 1001 
Non Existent Coordinate System: 1001 for Node: 80217 
Non Existent Coordinate System: 1001 
Non Existent Coordinate System: 1001 for Node: 80218 
Non Existent Coordinate System: 1001 
Non Existent Coordinate System: 1001 for Node: 80219 
Non Existent Coordinate System: 1001 
Non Existent Coordinate System: 1001 for Node: 80220 
Non Existent Coordinate System: 1001 
Non Existent Coordinate System: 1001 for Node: 80239 
Non Existent Coordinate System: 1001 
Non Existent Coordinate System: 1001 for Node: 80240 
Non Existent Coordinate System: 1001 
Non Existent Coordinate System: 1001 for Node: 80241 
Non Existent Coordinate System: 1001 
Non Existent Coordinate System: 1001 for Node: 80242 
Non Existent Coordinate System: 1001 
Non Existent Coordinate System: 1001 for Node: 80243 
Non Existent Coordinate System: 1001 
Non Existent Coordinate System: 1001 for Node: 80244 
Non Existent Coordinate System: 1001 
Non Existent Coordinate System: 1001 for Node: 80245 
Non Existent Coordinate System: 1001 
Non Existent Coordinate System: 1001 for Node: 80246 
Non Existent Coordinate System: 1001 
Non Existent Coordinate System: 1001 for Node: 80265 
Non Existent Coordinate System: 1001 
Non Existent Coordinate System: 1001 for Node: 80266 
Non Existent Coordinate System: 1001 
Non Existent Coordinate System: 1001 for Node: 80267 
Non Existent Coordinate System: 1001 
Non Existent Coordinate System: 1001 for Node: 80268 
Non Existent Coordinate System: 1001 
Non Existent Coordinate System: 1001 for Node: 80269 
Non Existent Coordinate System: 1001 
Non Existent Coordinate System: 1001 for Node: 80270 
Non Existent Coordinate System: 1001 
Non Existent Coordinate System: 1001 for Node: 80271 
Non Existent Coordinate System: 1001 
Non Existent Coordinate System: 1001 for Node: 80272 
Non Existent Coordinate System: 1001 
Non Existent Coordinate System: 1001 for Node: 80291 
Non Existent Coordinate System: 1001 
Non Existent Coordinate System: 1001 for Node: 80292 
Non Existent Coordinate System: 1001 
Non Existent Coordinate System: 1001 for Node: 80293 
Non Existent Coordinate System: 1001 
Non Existent Coordinate System: 1001 for Node: 80294 
Non Existent Coordinate System: 1001 
Non Existent Coordinate System: 1001 for Node: 80295 
Non Existent Coordinate System: 1001 
Non Existent Coordinate System: 1001 for Node: 80296 
Non Existent Coordinate System: 1001 
Non Existent Coordinate System: 1001 for Node: 80297 
Non Existent Coordinate System: 1001 
Non Existent Coordinate System: 1001 for Node: 80298 
Non Existent Geometry: 2 For Translation of Beam Orientation    - Translation not Performed  
Error: Assignment of Material For Element: 80001 Not Performed 
Error: Assignment of Geometry For Element: 80001 Not Performed 
Error: Assignment of Material For Element: 80002 Not Performed 
Error: Assignment of Geometry For Element: 80002 Not Performed 
Error: Assignment of Material For Element: 80003 Not Performed 
Error: Assignment of Geometry For Element: 80003 Not Performed 
Error: Assignment of Material For Element: 80004 Not Performed 
Error: Assignment of Geometry For Element: 80004 Not Performed 
Error: Assignment of Material For Element: 80005 Not Performed 
Error: Assignment of Geometry For Element: 80005 Not Performed 
Error: Assignment of Material For Element: 80006 Not Performed 
Error: Assignment of Geometry For Element: 80006 Not Performed 
Error: Assignment of Material For Element: 80007 Not Performed 
Error: Assignment of Geometry For Element: 80007 Not Performed 
Error: Assignment of Material For Element: 80008 Not Performed 
Error: Assignment of Geometry For Element: 80008 Not Performed 
Error: Assignment of Material For Element: 80009 Not Performed 
Error: Assignment of Geometry For Element: 80009 Not Performed 
Error: Assignment of Material For Element: 80010 Not Performed 
Error: Assignment of Geometry For Element: 80010 Not Performed 
Error: Assignment of Material For Element: 80011 Not Performed 
Error: Assignment of Geometry For Element: 80011 Not Performed 
Error: Assignment of Material For Element: 80012 Not Performed 
Error: Assignment of Geometry For Element: 80012 Not Performed 
Error: Assignment of Material For Element: 80013 Not Performed 
Error: Assignment of Geometry For Element: 80013 Not Performed 
Error: Assignment of Material For Element: 80014 Not Performed 
Error: Assignment of Geometry For Element: 80014 Not Performed 
Error: Assignment of Material For Element: 80015 Not Performed 
Error: Assignment of Geometry For Element: 80015 Not Performed 
Error: Assignment of Material For Element: 80016 Not Performed 
Error: Assignment of Geometry For Element: 80016 Not Performed 
Error: Assignment of Material For Element: 80017 Not Performed 
Error: Assignment of Geometry For Element: 80017 Not Performed 
Error: Assignment of Material For Element: 80018 Not Performed 
Error: Assignment of Geometry For Element: 80018 Not Performed 
Error: Assignment of Material For Element: 80019 Not Performed 
Error: Assignment of Geometry For Element: 80019 Not Performed 
Error: Assignment of Material For Element: 80020 Not Performed 
Error: Assignment of Geometry For Element: 80020 Not Performed 
Error: Assignment of Material For Element: 80021 Not Performed 
Error: Assignment of Geometry For Element: 80021 Not Performed 
Error: Assignment of Material For Element: 80022 Not Performed 
Error: Assignment of Geometry For Element: 80022 Not Performed 
Error: Assignment of Material For Element: 80023 Not Performed 
Error: Assignment of Geometry For Element: 80023 Not Performed 
Error: Assignment of Material For Element: 80024 Not Performed 
Error: Assignment of Geometry For Element: 80024 Not Performed 
Error: Assignment of Material For Element: 80025 Not Performed 
Error: Assignment of Geometry For Element: 80025 Not Performed 
Error: Assignment of Material For Element: 80026 Not Performed 
Error: Assignment of Geometry For Element: 80026 Not Performed 
Error: Assignment of Material For Element: 80027 Not Performed 
Error: Assignment of Geometry For Element: 80027 Not Performed 
Error: Assignment of Material For Element: 80028 Not Performed 
Error: Assignment of Geometry For Element: 80028 Not Performed 
Error: Assignment of Material For Element: 80029 Not Performed 
Error: Assignment of Geometry For Element: 80029 Not Performed 
Error: Assignment of Material For Element: 80030 Not Performed 
Error: Assignment of Geometry For Element: 80030 Not Performed 
Error: Assignment of Material For Element: 80031 Not Performed 
Error: Assignment of Geometry For Element: 80031 Not Performed 
Error: Assignment of Material For Element: 80032 Not Performed 
Error: Assignment of Geometry For Element: 80032 Not Performed 
Error: Assignment of Material For Element: 80033 Not Performed 
Error: Assignment of Geometry For Element: 80033 Not Performed 
Error: Assignment of Material For Element: 80034 Not Performed 
Error: Assignment of Geometry For Element: 80034 Not Performed 
Error: Assignment of Material For Element: 80035 Not Performed 
Error: Assignment of Geometry For Element: 80035 Not Performed 
Error: Assignment of Material For Element: 80036 Not Performed 
Error: Assignment of Geometry For Element: 80036 Not Performed 
Error: Assignment of Material For Element: 80037 Not Performed 
Error: Assignment of Geometry For Element: 80037 Not Performed 
Error: Assignment of Material For Element: 80038 Not Performed 
Error: Assignment of Geometry For Element: 80038 Not Performed 
Error: Assignment of Material For Element: 80039 Not Performed 
Error: Assignment of Geometry For Element: 80039 Not Performed 
Error: Assignment of Material For Element: 80040 Not Performed 
Error: Assignment of Geometry For Element: 80040 Not Performed 
Error: Assignment of Material For Element: 80041 Not Performed 
Error: Assignment of Geometry For Element: 80041 Not Performed 
Error: Assignment of Material For Element: 80042 Not Performed 
Error: Assignment of Geometry For Element: 80042 Not Performed 
Error: Assignment of Material For Element: 80043 Not Performed 
Error: Assignment of Geometry For Element: 80043 Not Performed 
Error: Assignment of Material For Element: 80044 Not Performed 
Error: Assignment of Geometry For Element: 80044 Not Performed 
Error: Assignment of Material For Element: 80045 Not Performed 
Error: Assignment of Geometry For Element: 80045 Not Performed 
Error: Assignment of Material For Element: 80046 Not Performed 
Error: Assignment of Geometry For Element: 80046 Not Performed 
Error: Assignment of Material For Element: 80047 Not Performed 
Error: Assignment of Geometry For Element: 80047 Not Performed 
Error: Assignment of Material For Element: 80048 Not Performed 
Error: Assignment of Geometry For Element: 80048 Not Performed 
Error: Assignment of Material For Element: 80049 Not Performed 
Error: Assignment of Geometry For Element: 80049 Not Performed 
Error: Assignment of Material For Element: 80050 Not Performed 
Error: Assignment of Geometry For Element: 80050 Not Performed 
Error: Assignment of Material For Element: 80051 Not Performed 
Error: Assignment of Geometry For Element: 80051 Not Performed 
Error: Assignment of Material For Element: 80052 Not Performed 
Error: Assignment of Geometry For Element: 80052 Not Performed 
Error: Assignment of Material For Element: 80053 Not Performed 
Error: Assignment of Geometry For Element: 80053 Not Performed 
Error: Assignment of Material For Element: 80054 Not Performed 
Error: Assignment of Geometry For Element: 80054 Not Performed 
Error: Assignment of Material For Element: 80055 Not Performed 
Error: Assignment of Geometry For Element: 80055 Not Performed 
Error: Assignment of Material For Element: 80056 Not Performed 
Error: Assignment of Geometry For Element: 80056 Not Performed 
Error: Assignment of Material For Element: 80057 Not Performed 
Error: Assignment of Geometry For Element: 80057 Not Performed 
Error: Assignment of Material For Element: 80058 Not Performed 
Error: Assignment of Geometry For Element: 80058 Not Performed 
Error: Assignment of Material For Element: 80059 Not Performed 
Error: Assignment of Geometry For Element: 80059 Not Performed 
Error: Assignment of Material For Element: 80060 Not Performed 
Error: Assignment of Geometry For Element: 80060 Not Performed 
Error: Assignment of Material For Element: 80061 Not Performed 
Error: Assignment of Geometry For Element: 80061 Not Performed 
Error: Assignment of Material For Element: 80062 Not Performed 
Error: Assignment of Geometry For Element: 80062 Not Performed 
Error: Assignment of Material For Element: 80063 Not Performed 
Error: Assignment of Geometry For Element: 80063 Not Performed 
Error: Assignment of Material For Element: 80064 Not Performed 
Error: Assignment of Geometry For Element: 80064 Not Performed 
Error: Assignment of Material For Element: 80065 Not Performed 
Error: Assignment of Geometry For Element: 80065 Not Performed 
Error: Assignment of Material For Element: 80066 Not Performed 
Error: Assignment of Geometry For Element: 80066 Not Performed 
Error: Assignment of Material For Element: 80067 Not Performed 
Error: Assignment of Geometry For Element: 80067 Not Performed 
Error: Assignment of Material For Element: 80068 Not Performed 
Error: Assignment of Geometry For Element: 80068 Not Performed 
Error: Assignment of Material For Element: 80069 Not Performed 
Error: Assignment of Geometry For Element: 80069 Not Performed 
Error: Assignment of Material For Element: 80070 Not Performed 
Error: Assignment of Geometry For Element: 80070 Not Performed 
Error: Assignment of Material For Element: 80071 Not Performed 
Error: Assignment of Geometry For Element: 80071 Not Performed 
Error: Assignment of Material For Element: 80072 Not Performed 
Error: Assignment of Geometry For Element: 80072 Not Performed 
Error: Assignment of Material For Element: 80073 Not Performed 
Error: Assignment of Geometry For Element: 80073 Not Performed 
Error: Assignment of Material For Element: 80074 Not Performed 
Error: Assignment of Geometry For Element: 80074 Not Performed 
Error: Assignment of Material For Element: 80075 Not Performed 
Error: Assignment of Geometry For Element: 80075 Not Performed 
Error: Assignment of Material For Element: 80076 Not Performed 
Error: Assignment of Geometry For Element: 80076 Not Performed 
Error: Assignment of Material For Element: 80077 Not Performed 
Error: Assignment of Geometry For Element: 80077 Not Performed 
Error: Assignment of Material For Element: 80078 Not Performed 
Error: Assignment of Geometry For Element: 80078 Not Performed 
Error: Assignment of Material For Element: 80079 Not Performed 
Error: Assignment of Geometry For Element: 80079 Not Performed 
Error: Assignment of Material For Element: 80080 Not Performed 
Error: Assignment of Geometry For Element: 80080 Not Performed 
Error: Assignment of Material For Element: 80081 Not Performed 
Error: Assignment of Geometry For Element: 80081 Not Performed 
Error: Assignment of Material For Element: 80082 Not Performed 
Error: Assignment of Geometry For Element: 80082 Not Performed 
Error: Assignment of Material For Element: 80083 Not Performed 
Error: Assignment of Geometry For Element: 80083 Not Performed 
Error: Assignment of Material For Element: 80084 Not Performed 
Error: Assignment of Geometry For Element: 80084 Not Performed 
Error: Assignment of Material For Element: 80085 Not Performed 
Error: Assignment of Geometry For Element: 80085 Not Performed 
Error: Assignment of Material For Element: 80086 Not Performed 
Error: Assignment of Geometry For Element: 80086 Not Performed 
Error: Assignment of Material For Element: 80087 Not Performed 
Error: Assignment of Geometry For Element: 80087 Not Performed 
Error: Assignment of Material For Element: 80088 Not Performed 
Error: Assignment of Geometry For Element: 80088 Not Performed 
Error: Assignment of Material For Element: 80089 Not Performed 
Error: Assignment of Geometry For Element: 80089 Not Performed 
Error: Assignment of Material For Element: 80090 Not Performed 
Error: Assignment of Geometry For Element: 80090 Not Performed 
Error: Assignment of Material For Element: 80091 Not Performed 
Error: Assignment of Geometry For Element: 80091 Not Performed 
Error: Assignment of Material For Element: 80092 Not Performed 
Error: Assignment of Geometry For Element: 80092 Not Performed 
Error: Assignment of Material For Element: 80093 Not Performed 
Error: Assignment of Geometry For Element: 80093 Not Performed 
Error: Assignment of Material For Element: 80094 Not Performed 
Error: Assignment of Geometry For Element: 80094 Not Performed 
Error: Assignment of Material For Element: 80095 Not Performed 
Error: Assignment of Geometry For Element: 80095 Not Performed 
Error: Assignment of Material For Element: 80096 Not Performed 
Error: Assignment of Geometry For Element: 80096 Not Performed 
Error: Assignment of Material For Element: 80097 Not Performed 
Error: Assignment of Geometry For Element: 80097 Not Performed 
Error: Assignment of Material For Element: 80098 Not Performed 
Error: Assignment of Geometry For Element: 80098 Not Performed 
Error: Assignment of Material For Element: 80099 Not Performed 
Error: Assignment of Geometry For Element: 80099 Not Performed 
Error: Assignment of Material For Element: 80100 Not Performed 
Error: Assignment of Geometry For Element: 80100 Not Performed 
Error: Assignment of Material For Element: 80101 Not Performed 
Error: Assignment of Geometry For Element: 80101 Not Performed 
Error: Assignment of Material For Element: 80102 Not Performed 
Error: Assignment of Geometry For Element: 80102 Not Performed 
Error: Assignment of Material For Element: 80103 Not Performed 
Error: Assignment of Geometry For Element: 80103 Not Performed 
Error: Assignment of Material For Element: 80104 Not Performed 
Error: Assignment of Geometry For Element: 80104 Not Performed 
Error: Assignment of Material For Element: 80105 Not Performed 
Error: Assignment of Geometry For Element: 80105 Not Performed 
Error: Assignment of Material For Element: 80106 Not Performed 
Error: Assignment of Geometry For Element: 80106 Not Performed 
Error: Assignment of Material For Element: 80107 Not Performed 
Error: Assignment of Geometry For Element: 80107 Not Performed 
Error: Assignment of Material For Element: 80108 Not Performed 
Error: Assignment of Geometry For Element: 80108 Not Performed 
Error: Assignment of Material For Element: 80109 Not Performed 
Error: Assignment of Geometry For Element: 80109 Not Performed 
Error: Assignment of Material For Element: 80110 Not Performed 
Error: Assignment of Geometry For Element: 80110 Not Performed 
Error: Assignment of Material For Element: 80111 Not Performed 
Error: Assignment of Geometry For Element: 80111 Not Performed 
Error: Assignment of Material For Element: 80112 Not Performed 
Error: Assignment of Geometry For Element: 80112 Not Performed 
Error: Assignment of Material For Element: 80113 Not Performed 
Error: Assignment of Geometry For Element: 80113 Not Performed 
Error: Assignment of Material For Element: 80114 Not Performed 
Error: Assignment of Geometry For Element: 80114 Not Performed 
Error: Assignment of Material For Element: 80115 Not Performed 
Error: Assignment of Geometry For Element: 80115 Not Performed 
Error: Assignment of Material For Element: 80116 Not Performed 
Error: Assignment of Geometry For Element: 80116 Not Performed 
Error: Assignment of Material For Element: 80117 Not Performed 
Error: Assignment of Geometry For Element: 80117 Not Performed 
Error: Assignment of Material For Element: 80118 Not Performed 
Error: Assignment of Geometry For Element: 80118 Not Performed 
Error: Assignment of Material For Element: 80119 Not Performed 
Error: Assignment of Geometry For Element: 80119 Not Performed 
Error: Assignment of Material For Element: 80120 Not Performed 
Error: Assignment of Geometry For Element: 80120 Not Performed 
Error: Assignment of Material For Element: 80121 Not Performed 
Error: Assignment of Geometry For Element: 80121 Not Performed 
Error: Assignment of Material For Element: 80122 Not Performed 
Error: Assignment of Geometry For Element: 80122 Not Performed 
Error: Assignment of Material For Element: 80123 Not Performed 
Error: Assignment of Geometry For Element: 80123 Not Performed 
Error: Assignment of Material For Element: 80124 Not Performed 
Error: Assignment of Geometry For Element: 80124 Not Performed 
Error: Assignment of Material For Element: 80125 Not Performed 
Error: Assignment of Geometry For Element: 80125 Not Performed 
Error: Assignment of Material For Element: 80126 Not Performed 
Error: Assignment of Geometry For Element: 80126 Not Performed 
Error: Assignment of Material For Element: 80127 Not Performed 
Error: Assignment of Geometry For Element: 80127 Not Performed 
Error: Assignment of Material For Element: 80128 Not Performed 
Error: Assignment of Geometry For Element: 80128 Not Performed 
Error: Assignment of Material For Element: 80129 Not Performed 
Error: Assignment of Geometry For Element: 80129 Not Performed 
Error: Assignment of Material For Element: 80130 Not Performed 
Error: Assignment of Geometry For Element: 80130 Not Performed 
Error: Assignment of Material For Element: 80131 Not Performed 
Error: Assignment of Geometry For Element: 80131 Not Performed 
Error: Assignment of Material For Element: 80132 Not Performed 
Error: Assignment of Geometry For Element: 80132 Not Performed 
Error: Assignment of Material For Element: 80133 Not Performed 
Error: Assignment of Geometry For Element: 80133 Not Performed 
Error: Assignment of Material For Element: 80134 Not Performed 
Error: Assignment of Geometry For Element: 80134 Not Performed 
Error: Assignment of Material For Element: 80135 Not Performed 
Error: Assignment of Geometry For Element: 80135 Not Performed 
Error: Assignment of Material For Element: 80136 Not Performed 
Error: Assignment of Geometry For Element: 80136 Not Performed 
Error: Assignment of Material For Element: 80137 Not Performed 
Error: Assignment of Geometry For Element: 80137 Not Performed 
Error: Assignment of Material For Element: 80138 Not Performed 
Error: Assignment of Geometry For Element: 80138 Not Performed 
Error: Assignment of Material For Element: 80139 Not Performed 
Error: Assignment of Geometry For Element: 80139 Not Performed 
Error: Assignment of Material For Element: 80140 Not Performed 
Error: Assignment of Geometry For Element: 80140 Not Performed 
Error: Assignment of Material For Element: 80141 Not Performed 
Error: Assignment of Geometry For Element: 80141 Not Performed 
Error: Assignment of Material For Element: 80142 Not Performed 
Error: Assignment of Geometry For Element: 80142 Not Performed 
Error: Assignment of Material For Element: 80143 Not Performed 
Error: Assignment of Geometry For Element: 80143 Not Performed 
Error: Assignment of Material For Element: 80144 Not Performed 
Error: Assignment of Geometry For Element: 80144 Not Performed 
Error: Assignment of Material For Element: 80145 Not Performed 
Error: Assignment of Geometry For Element: 80145 Not Performed 
Error: Assignment of Material For Element: 80146 Not Performed 
Error: Assignment of Geometry For Element: 80146 Not Performed 
Error: Assignment of Material For Element: 80147 Not Performed 
Error: Assignment of Geometry For Element: 80147 Not Performed 
Error: Assignment of Material For Element: 80148 Not Performed 
Error: Assignment of Geometry For Element: 80148 Not Performed 
Error: Assignment of Material For Element: 80149 Not Performed 
Error: Assignment of Geometry For Element: 80149 Not Performed 
Error: Assignment of Material For Element: 80150 Not Performed 
Error: Assignment of Geometry For Element: 80150 Not Performed 
Error: Assignment of Material For Element: 80151 Not Performed 
Error: Assignment of Geometry For Element: 80151 Not Performed 
Error: Assignment of Material For Element: 80152 Not Performed 
Error: Assignment of Geometry For Element: 80152 Not Performed 
Error: Assignment of Material For Element: 80153 Not Performed 
Error: Assignment of Geometry For Element: 80153 Not Performed 
Error: Assignment of Material For Element: 80154 Not Performed 
Error: Assignment of Geometry For Element: 80154 Not Performed 
Error: Assignment of Material For Element: 80155 Not Performed 
Error: Assignment of Geometry For Element: 80155 Not Performed 
Error: Assignment of Material For Element: 80156 Not Performed 
Error: Assignment of Geometry For Element: 80156 Not Performed 
Error: Assignment of Material For Element: 80157 Not Performed 
Error: Assignment of Geometry For Element: 80157 Not Performed 
Error: Assignment of Material For Element: 80158 Not Performed 
Error: Assignment of Geometry For Element: 80158 Not Performed 
Error: Assignment of Material For Element: 80159 Not Performed 
Error: Assignment of Geometry For Element: 80159 Not Performed 
Error: Assignment of Material For Element: 80160 Not Performed 
Error: Assignment of Geometry For Element: 80160 Not Performed 
Error: Assignment of Material For Element: 80161 Not Performed 
Error: Assignment of Geometry For Element: 80161 Not Performed 
Error: Assignment of Material For Element: 80162 Not Performed 
Error: Assignment of Geometry For Element: 80162 Not Performed 
Error: Assignment of Material For Element: 80163 Not Performed 
Error: Assignment of Geometry For Element: 80163 Not Performed 
Error: Assignment of Material For Element: 80164 Not Performed 
Error: Assignment of Geometry For Element: 80164 Not Performed 
Error: Assignment of Material For Element: 80165 Not Performed 
Error: Assignment of Geometry For Element: 80165 Not Performed 
Error: Assignment of Material For Element: 80166 Not Performed 
Error: Assignment of Geometry For Element: 80166 Not Performed 
Error: Assignment of Material For Element: 80167 Not Performed 
Error: Assignment of Geometry For Element: 80167 Not Performed 
Error: Assignment of Material For Element: 80168 Not Performed 
Error: Assignment of Geometry For Element: 80168 Not Performed 
Error: Assignment of Material For Element: 80169 Not Performed 
Error: Assignment of Geometry For Element: 80169 Not Performed 
Error: Assignment of Material For Element: 80170 Not Performed 
Error: Assignment of Geometry For Element: 80170 Not Performed 
Error: Assignment of Material For Element: 80171 Not Performed 
Error: Assignment of Geometry For Element: 80171 Not Performed 
Error: Assignment of Material For Element: 80172 Not Performed 
Error: Assignment of Geometry For Element: 80172 Not Performed 
Error: Assignment of Material For Element: 80173 Not Performed 
Error: Assignment of Geometry For Element: 80173 Not Performed 
Error: Assignment of Material For Element: 80174 Not Performed 
Error: Assignment of Geometry For Element: 80174 Not Performed 
Error: Assignment of Material For Element: 80175 Not Performed 
Error: Assignment of Geometry For Element: 80175 Not Performed 
Error: Assignment of Material For Element: 80176 Not Performed 
Error: Assignment of Geometry For Element: 80176 Not Performed 
Error: Assignment of Material For Element: 80177 Not Performed 
Error: Assignment of Geometry For Element: 80177 Not Performed 
Error: Assignment of Material For Element: 80178 Not Performed 
Error: Assignment of Geometry For Element: 80178 Not Performed 
Error: Assignment of Material For Element: 80179 Not Performed 
Error: Assignment of Geometry For Element: 80179 Not Performed 
Error: Assignment of Material For Element: 80180 Not Performed 
Error: Assignment of Geometry For Element: 80180 Not Performed 
Error: Assignment of Material For Element: 80181 Not Performed 
Error: Assignment of Geometry For Element: 80181 Not Performed 
Error: Assignment of Material For Element: 80182 Not Performed 
Error: Assignment of Geometry For Element: 80182 Not Performed 
Error: Assignment of Material For Element: 80183 Not Performed 
Error: Assignment of Geometry For Element: 80183 Not Performed 
Error: Assignment of Material For Element: 80184 Not Performed 
Error: Assignment of Geometry For Element: 80184 Not Performed 
Error: Assignment of Material For Element: 80185 Not Performed 
Error: Assignment of Geometry For Element: 80185 Not Performed 
Error: Assignment of Material For Element: 80186 Not Performed 
Error: Assignment of Geometry For Element: 80186 Not Performed 
Error: Assignment of Material For Element: 80187 Not Performed 
Error: Assignment of Geometry For Element: 80187 Not Performed 
Error: Assignment of Material For Element: 80188 Not Performed 
Error: Assignment of Geometry For Element: 80188 Not Performed 
Error: Assignment of Material For Element: 80189 Not Performed 
Error: Assignment of Geometry For Element: 80189 Not Performed 
Error: Assignment of Material For Element: 80190 Not Performed 
Error: Assignment of Geometry For Element: 80190 Not Performed 
Error: Assignment of Material For Element: 80191 Not Performed 
Error: Assignment of Geometry For Element: 80191 Not Performed 
Error: Assignment of Material For Element: 80192 Not Performed 
Error: Assignment of Geometry For Element: 80192 Not Performed 
Error: Assignment of Material For Element: 80193 Not Performed 
Error: Assignment of Geometry For Element: 80193 Not Performed 
Error: Assignment of Material For Element: 80194 Not Performed 
Error: Assignment of Geometry For Element: 80194 Not Performed 
Error: Assignment of Material For Element: 80195 Not Performed 
Error: Assignment of Geometry For Element: 80195 Not Performed 
Error: Assignment of Material For Element: 80196 Not Performed 
Error: Assignment of Geometry For Element: 80196 Not Performed 
Error: Assignment of Material For Element: 80197 Not Performed 
Error: Assignment of Geometry For Element: 80197 Not Performed 
Error: Assignment of Material For Element: 80198 Not Performed 
Error: Assignment of Geometry For Element: 80198 Not Performed 
Error: Assignment of Material For Element: 80199 Not Performed 
Error: Assignment of Geometry For Element: 80199 Not Performed 
Error: Assignment of Material For Element: 80200 Not Performed 
Error: Assignment of Geometry For Element: 80200 Not Performed 
Error: Assignment of Material For Element: 80201 Not Performed 
Error: Assignment of Geometry For Element: 80201 Not Performed 
Error: Assignment of Material For Element: 80202 Not Performed 
Error: Assignment of Geometry For Element: 80202 Not Performed 
Error: Assignment of Material For Element: 80203 Not Performed 
Error: Assignment of Geometry For Element: 80203 Not Performed 
Error: Assignment of Material For Element: 80204 Not Performed 
Error: Assignment of Geometry For Element: 80204 Not Performed 
Error: Assignment of Material For Element: 80205 Not Performed 
Error: Assignment of Geometry For Element: 80205 Not Performed 
Error: Assignment of Material For Element: 80206 Not Performed 
Error: Assignment of Geometry For Element: 80206 Not Performed 
Error: Assignment of Material For Element: 80207 Not Performed 
Error: Assignment of Geometry For Element: 80207 Not Performed 
Error: Assignment of Material For Element: 80208 Not Performed 
Error: Assignment of Geometry For Element: 80208 Not Performed 
Error: Assignment of Material For Element: 80209 Not Performed 
Error: Assignment of Geometry For Element: 80209 Not Performed 
Error: Assignment of Material For Element: 80210 Not Performed 
Error: Assignment of Geometry For Element: 80210 Not Performed 
Error: Assignment of Material For Element: 80211 Not Performed 
Error: Assignment of Geometry For Element: 80211 Not Performed 
Error: Assignment of Material For Element: 80212 Not Performed 
Error: Assignment of Geometry For Element: 80212 Not Performed 
Error: Assignment of Material For Element: 80213 Not Performed 
Error: Assignment of Geometry For Element: 80213 Not Performed 
Error: Assignment of Material For Element: 80214 Not Performed 
Error: Assignment of Geometry For Element: 80214 Not Performed 
Error: Assignment of Material For Element: 80215 Not Performed 
Error: Assignment of Geometry For Element: 80215 Not Performed 
Error: Assignment of Material For Element: 80216 Not Performed 
Error: Assignment of Geometry For Element: 80216 Not Performed 
Error: Assignment of Material For Element: 80217 Not Performed 
Error: Assignment of Geometry For Element: 80217 Not Performed 
Error: Assignment of Material For Element: 80218 Not Performed 
Error: Assignment of Geometry For Element: 80218 Not Performed 
Error: Assignment of Material For Element: 80219 Not Performed 
Error: Assignment of Geometry For Element: 80219 Not Performed 
Error: Assignment of Material For Element: 80220 Not Performed 
Error: Assignment of Geometry For Element: 80220 Not Performed 
Error: Assignment of Material For Element: 80221 Not Performed 
Error: Assignment of Geometry For Element: 80221 Not Performed 
Error: Assignment of Material For Element: 80222 Not Performed 
Error: Assignment of Geometry For Element: 80222 Not Performed 
Error: Assignment of Material For Element: 80223 Not Performed 
Error: Assignment of Geometry For Element: 80223 Not Performed 
Error: Assignment of Material For Element: 80224 Not Performed 
Error: Assignment of Geometry For Element: 80224 Not Performed



 /---------------------------------------------------------------------\
|                                                                       |
| For requesting an enhancement or reporting a bug, please contact      |
| MSC Software support: http://support.mscsoftware.com/servicerequest   |
|                                                                       |
 \---------------------------------------------------------------------/