 /---------------------------------------------------------------------\
|                                                                       |
|   Log  of Translation of Nastran *bdf File Into Mentat *mfd/mud File  |
|                                                                       |
 \---------------------------------------------------------------------/



 /---------------------------------------------------------------------\
|                            Parsing                                    |
 \---------------------------------------------------------------------/



 /---------------------------------------------------------------------\
|                            Parsing Summary                            |
 \---------------------------------------------------------------------/

           Total Number of Lines in Input File:              9
           Total Number of Unrecognized Cards in Input File: 0
           Total Number of Unsupported  Cards in Input File: 0



 /---------------------------------------------------------------------\
|                       NASTRAN Model Summary                           |
|          use grep -c CARD_NAME to check Parsing Summary               |
 \---------------------------------------------------------------------/

|-----------------------------------------------------------------------|
|                LOAD CASE SECTION PARSED COUNTS SUMMARY                |
|-----------------------------------------------------------------------|


|-----------------------------------------------------------------------|
|                BULK DATA SECTION PARSED COUNTS SUMMARY                |
|-----------------------------------------------------------------------|

                              RBE2     :                     6


 /---------------------------------------------------------------------\
|                            Translation                                |
 \---------------------------------------------------------------------/
 
Non Existent Ref Node: 85003 For Rbe2: 89050 - Translation not Performed  
Non Existent Node: 71212 For MPC: 89050 - Translation not Performed  
Non Existent Ref Node: 85001 For Rbe2: 89100 - Translation not Performed  
Non Existent Node: 71209 For MPC: 89100 - Translation not Performed  
Non Existent Ref Node: 85002 For Rbe2: 89150 - Translation not Performed  
Non Existent Node: 71215 For MPC: 89150 - Translation not Performed  
Non Existent Ref Node: 85005 For Rbe2: 89200 - Translation not Performed  
Non Existent Node: 85070 For MPC: 89200 - Translation not Performed  
Non Existent Ref Node: 85006 For Rbe2: 89250 - Translation not Performed  
Non Existent Node: 85007 For MPC: 89250 - Translation not Performed  
Non Existent Ref Node: 85004 For Rbe2: 89300 - Translation not Performed  
Non Existent Node: 85028 For MPC: 89300 - Translation not Performed 



 /---------------------------------------------------------------------\
|                                                                       |
| For requesting an enhancement or reporting a bug, please contact      |
| MSC Software support: http://support.mscsoftware.com/servicerequest   |
|                                                                       |
 \---------------------------------------------------------------------/