 /---------------------------------------------------------------------\
|                                                                       |
|   Log  of Translation of Nastran *bdf File Into Mentat *mfd/mud File  |
|                                                                       |
 \---------------------------------------------------------------------/



 /---------------------------------------------------------------------\
|                            Parsing                                    |
 \---------------------------------------------------------------------/



 /---------------------------------------------------------------------\
|                            Parsing Summary                            |
 \---------------------------------------------------------------------/

           Total Number of Lines in Input File:              16
           Total Number of Unrecognized Cards in Input File: 0
           Total Number of Unsupported  Cards in Input File: 0



 /---------------------------------------------------------------------\
|                       NASTRAN Model Summary                           |
|          use grep -c CARD_NAME to check Parsing Summary               |
 \---------------------------------------------------------------------/

|-----------------------------------------------------------------------|
|                LOAD CASE SECTION PARSED COUNTS SUMMARY                |
|-----------------------------------------------------------------------|


|-----------------------------------------------------------------------|
|                BULK DATA SECTION PARSED COUNTS SUMMARY                |
|-----------------------------------------------------------------------|

                              PBARL    :                     4
                              PCOMPG   :                     1
                              PSHELL   :                     2
                              PSOLID   :                     6


 /---------------------------------------------------------------------\
|                            Translation                                |
 \---------------------------------------------------------------------/

Error: Missing Material 10000 from Composite 6, Layer 17, Ply ID 3008
Error: Missing Material 10000 from Composite 6, Layer 16, Ply ID 3007
Error: Missing Material 10000 from Composite 6, Layer 15, Ply ID 3006
Error: Missing Material 10000 from Composite 6, Layer 14, Ply ID 3005
Error: Missing Material 10000 from Composite 6, Layer 13, Ply ID 3004
Error: Missing Material 10000 from Composite 6, Layer 12, Ply ID 3003
Error: Missing Material 10000 from Composite 6, Layer 11, Ply ID 3002
Error: Missing Material 10000 from Composite 6, Layer 10, Ply ID 3001
Error: Missing Material 4 from Composite 6, Layer 9, Ply ID 100
Error: Missing Material 10000 from Composite 6, Layer 8, Ply ID 2001
Error: Missing Material 10000 from Composite 6, Layer 7, Ply ID 2002
Error: Missing Material 10000 from Composite 6, Layer 6, Ply ID 2003
Error: Missing Material 10000 from Composite 6, Layer 5, Ply ID 2004
Error: Missing Material 10000 from Composite 6, Layer 4, Ply ID 2005
Error: Missing Material 10000 from Composite 6, Layer 3, Ply ID 2006
Error: Missing Material 10000 from Composite 6, Layer 2, Ply ID 2007
Error: Missing Material 10000 from Composite 6, Layer 1, Ply ID 2008
Warning: PSHELL Property - Only Thickness supported
Warning: PSHELL Property - Only Thickness supported



 /---------------------------------------------------------------------\
|                                                                       |
| For requesting an enhancement or reporting a bug, please contact      |
| MSC Software support: http://support.mscsoftware.com/servicerequest   |
|                                                                       |
 \---------------------------------------------------------------------/