 /---------------------------------------------------------------------\
|                                                                       |
|   Log  of Translation of Nastran *bdf File Into Mentat *mfd/mud File  |
|                                                                       |
 \---------------------------------------------------------------------/



 /---------------------------------------------------------------------\
|                            Parsing                                    |
 \---------------------------------------------------------------------/



 /---------------------------------------------------------------------\
|                            Parsing Summary                            |
 \---------------------------------------------------------------------/

           Total Number of Lines in Input File:              12
           Total Number of Unrecognized Cards in Input File: 0
           Total Number of Unsupported  Cards in Input File: 0



 /---------------------------------------------------------------------\
|                       NASTRAN Model Summary                           |
|          use grep -c CARD_NAME to check Parsing Summary               |
 \---------------------------------------------------------------------/

|-----------------------------------------------------------------------|
|                LOAD CASE SECTION PARSED COUNTS SUMMARY                |
|-----------------------------------------------------------------------|


|-----------------------------------------------------------------------|
|                BULK DATA SECTION PARSED COUNTS SUMMARY                |
|-----------------------------------------------------------------------|

                              MAT1     :                     4
                              MAT8     :                     3
                              MAT9     :                     2


 /---------------------------------------------------------------------\
|                            Translation                                |
 \---------------------------------------------------------------------/




 /---------------------------------------------------------------------\
|                                                                       |
| For requesting an enhancement or reporting a bug, please contact      |
| MSC Software support: http://support.mscsoftware.com/servicerequest   |
|                                                                       |
 \---------------------------------------------------------------------/