 /---------------------------------------------------------------------\
|                                                                       |
|   Log  of Translation of Nastran *bdf File Into Mentat *mfd/mud File  |
|                                                                       |
 \---------------------------------------------------------------------/



 /---------------------------------------------------------------------\
|                            Parsing                                    |
 \---------------------------------------------------------------------/



 /---------------------------------------------------------------------\
|                            Parsing Summary                            |
 \---------------------------------------------------------------------/

           Total Number of Lines in Input File:              14
           Total Number of Unrecognized Cards in Input File: 0
           Total Number of Unsupported  Cards in Input File: 0



 /---------------------------------------------------------------------\
|                       NASTRAN Model Summary                           |
|          use grep -c CARD_NAME to check Parsing Summary               |
 \---------------------------------------------------------------------/

|-----------------------------------------------------------------------|
|                LOAD CASE SECTION PARSED COUNTS SUMMARY                |
|-----------------------------------------------------------------------|


|-----------------------------------------------------------------------|
|                BULK DATA SECTION PARSED COUNTS SUMMARY                |
|-----------------------------------------------------------------------|

                              CELAS2   :                     6
                              GRID     :                     2
                              RBE3     :                     1
                              SPC1     :                     1
                              SPCADD   :                     1


 /---------------------------------------------------------------------\
|                            Translation                                |
 \---------------------------------------------------------------------/
 
Non Existent Coordinate System: 1001 
Non Existent Coordinate System: 1001 
Non Existent Node: 80219 For Rbe3: 500001 - Translation not Performed 



 /---------------------------------------------------------------------\
|                                                                       |
| For requesting an enhancement or reporting a bug, please contact      |
| MSC Software support: http://support.mscsoftware.com/servicerequest   |
|                                                                       |
 \---------------------------------------------------------------------/