 *** BEGIN MESSAGE ECHO (NIFIMP) 


 *** END MESSAGE ECHO (NIFIMP) 

Beginning Analysis

 *** START OF CONTROL FILE ECHO ***
 $ sysfield=SCR*(RAW=YES,BUFFIO=YES,wnum=16,wsize=16mb) $(c:/program files/msc.software/napa_se/2020/patran/mscnastran_files/20200/servermode/conf/nast20200.rcf[2])
 $ sysfield=DBALL(RAW=YES,BUFFIO=YES,wnum=16,wsize=16mb) $(c:/program files/msc.software/napa_se/2020/patran/mscnastran_files/20200/servermode/conf/nast20200.rcf[3])
 $sdir=C:\SCRATCH $(c:/program files/msc.software/napa_se/2020/patran/mscnastran_files/20200/servermode/conf/nast20200.rcf[8])
 Nastran SYSTEM(444)=6 $([5])
 JID='c:/users/vajravel/desktop/eethalview/other_files/model/loads/force1_pan_pz_222220440.bdf'
 OUT='./force1_pan_pz_222220440'
 MEM=740MB      $
 MACH='AMD'
 OPER='Windows 10 Enterprise'
 OSV='6.2 9200'
 MODEL='AMD PRO A10-8730B R5, 10 COMPU (ZZvajravel02)'
 CONFIG=15
 NPROC=4
 symbol=DELDIR='c:/program files/msc.software/napa_se/2020/patran/mscnastran_files/20200/servermode/msc20200/nast/del' $(program default)
 symbol=DEMODIR='c:/program files/msc.software/napa_se/2020/patran/mscnastran_files/20200/servermode/msc20200/nast/demo' $(program default)
 symbol=MKL_INTERFACE_LAYER=ILP64 $(c:/program files/msc.software/napa_se/2020/patran/mscnastran_files/20200/servermode/conf/nast20200.rcf[1])
 symbol=SSSALTERDIR='c:/program files/msc.software/napa_se/2020/patran/mscnastran_files/20200/servermode/msc20200/nast/sssalter' $(program default)
 symbol=TPLDIR='c:/program files/msc.software/napa_se/2020/patran/mscnastran_files/20200/servermode/msc20200/nast/tpl' $(program default)
 symbol=VENDBLASLIB=MSCblas.dll $(command line[7])
 SDIR='c:/users/vajravel/appdata/local/temp/force1_pan_pz_222220440.T15148_2'
 DBS='./force1_pan_pz_222220440'
 SCR='no'
 SMEM=100
 BPOOL=150
 NEWDEL='c:/program files/msc.software/napa_se/2020/patran/mscnastran_files/20200/servermode/msc20200/win64i4/SSS'
 DEL='MSCDEF'
 AUTH='EDU'
 AUTHQUE=20
 MSGCAT='c:/program files/msc.software/napa_se/2020/patran/mscnastran_files/20200/servermode/msc20200/win64i4/analysis.msg'
 MSGDEST='f06'
 *** END OF CONTROL FILE ECHO ***

1
 
 
 
 
                      Warning: This computer program is protected by copyright law and international treaties.       
                  Unauthorized use, reproduction or distribution of this computer program, or any portion of it, may 
                                          result in severe civil and criminal penalties.                             
                         Copyright (C) 2020 MSC Software Corporation and its licensors. All rights reserved.         
 
 
                                              * * * * * * * * * * * * * * * * * * * *
                                              * * * * * * * * * * * * * * * * * * * *
                                              * *                                 * *
                                              * *           MSC Software          * *
                                              * *               CORP              * *
                                              * *                                 * *
                                              * *      M S C   N a s t r a n      * *
                                              * *                                 * *
                                              * *                                 * *
                                              * *                                 * *
                                              * *     Version 2020SP1-CL749017    * *
                                              * *                                 * *
                                              * *                                 * *
                                              * *                                 * *
                                              * *          AUG  6, 2020           * *
                                              * *                                 * *
                                              * *               AMD               * *
                                              * *MODEL AMD PRO A10-8730B R5, 10 C * *
                                              * * Windows 10 Enterprise 6.2 9200  * *
                                              * *        Compiled for 8664        * *
                                              * *                                 * *
                                              * * * * * * * * * * * * * * * * * * * *
                                              * * * * * * * * * * * * * * * * * * * *
 *** USER WARNING MESSAGE 333 (GETLIN)
     THE BEGIN BULK STATEMENT IS MISSING. A BEGIN BULK STATEMENT WILL BE INSERTED BY THE PROGRAM
1                                                                             APRIL   4, 2021  MSC Nastran  8/ 6/20   PAGE     1
                                                                                                                                    
0        N A S T R A N    F I L E    A N D    S Y S T E M    P A R A M E T E R    E C H O                                           
0                                                                                                                                   
                                                                                                                                    
                                                                                                                                    
     $ SYSFIELD=SCR*(RAW=YES,BUFFIO=YES,WNUM=16,WSIZE=16MB) $(C:/PROGRAM FILES/MSC.SO
     $ SYSFIELD=DBALL(RAW=YES,BUFFIO=YES,WNUM=16,WSIZE=16MB) $(C:/PROGRAM FILES/MSC.S
     $SDIR=C:\SCRATCH $(C:/PROGRAM FILES/MSC.SOFTWARE/NAPA_SE/2020/PATRAN/MSCNASTRAN_
     NASTRAN SYSTEM(444)=6 $([5])                                                    
     $                                                                               
     $ ORIGINAL INPUT FILE: C:\USERS\VAJRAVEL\DESKTOP\EETHALVIEW\OTHER_FILES\MODEL\LO
     $                                                                               
     NASTRAN  SYSTEM(316)=5 SYSTEM(357)=0 SYSTEM(732)=1                              
     INIT MASTER, LOGICAL=(MASTER(300000))                                           
1                                                                             APRIL   4, 2021  MSC Nastran  8/ 6/20   PAGE     2
                                                                                                                                    
0        N A S T R A N    E X E C U T I V E    C O N T R O L    E C H O                                                             
0                                                                                                                                   
                                                                                                                                    
                                                                                                                                    
     SOL NIFIMP3                                                                             
     COMPILE NIFIMP3 NOLIST                                                                  
     (SEE NASTRAN SOURCE PROGRAM COMPILATION FOR LISTING OF DMAP SEQUENCE)
     END $ NIFIMP                                                                            
     ALTER 'IFP1 .*/ICASECC.*' (1), 'IFP1 .*/ICASECC.*' (1) $                                
     IFP1     /ICASECC,IPCDB,IXYCDB,IPOSTCDB,IFORCE,,,                                       
              /S,N,NOGOIFP1/// $                                                             
     CEND                                                                                    
1   PATRAN NIFIMP BDF READER - TITLE                                          APRIL   4, 2021  MSC Nastran  8/ 6/20   PAGE     3
                                                                                                                                    
0                                                                                                                                   
0                                        C A S E    C O N T R O L    E C H O                                                        
                 COMMAND                                                                                                            
                 COUNT                                                                                                              
                  1      TITLE=PATRAN NIFIMP BDF READER - TITLE                                                  
                  2      ECHO = NONE                                                                             
                  3      BEGIN BULK $ GENERATED BY GETLIN                                                        
 *** USER WARNING MESSAGE 112 (SCA.MDSolver.Obj.InputFile:InputFile::read)
The include directory C:\Program Files\MSC.Software\NaPa_SE\2020\Patran\mscnastran_files\20200\servermode\msc20200\\nast\\tpl\include is not readable.
 *** USER WARNING MESSAGE 112 (SCA.MDSolver.Obj.InputFile:InputFile::read)
The include directory C:\Program Files\MSC.Software\NaPa_SE\2020\Patran\mscnastran_files\20200\servermode\msc20200\\nast\\tpl\include is not readable.

*** USER WARNING MESSAGE (fn: GETLIN)
    The BEGIN BULK statement is missing.
1   PATRAN NIFIMP BDF READER - TITLE                                          APRIL   4, 2021  MSC Nastran  8/ 6/20   PAGE     4
                                                                                                                                    
0                                                                                                                                   
                                        M O D E L   S U M M A R Y          BULK = 0
                                   ENTRY NAME        NUMBER OF ENTRIES
                                   ----------        -----------------
                                        FORCE                     1217

 ^^^     
 ^^^ >>> IFP OPERATIONS COMPLETE <<< 
 ^^^     
