 /---------------------------------------------------------------------\
|                                                                       |
|   Log  of Translation of Nastran *bdf File Into Mentat *mfd/mud File  |
|                                                                       |
 \---------------------------------------------------------------------/



 /---------------------------------------------------------------------\
|                            Parsing                                    |
 \---------------------------------------------------------------------/



 /---------------------------------------------------------------------\
|                            Parsing Summary                            |
 \---------------------------------------------------------------------/

           Total Number of Lines in Input File:              1217
           Total Number of Unrecognized Cards in Input File: 0
           Total Number of Unsupported  Cards in Input File: 0



 /---------------------------------------------------------------------\
|                       NASTRAN Model Summary                           |
|          use grep -c CARD_NAME to check Parsing Summary               |
 \---------------------------------------------------------------------/

|-----------------------------------------------------------------------|
|                LOAD CASE SECTION PARSED COUNTS SUMMARY                |
|-----------------------------------------------------------------------|


|-----------------------------------------------------------------------|
|                BULK DATA SECTION PARSED COUNTS SUMMARY                |
|-----------------------------------------------------------------------|

                              FORCE    :                  1217


 /---------------------------------------------------------------------\
|                            Translation                                |
 \---------------------------------------------------------------------/
 
FORCE: Node: 70001 does not exist in the Input File 
FORCE: Node: 70002 does not exist in the Input File 
FORCE: Node: 70003 does not exist in the Input File 
FORCE: Node: 70004 does not exist in the Input File 
FORCE: Node: 70005 does not exist in the Input File 
FORCE: Node: 70006 does not exist in the Input File 
FORCE: Node: 70007 does not exist in the Input File 
FORCE: Node: 70008 does not exist in the Input File 
FORCE: Node: 70009 does not exist in the Input File 
FORCE: Node: 70010 does not exist in the Input File 
FORCE: Node: 70011 does not exist in the Input File 
FORCE: Node: 70012 does not exist in the Input File 
FORCE: Node: 70013 does not exist in the Input File 
FORCE: Node: 70014 does not exist in the Input File 
FORCE: Node: 70015 does not exist in the Input File 
FORCE: Node: 70016 does not exist in the Input File 
FORCE: Node: 70017 does not exist in the Input File 
FORCE: Node: 70018 does not exist in the Input File 
FORCE: Node: 70019 does not exist in the Input File 
FORCE: Node: 70020 does not exist in the Input File 
FORCE: Node: 70021 does not exist in the Input File 
FORCE: Node: 70022 does not exist in the Input File 
FORCE: Node: 70023 does not exist in the Input File 
FORCE: Node: 70024 does not exist in the Input File 
FORCE: Node: 70025 does not exist in the Input File 
FORCE: Node: 70026 does not exist in the Input File 
FORCE: Node: 70027 does not exist in the Input File 
FORCE: Node: 70028 does not exist in the Input File 
FORCE: Node: 70029 does not exist in the Input File 
FORCE: Node: 70030 does not exist in the Input File 
FORCE: Node: 70031 does not exist in the Input File 
FORCE: Node: 70032 does not exist in the Input File 
FORCE: Node: 70033 does not exist in the Input File 
FORCE: Node: 70034 does not exist in the Input File 
FORCE: Node: 70035 does not exist in the Input File 
FORCE: Node: 70036 does not exist in the Input File 
FORCE: Node: 70037 does not exist in the Input File 
FORCE: Node: 70038 does not exist in the Input File 
FORCE: Node: 70039 does not exist in the Input File 
FORCE: Node: 70040 does not exist in the Input File 
FORCE: Node: 70041 does not exist in the Input File 
FORCE: Node: 70042 does not exist in the Input File 
FORCE: Node: 70043 does not exist in the Input File 
FORCE: Node: 70044 does not exist in the Input File 
FORCE: Node: 70045 does not exist in the Input File 
FORCE: Node: 70046 does not exist in the Input File 
FORCE: Node: 70047 does not exist in the Input File 
FORCE: Node: 70048 does not exist in the Input File 
FORCE: Node: 70049 does not exist in the Input File 
FORCE: Node: 70050 does not exist in the Input File 
FORCE: Node: 70051 does not exist in the Input File 
FORCE: Node: 70052 does not exist in the Input File 
FORCE: Node: 70053 does not exist in the Input File 
FORCE: Node: 70054 does not exist in the Input File 
FORCE: Node: 70055 does not exist in the Input File 
FORCE: Node: 70056 does not exist in the Input File 
FORCE: Node: 70057 does not exist in the Input File 
FORCE: Node: 70058 does not exist in the Input File 
FORCE: Node: 70059 does not exist in the Input File 
FORCE: Node: 70060 does not exist in the Input File 
FORCE: Node: 70061 does not exist in the Input File 
FORCE: Node: 70062 does not exist in the Input File 
FORCE: Node: 70063 does not exist in the Input File 
FORCE: Node: 70064 does not exist in the Input File 
FORCE: Node: 70065 does not exist in the Input File 
FORCE: Node: 70066 does not exist in the Input File 
FORCE: Node: 70067 does not exist in the Input File 
FORCE: Node: 70068 does not exist in the Input File 
FORCE: Node: 70069 does not exist in the Input File 
FORCE: Node: 70070 does not exist in the Input File 
FORCE: Node: 70071 does not exist in the Input File 
FORCE: Node: 70072 does not exist in the Input File 
FORCE: Node: 70073 does not exist in the Input File 
FORCE: Node: 70074 does not exist in the Input File 
FORCE: Node: 70075 does not exist in the Input File 
FORCE: Node: 70076 does not exist in the Input File 
FORCE: Node: 70077 does not exist in the Input File 
FORCE: Node: 70078 does not exist in the Input File 
FORCE: Node: 70079 does not exist in the Input File 
FORCE: Node: 70080 does not exist in the Input File 
FORCE: Node: 70081 does not exist in the Input File 
FORCE: Node: 70082 does not exist in the Input File 
FORCE: Node: 70083 does not exist in the Input File 
FORCE: Node: 70084 does not exist in the Input File 
FORCE: Node: 70085 does not exist in the Input File 
FORCE: Node: 70086 does not exist in the Input File 
FORCE: Node: 70087 does not exist in the Input File 
FORCE: Node: 70088 does not exist in the Input File 
FORCE: Node: 70089 does not exist in the Input File 
FORCE: Node: 70090 does not exist in the Input File 
FORCE: Node: 70091 does not exist in the Input File 
FORCE: Node: 70092 does not exist in the Input File 
FORCE: Node: 70093 does not exist in the Input File 
FORCE: Node: 70094 does not exist in the Input File 
FORCE: Node: 70095 does not exist in the Input File 
FORCE: Node: 70096 does not exist in the Input File 
FORCE: Node: 70097 does not exist in the Input File 
FORCE: Node: 70098 does not exist in the Input File 
FORCE: Node: 70099 does not exist in the Input File 
FORCE: Node: 70100 does not exist in the Input File 
FORCE: Node: 70101 does not exist in the Input File 
FORCE: Node: 70102 does not exist in the Input File 
FORCE: Node: 70103 does not exist in the Input File 
FORCE: Node: 70104 does not exist in the Input File 
FORCE: Node: 70105 does not exist in the Input File 
FORCE: Node: 70106 does not exist in the Input File 
FORCE: Node: 70107 does not exist in the Input File 
FORCE: Node: 70108 does not exist in the Input File 
FORCE: Node: 70109 does not exist in the Input File 
FORCE: Node: 70110 does not exist in the Input File 
FORCE: Node: 70111 does not exist in the Input File 
FORCE: Node: 70112 does not exist in the Input File 
FORCE: Node: 70113 does not exist in the Input File 
FORCE: Node: 70114 does not exist in the Input File 
FORCE: Node: 70115 does not exist in the Input File 
FORCE: Node: 70116 does not exist in the Input File 
FORCE: Node: 70117 does not exist in the Input File 
FORCE: Node: 70118 does not exist in the Input File 
FORCE: Node: 70119 does not exist in the Input File 
FORCE: Node: 70120 does not exist in the Input File 
FORCE: Node: 70121 does not exist in the Input File 
FORCE: Node: 70122 does not exist in the Input File 
FORCE: Node: 70123 does not exist in the Input File 
FORCE: Node: 70124 does not exist in the Input File 
FORCE: Node: 70125 does not exist in the Input File 
FORCE: Node: 70126 does not exist in the Input File 
FORCE: Node: 70127 does not exist in the Input File 
FORCE: Node: 70128 does not exist in the Input File 
FORCE: Node: 70129 does not exist in the Input File 
FORCE: Node: 70130 does not exist in the Input File 
FORCE: Node: 70131 does not exist in the Input File 
FORCE: Node: 70132 does not exist in the Input File 
FORCE: Node: 70133 does not exist in the Input File 
FORCE: Node: 70134 does not exist in the Input File 
FORCE: Node: 70135 does not exist in the Input File 
FORCE: Node: 70136 does not exist in the Input File 
FORCE: Node: 70137 does not exist in the Input File 
FORCE: Node: 70138 does not exist in the Input File 
FORCE: Node: 70139 does not exist in the Input File 
FORCE: Node: 70140 does not exist in the Input File 
FORCE: Node: 70141 does not exist in the Input File 
FORCE: Node: 70142 does not exist in the Input File 
FORCE: Node: 70143 does not exist in the Input File 
FORCE: Node: 70144 does not exist in the Input File 
FORCE: Node: 70145 does not exist in the Input File 
FORCE: Node: 70146 does not exist in the Input File 
FORCE: Node: 70147 does not exist in the Input File 
FORCE: Node: 70148 does not exist in the Input File 
FORCE: Node: 70149 does not exist in the Input File 
FORCE: Node: 70150 does not exist in the Input File 
FORCE: Node: 70151 does not exist in the Input File 
FORCE: Node: 70152 does not exist in the Input File 
FORCE: Node: 70153 does not exist in the Input File 
FORCE: Node: 70154 does not exist in the Input File 
FORCE: Node: 70155 does not exist in the Input File 
FORCE: Node: 70156 does not exist in the Input File 
FORCE: Node: 70157 does not exist in the Input File 
FORCE: Node: 70158 does not exist in the Input File 
FORCE: Node: 70159 does not exist in the Input File 
FORCE: Node: 70160 does not exist in the Input File 
FORCE: Node: 70161 does not exist in the Input File 
FORCE: Node: 70162 does not exist in the Input File 
FORCE: Node: 70163 does not exist in the Input File 
FORCE: Node: 70164 does not exist in the Input File 
FORCE: Node: 70165 does not exist in the Input File 
FORCE: Node: 70166 does not exist in the Input File 
FORCE: Node: 70167 does not exist in the Input File 
FORCE: Node: 70168 does not exist in the Input File 
FORCE: Node: 70169 does not exist in the Input File 
FORCE: Node: 70170 does not exist in the Input File 
FORCE: Node: 70171 does not exist in the Input File 
FORCE: Node: 70172 does not exist in the Input File 
FORCE: Node: 70173 does not exist in the Input File 
FORCE: Node: 70174 does not exist in the Input File 
FORCE: Node: 70175 does not exist in the Input File 
FORCE: Node: 70176 does not exist in the Input File 
FORCE: Node: 70177 does not exist in the Input File 
FORCE: Node: 70178 does not exist in the Input File 
FORCE: Node: 70179 does not exist in the Input File 
FORCE: Node: 70180 does not exist in the Input File 
FORCE: Node: 70181 does not exist in the Input File 
FORCE: Node: 70182 does not exist in the Input File 
FORCE: Node: 70183 does not exist in the Input File 
FORCE: Node: 70184 does not exist in the Input File 
FORCE: Node: 70185 does not exist in the Input File 
FORCE: Node: 70186 does not exist in the Input File 
FORCE: Node: 70187 does not exist in the Input File 
FORCE: Node: 70188 does not exist in the Input File 
FORCE: Node: 70189 does not exist in the Input File 
FORCE: Node: 70190 does not exist in the Input File 
FORCE: Node: 70191 does not exist in the Input File 
FORCE: Node: 70192 does not exist in the Input File 
FORCE: Node: 70193 does not exist in the Input File 
FORCE: Node: 70194 does not exist in the Input File 
FORCE: Node: 70195 does not exist in the Input File 
FORCE: Node: 70196 does not exist in the Input File 
FORCE: Node: 70197 does not exist in the Input File 
FORCE: Node: 70198 does not exist in the Input File 
FORCE: Node: 70199 does not exist in the Input File 
FORCE: Node: 70200 does not exist in the Input File 
FORCE: Node: 70201 does not exist in the Input File 
FORCE: Node: 70202 does not exist in the Input File 
FORCE: Node: 70203 does not exist in the Input File 
FORCE: Node: 70204 does not exist in the Input File 
FORCE: Node: 70205 does not exist in the Input File 
FORCE: Node: 70206 does not exist in the Input File 
FORCE: Node: 70207 does not exist in the Input File 
FORCE: Node: 70208 does not exist in the Input File 
FORCE: Node: 70209 does not exist in the Input File 
FORCE: Node: 70210 does not exist in the Input File 
FORCE: Node: 70211 does not exist in the Input File 
FORCE: Node: 70212 does not exist in the Input File 
FORCE: Node: 70213 does not exist in the Input File 
FORCE: Node: 70214 does not exist in the Input File 
FORCE: Node: 70215 does not exist in the Input File 
FORCE: Node: 70216 does not exist in the Input File 
FORCE: Node: 70217 does not exist in the Input File 
FORCE: Node: 70218 does not exist in the Input File 
FORCE: Node: 70219 does not exist in the Input File 
FORCE: Node: 70220 does not exist in the Input File 
FORCE: Node: 70221 does not exist in the Input File 
FORCE: Node: 70222 does not exist in the Input File 
FORCE: Node: 70223 does not exist in the Input File 
FORCE: Node: 70224 does not exist in the Input File 
FORCE: Node: 70225 does not exist in the Input File 
FORCE: Node: 70226 does not exist in the Input File 
FORCE: Node: 70227 does not exist in the Input File 
FORCE: Node: 70228 does not exist in the Input File 
FORCE: Node: 70229 does not exist in the Input File 
FORCE: Node: 70230 does not exist in the Input File 
FORCE: Node: 70231 does not exist in the Input File 
FORCE: Node: 70232 does not exist in the Input File 
FORCE: Node: 70233 does not exist in the Input File 
FORCE: Node: 70234 does not exist in the Input File 
FORCE: Node: 70235 does not exist in the Input File 
FORCE: Node: 70236 does not exist in the Input File 
FORCE: Node: 70237 does not exist in the Input File 
FORCE: Node: 70238 does not exist in the Input File 
FORCE: Node: 70239 does not exist in the Input File 
FORCE: Node: 70240 does not exist in the Input File 
FORCE: Node: 70241 does not exist in the Input File 
FORCE: Node: 70242 does not exist in the Input File 
FORCE: Node: 70243 does not exist in the Input File 
FORCE: Node: 70244 does not exist in the Input File 
FORCE: Node: 70245 does not exist in the Input File 
FORCE: Node: 70246 does not exist in the Input File 
FORCE: Node: 70247 does not exist in the Input File 
FORCE: Node: 70248 does not exist in the Input File 
FORCE: Node: 70249 does not exist in the Input File 
FORCE: Node: 70250 does not exist in the Input File 
FORCE: Node: 70251 does not exist in the Input File 
FORCE: Node: 70252 does not exist in the Input File 
FORCE: Node: 70253 does not exist in the Input File 
FORCE: Node: 70254 does not exist in the Input File 
FORCE: Node: 70255 does not exist in the Input File 
FORCE: Node: 70256 does not exist in the Input File 
FORCE: Node: 70257 does not exist in the Input File 
FORCE: Node: 70258 does not exist in the Input File 
FORCE: Node: 70259 does not exist in the Input File 
FORCE: Node: 70260 does not exist in the Input File 
FORCE: Node: 70261 does not exist in the Input File 
FORCE: Node: 70262 does not exist in the Input File 
FORCE: Node: 70263 does not exist in the Input File 
FORCE: Node: 70264 does not exist in the Input File 
FORCE: Node: 70265 does not exist in the Input File 
FORCE: Node: 70266 does not exist in the Input File 
FORCE: Node: 70267 does not exist in the Input File 
FORCE: Node: 70268 does not exist in the Input File 
FORCE: Node: 70269 does not exist in the Input File 
FORCE: Node: 70270 does not exist in the Input File 
FORCE: Node: 70271 does not exist in the Input File 
FORCE: Node: 70272 does not exist in the Input File 
FORCE: Node: 70273 does not exist in the Input File 
FORCE: Node: 70274 does not exist in the Input File 
FORCE: Node: 70275 does not exist in the Input File 
FORCE: Node: 70276 does not exist in the Input File 
FORCE: Node: 70277 does not exist in the Input File 
FORCE: Node: 70278 does not exist in the Input File 
FORCE: Node: 70279 does not exist in the Input File 
FORCE: Node: 70280 does not exist in the Input File 
FORCE: Node: 70281 does not exist in the Input File 
FORCE: Node: 70282 does not exist in the Input File 
FORCE: Node: 70283 does not exist in the Input File 
FORCE: Node: 70284 does not exist in the Input File 
FORCE: Node: 70285 does not exist in the Input File 
FORCE: Node: 70286 does not exist in the Input File 
FORCE: Node: 70287 does not exist in the Input File 
FORCE: Node: 70288 does not exist in the Input File 
FORCE: Node: 70289 does not exist in the Input File 
FORCE: Node: 70290 does not exist in the Input File 
FORCE: Node: 70291 does not exist in the Input File 
FORCE: Node: 70292 does not exist in the Input File 
FORCE: Node: 70293 does not exist in the Input File 
FORCE: Node: 70294 does not exist in the Input File 
FORCE: Node: 70295 does not exist in the Input File 
FORCE: Node: 70296 does not exist in the Input File 
FORCE: Node: 70297 does not exist in the Input File 
FORCE: Node: 70298 does not exist in the Input File 
FORCE: Node: 70299 does not exist in the Input File 
FORCE: Node: 70300 does not exist in the Input File 
FORCE: Node: 70301 does not exist in the Input File 
FORCE: Node: 70302 does not exist in the Input File 
FORCE: Node: 70303 does not exist in the Input File 
FORCE: Node: 70304 does not exist in the Input File 
FORCE: Node: 70305 does not exist in the Input File 
FORCE: Node: 70306 does not exist in the Input File 
FORCE: Node: 70307 does not exist in the Input File 
FORCE: Node: 70308 does not exist in the Input File 
FORCE: Node: 70309 does not exist in the Input File 
FORCE: Node: 70310 does not exist in the Input File 
FORCE: Node: 70311 does not exist in the Input File 
FORCE: Node: 70312 does not exist in the Input File 
FORCE: Node: 70313 does not exist in the Input File 
FORCE: Node: 70314 does not exist in the Input File 
FORCE: Node: 70315 does not exist in the Input File 
FORCE: Node: 70316 does not exist in the Input File 
FORCE: Node: 70317 does not exist in the Input File 
FORCE: Node: 70318 does not exist in the Input File 
FORCE: Node: 70319 does not exist in the Input File 
FORCE: Node: 70320 does not exist in the Input File 
FORCE: Node: 70321 does not exist in the Input File 
FORCE: Node: 70322 does not exist in the Input File 
FORCE: Node: 70323 does not exist in the Input File 
FORCE: Node: 70324 does not exist in the Input File 
FORCE: Node: 70325 does not exist in the Input File 
FORCE: Node: 70326 does not exist in the Input File 
FORCE: Node: 70327 does not exist in the Input File 
FORCE: Node: 70328 does not exist in the Input File 
FORCE: Node: 70329 does not exist in the Input File 
FORCE: Node: 70330 does not exist in the Input File 
FORCE: Node: 70331 does not exist in the Input File 
FORCE: Node: 70332 does not exist in the Input File 
FORCE: Node: 70333 does not exist in the Input File 
FORCE: Node: 70334 does not exist in the Input File 
FORCE: Node: 70335 does not exist in the Input File 
FORCE: Node: 70336 does not exist in the Input File 
FORCE: Node: 70337 does not exist in the Input File 
FORCE: Node: 70338 does not exist in the Input File 
FORCE: Node: 70339 does not exist in the Input File 
FORCE: Node: 70340 does not exist in the Input File 
FORCE: Node: 70341 does not exist in the Input File 
FORCE: Node: 70342 does not exist in the Input File 
FORCE: Node: 70343 does not exist in the Input File 
FORCE: Node: 70344 does not exist in the Input File 
FORCE: Node: 70345 does not exist in the Input File 
FORCE: Node: 70346 does not exist in the Input File 
FORCE: Node: 70347 does not exist in the Input File 
FORCE: Node: 70348 does not exist in the Input File 
FORCE: Node: 70349 does not exist in the Input File 
FORCE: Node: 70350 does not exist in the Input File 
FORCE: Node: 70351 does not exist in the Input File 
FORCE: Node: 70352 does not exist in the Input File 
FORCE: Node: 70353 does not exist in the Input File 
FORCE: Node: 70354 does not exist in the Input File 
FORCE: Node: 70355 does not exist in the Input File 
FORCE: Node: 70356 does not exist in the Input File 
FORCE: Node: 70357 does not exist in the Input File 
FORCE: Node: 70358 does not exist in the Input File 
FORCE: Node: 70359 does not exist in the Input File 
FORCE: Node: 70360 does not exist in the Input File 
FORCE: Node: 70361 does not exist in the Input File 
FORCE: Node: 70362 does not exist in the Input File 
FORCE: Node: 70363 does not exist in the Input File 
FORCE: Node: 70364 does not exist in the Input File 
FORCE: Node: 70365 does not exist in the Input File 
FORCE: Node: 70366 does not exist in the Input File 
FORCE: Node: 70367 does not exist in the Input File 
FORCE: Node: 70368 does not exist in the Input File 
FORCE: Node: 70369 does not exist in the Input File 
FORCE: Node: 70370 does not exist in the Input File 
FORCE: Node: 70371 does not exist in the Input File 
FORCE: Node: 70372 does not exist in the Input File 
FORCE: Node: 70373 does not exist in the Input File 
FORCE: Node: 70374 does not exist in the Input File 
FORCE: Node: 70375 does not exist in the Input File 
FORCE: Node: 70376 does not exist in the Input File 
FORCE: Node: 70377 does not exist in the Input File 
FORCE: Node: 70378 does not exist in the Input File 
FORCE: Node: 70379 does not exist in the Input File 
FORCE: Node: 70380 does not exist in the Input File 
FORCE: Node: 70381 does not exist in the Input File 
FORCE: Node: 70382 does not exist in the Input File 
FORCE: Node: 70383 does not exist in the Input File 
FORCE: Node: 70384 does not exist in the Input File 
FORCE: Node: 70385 does not exist in the Input File 
FORCE: Node: 70386 does not exist in the Input File 
FORCE: Node: 70387 does not exist in the Input File 
FORCE: Node: 70388 does not exist in the Input File 
FORCE: Node: 70389 does not exist in the Input File 
FORCE: Node: 70390 does not exist in the Input File 
FORCE: Node: 70391 does not exist in the Input File 
FORCE: Node: 70392 does not exist in the Input File 
FORCE: Node: 70393 does not exist in the Input File 
FORCE: Node: 70394 does not exist in the Input File 
FORCE: Node: 70395 does not exist in the Input File 
FORCE: Node: 70396 does not exist in the Input File 
FORCE: Node: 70397 does not exist in the Input File 
FORCE: Node: 70398 does not exist in the Input File 
FORCE: Node: 70399 does not exist in the Input File 
FORCE: Node: 70400 does not exist in the Input File 
FORCE: Node: 70401 does not exist in the Input File 
FORCE: Node: 70402 does not exist in the Input File 
FORCE: Node: 70403 does not exist in the Input File 
FORCE: Node: 70404 does not exist in the Input File 
FORCE: Node: 70405 does not exist in the Input File 
FORCE: Node: 70406 does not exist in the Input File 
FORCE: Node: 70407 does not exist in the Input File 
FORCE: Node: 70408 does not exist in the Input File 
FORCE: Node: 70409 does not exist in the Input File 
FORCE: Node: 70410 does not exist in the Input File 
FORCE: Node: 70411 does not exist in the Input File 
FORCE: Node: 70412 does not exist in the Input File 
FORCE: Node: 70413 does not exist in the Input File 
FORCE: Node: 70414 does not exist in the Input File 
FORCE: Node: 70415 does not exist in the Input File 
FORCE: Node: 70416 does not exist in the Input File 
FORCE: Node: 70417 does not exist in the Input File 
FORCE: Node: 70418 does not exist in the Input File 
FORCE: Node: 70419 does not exist in the Input File 
FORCE: Node: 70420 does not exist in the Input File 
FORCE: Node: 70421 does not exist in the Input File 
FORCE: Node: 70422 does not exist in the Input File 
FORCE: Node: 70423 does not exist in the Input File 
FORCE: Node: 70424 does not exist in the Input File 
FORCE: Node: 70425 does not exist in the Input File 
FORCE: Node: 70426 does not exist in the Input File 
FORCE: Node: 70427 does not exist in the Input File 
FORCE: Node: 70428 does not exist in the Input File 
FORCE: Node: 70429 does not exist in the Input File 
FORCE: Node: 70430 does not exist in the Input File 
FORCE: Node: 70431 does not exist in the Input File 
FORCE: Node: 70432 does not exist in the Input File 
FORCE: Node: 70433 does not exist in the Input File 
FORCE: Node: 70434 does not exist in the Input File 
FORCE: Node: 70435 does not exist in the Input File 
FORCE: Node: 70436 does not exist in the Input File 
FORCE: Node: 70437 does not exist in the Input File 
FORCE: Node: 70438 does not exist in the Input File 
FORCE: Node: 70439 does not exist in the Input File 
FORCE: Node: 70440 does not exist in the Input File 
FORCE: Node: 70441 does not exist in the Input File 
FORCE: Node: 70442 does not exist in the Input File 
FORCE: Node: 70443 does not exist in the Input File 
FORCE: Node: 70444 does not exist in the Input File 
FORCE: Node: 70445 does not exist in the Input File 
FORCE: Node: 70446 does not exist in the Input File 
FORCE: Node: 70447 does not exist in the Input File 
FORCE: Node: 70448 does not exist in the Input File 
FORCE: Node: 70449 does not exist in the Input File 
FORCE: Node: 70450 does not exist in the Input File 
FORCE: Node: 70451 does not exist in the Input File 
FORCE: Node: 70452 does not exist in the Input File 
FORCE: Node: 70453 does not exist in the Input File 
FORCE: Node: 70454 does not exist in the Input File 
FORCE: Node: 70455 does not exist in the Input File 
FORCE: Node: 70456 does not exist in the Input File 
FORCE: Node: 70457 does not exist in the Input File 
FORCE: Node: 70458 does not exist in the Input File 
FORCE: Node: 70459 does not exist in the Input File 
FORCE: Node: 70460 does not exist in the Input File 
FORCE: Node: 70461 does not exist in the Input File 
FORCE: Node: 70462 does not exist in the Input File 
FORCE: Node: 70463 does not exist in the Input File 
FORCE: Node: 70464 does not exist in the Input File 
FORCE: Node: 70465 does not exist in the Input File 
FORCE: Node: 70466 does not exist in the Input File 
FORCE: Node: 70467 does not exist in the Input File 
FORCE: Node: 70468 does not exist in the Input File 
FORCE: Node: 70469 does not exist in the Input File 
FORCE: Node: 70470 does not exist in the Input File 
FORCE: Node: 70471 does not exist in the Input File 
FORCE: Node: 70472 does not exist in the Input File 
FORCE: Node: 70473 does not exist in the Input File 
FORCE: Node: 70474 does not exist in the Input File 
FORCE: Node: 70475 does not exist in the Input File 
FORCE: Node: 70476 does not exist in the Input File 
FORCE: Node: 70477 does not exist in the Input File 
FORCE: Node: 70478 does not exist in the Input File 
FORCE: Node: 70479 does not exist in the Input File 
FORCE: Node: 70480 does not exist in the Input File 
FORCE: Node: 70481 does not exist in the Input File 
FORCE: Node: 70482 does not exist in the Input File 
FORCE: Node: 70483 does not exist in the Input File 
FORCE: Node: 70484 does not exist in the Input File 
FORCE: Node: 70485 does not exist in the Input File 
FORCE: Node: 70486 does not exist in the Input File 
FORCE: Node: 70487 does not exist in the Input File 
FORCE: Node: 70488 does not exist in the Input File 
FORCE: Node: 70489 does not exist in the Input File 
FORCE: Node: 70490 does not exist in the Input File 
FORCE: Node: 70491 does not exist in the Input File 
FORCE: Node: 70492 does not exist in the Input File 
FORCE: Node: 70493 does not exist in the Input File 
FORCE: Node: 70494 does not exist in the Input File 
FORCE: Node: 70495 does not exist in the Input File 
FORCE: Node: 70496 does not exist in the Input File 
FORCE: Node: 70497 does not exist in the Input File 
FORCE: Node: 70498 does not exist in the Input File 
FORCE: Node: 70499 does not exist in the Input File 
FORCE: Node: 70500 does not exist in the Input File 
FORCE: Node: 70501 does not exist in the Input File 
FORCE: Node: 70502 does not exist in the Input File 
FORCE: Node: 70503 does not exist in the Input File 
FORCE: Node: 70504 does not exist in the Input File 
FORCE: Node: 70505 does not exist in the Input File 
FORCE: Node: 70506 does not exist in the Input File 
FORCE: Node: 70507 does not exist in the Input File 
FORCE: Node: 70508 does not exist in the Input File 
FORCE: Node: 70509 does not exist in the Input File 
FORCE: Node: 70510 does not exist in the Input File 
FORCE: Node: 70511 does not exist in the Input File 
FORCE: Node: 70512 does not exist in the Input File 
FORCE: Node: 70513 does not exist in the Input File 
FORCE: Node: 70514 does not exist in the Input File 
FORCE: Node: 70515 does not exist in the Input File 
FORCE: Node: 70516 does not exist in the Input File 
FORCE: Node: 70517 does not exist in the Input File 
FORCE: Node: 70518 does not exist in the Input File 
FORCE: Node: 70519 does not exist in the Input File 
FORCE: Node: 70520 does not exist in the Input File 
FORCE: Node: 70521 does not exist in the Input File 
FORCE: Node: 70522 does not exist in the Input File 
FORCE: Node: 70523 does not exist in the Input File 
FORCE: Node: 70524 does not exist in the Input File 
FORCE: Node: 70525 does not exist in the Input File 
FORCE: Node: 70526 does not exist in the Input File 
FORCE: Node: 70527 does not exist in the Input File 
FORCE: Node: 70528 does not exist in the Input File 
FORCE: Node: 70529 does not exist in the Input File 
FORCE: Node: 70530 does not exist in the Input File 
FORCE: Node: 70531 does not exist in the Input File 
FORCE: Node: 70532 does not exist in the Input File 
FORCE: Node: 70533 does not exist in the Input File 
FORCE: Node: 70534 does not exist in the Input File 
FORCE: Node: 70535 does not exist in the Input File 
FORCE: Node: 70536 does not exist in the Input File 
FORCE: Node: 70537 does not exist in the Input File 
FORCE: Node: 70538 does not exist in the Input File 
FORCE: Node: 70539 does not exist in the Input File 
FORCE: Node: 70540 does not exist in the Input File 
FORCE: Node: 70541 does not exist in the Input File 
FORCE: Node: 70542 does not exist in the Input File 
FORCE: Node: 70543 does not exist in the Input File 
FORCE: Node: 70544 does not exist in the Input File 
FORCE: Node: 70545 does not exist in the Input File 
FORCE: Node: 70546 does not exist in the Input File 
FORCE: Node: 70547 does not exist in the Input File 
FORCE: Node: 70548 does not exist in the Input File 
FORCE: Node: 70549 does not exist in the Input File 
FORCE: Node: 70550 does not exist in the Input File 
FORCE: Node: 70551 does not exist in the Input File 
FORCE: Node: 70552 does not exist in the Input File 
FORCE: Node: 70553 does not exist in the Input File 
FORCE: Node: 70554 does not exist in the Input File 
FORCE: Node: 70555 does not exist in the Input File 
FORCE: Node: 70556 does not exist in the Input File 
FORCE: Node: 70557 does not exist in the Input File 
FORCE: Node: 70558 does not exist in the Input File 
FORCE: Node: 70559 does not exist in the Input File 
FORCE: Node: 70560 does not exist in the Input File 
FORCE: Node: 70561 does not exist in the Input File 
FORCE: Node: 70562 does not exist in the Input File 
FORCE: Node: 70563 does not exist in the Input File 
FORCE: Node: 70564 does not exist in the Input File 
FORCE: Node: 70565 does not exist in the Input File 
FORCE: Node: 70566 does not exist in the Input File 
FORCE: Node: 70567 does not exist in the Input File 
FORCE: Node: 70568 does not exist in the Input File 
FORCE: Node: 70569 does not exist in the Input File 
FORCE: Node: 70570 does not exist in the Input File 
FORCE: Node: 70571 does not exist in the Input File 
FORCE: Node: 70572 does not exist in the Input File 
FORCE: Node: 70573 does not exist in the Input File 
FORCE: Node: 70574 does not exist in the Input File 
FORCE: Node: 70575 does not exist in the Input File 
FORCE: Node: 70576 does not exist in the Input File 
FORCE: Node: 70577 does not exist in the Input File 
FORCE: Node: 70578 does not exist in the Input File 
FORCE: Node: 70579 does not exist in the Input File 
FORCE: Node: 70580 does not exist in the Input File 
FORCE: Node: 70581 does not exist in the Input File 
FORCE: Node: 70582 does not exist in the Input File 
FORCE: Node: 70583 does not exist in the Input File 
FORCE: Node: 70584 does not exist in the Input File 
FORCE: Node: 70585 does not exist in the Input File 
FORCE: Node: 70586 does not exist in the Input File 
FORCE: Node: 70587 does not exist in the Input File 
FORCE: Node: 70588 does not exist in the Input File 
FORCE: Node: 70589 does not exist in the Input File 
FORCE: Node: 70590 does not exist in the Input File 
FORCE: Node: 70591 does not exist in the Input File 
FORCE: Node: 70592 does not exist in the Input File 
FORCE: Node: 70593 does not exist in the Input File 
FORCE: Node: 70594 does not exist in the Input File 
FORCE: Node: 70595 does not exist in the Input File 
FORCE: Node: 70596 does not exist in the Input File 
FORCE: Node: 70597 does not exist in the Input File 
FORCE: Node: 70598 does not exist in the Input File 
FORCE: Node: 70599 does not exist in the Input File 
FORCE: Node: 70600 does not exist in the Input File 
FORCE: Node: 70601 does not exist in the Input File 
FORCE: Node: 70602 does not exist in the Input File 
FORCE: Node: 70603 does not exist in the Input File 
FORCE: Node: 70604 does not exist in the Input File 
FORCE: Node: 70605 does not exist in the Input File 
FORCE: Node: 70606 does not exist in the Input File 
FORCE: Node: 70607 does not exist in the Input File 
FORCE: Node: 70608 does not exist in the Input File 
FORCE: Node: 70609 does not exist in the Input File 
FORCE: Node: 70610 does not exist in the Input File 
FORCE: Node: 70611 does not exist in the Input File 
FORCE: Node: 70612 does not exist in the Input File 
FORCE: Node: 70613 does not exist in the Input File 
FORCE: Node: 70614 does not exist in the Input File 
FORCE: Node: 70615 does not exist in the Input File 
FORCE: Node: 70616 does not exist in the Input File 
FORCE: Node: 70617 does not exist in the Input File 
FORCE: Node: 70618 does not exist in the Input File 
FORCE: Node: 70619 does not exist in the Input File 
FORCE: Node: 70620 does not exist in the Input File 
FORCE: Node: 70621 does not exist in the Input File 
FORCE: Node: 70622 does not exist in the Input File 
FORCE: Node: 70623 does not exist in the Input File 
FORCE: Node: 70624 does not exist in the Input File 
FORCE: Node: 70625 does not exist in the Input File 
FORCE: Node: 70626 does not exist in the Input File 
FORCE: Node: 70627 does not exist in the Input File 
FORCE: Node: 70628 does not exist in the Input File 
FORCE: Node: 70629 does not exist in the Input File 
FORCE: Node: 70630 does not exist in the Input File 
FORCE: Node: 70631 does not exist in the Input File 
FORCE: Node: 70632 does not exist in the Input File 
FORCE: Node: 70633 does not exist in the Input File 
FORCE: Node: 70634 does not exist in the Input File 
FORCE: Node: 70635 does not exist in the Input File 
FORCE: Node: 70636 does not exist in the Input File 
FORCE: Node: 70637 does not exist in the Input File 
FORCE: Node: 70638 does not exist in the Input File 
FORCE: Node: 70639 does not exist in the Input File 
FORCE: Node: 70640 does not exist in the Input File 
FORCE: Node: 70641 does not exist in the Input File 
FORCE: Node: 70642 does not exist in the Input File 
FORCE: Node: 70643 does not exist in the Input File 
FORCE: Node: 70644 does not exist in the Input File 
FORCE: Node: 70645 does not exist in the Input File 
FORCE: Node: 70646 does not exist in the Input File 
FORCE: Node: 70647 does not exist in the Input File 
FORCE: Node: 70648 does not exist in the Input File 
FORCE: Node: 70649 does not exist in the Input File 
FORCE: Node: 70650 does not exist in the Input File 
FORCE: Node: 70651 does not exist in the Input File 
FORCE: Node: 70652 does not exist in the Input File 
FORCE: Node: 70653 does not exist in the Input File 
FORCE: Node: 70654 does not exist in the Input File 
FORCE: Node: 70655 does not exist in the Input File 
FORCE: Node: 70656 does not exist in the Input File 
FORCE: Node: 70657 does not exist in the Input File 
FORCE: Node: 70658 does not exist in the Input File 
FORCE: Node: 70659 does not exist in the Input File 
FORCE: Node: 70660 does not exist in the Input File 
FORCE: Node: 70661 does not exist in the Input File 
FORCE: Node: 70662 does not exist in the Input File 
FORCE: Node: 70663 does not exist in the Input File 
FORCE: Node: 70664 does not exist in the Input File 
FORCE: Node: 70665 does not exist in the Input File 
FORCE: Node: 70666 does not exist in the Input File 
FORCE: Node: 70667 does not exist in the Input File 
FORCE: Node: 70668 does not exist in the Input File 
FORCE: Node: 70669 does not exist in the Input File 
FORCE: Node: 70670 does not exist in the Input File 
FORCE: Node: 70671 does not exist in the Input File 
FORCE: Node: 70672 does not exist in the Input File 
FORCE: Node: 70673 does not exist in the Input File 
FORCE: Node: 70674 does not exist in the Input File 
FORCE: Node: 70675 does not exist in the Input File 
FORCE: Node: 70676 does not exist in the Input File 
FORCE: Node: 70677 does not exist in the Input File 
FORCE: Node: 70678 does not exist in the Input File 
FORCE: Node: 70679 does not exist in the Input File 
FORCE: Node: 70680 does not exist in the Input File 
FORCE: Node: 70681 does not exist in the Input File 
FORCE: Node: 70682 does not exist in the Input File 
FORCE: Node: 70683 does not exist in the Input File 
FORCE: Node: 70684 does not exist in the Input File 
FORCE: Node: 70685 does not exist in the Input File 
FORCE: Node: 70686 does not exist in the Input File 
FORCE: Node: 70687 does not exist in the Input File 
FORCE: Node: 70688 does not exist in the Input File 
FORCE: Node: 70689 does not exist in the Input File 
FORCE: Node: 70690 does not exist in the Input File 
FORCE: Node: 70691 does not exist in the Input File 
FORCE: Node: 70692 does not exist in the Input File 
FORCE: Node: 70693 does not exist in the Input File 
FORCE: Node: 70694 does not exist in the Input File 
FORCE: Node: 70695 does not exist in the Input File 
FORCE: Node: 70696 does not exist in the Input File 
FORCE: Node: 70697 does not exist in the Input File 
FORCE: Node: 70698 does not exist in the Input File 
FORCE: Node: 70699 does not exist in the Input File 
FORCE: Node: 70700 does not exist in the Input File 
FORCE: Node: 70701 does not exist in the Input File 
FORCE: Node: 70702 does not exist in the Input File 
FORCE: Node: 70703 does not exist in the Input File 
FORCE: Node: 70704 does not exist in the Input File 
FORCE: Node: 70705 does not exist in the Input File 
FORCE: Node: 70706 does not exist in the Input File 
FORCE: Node: 70707 does not exist in the Input File 
FORCE: Node: 70708 does not exist in the Input File 
FORCE: Node: 70709 does not exist in the Input File 
FORCE: Node: 70710 does not exist in the Input File 
FORCE: Node: 70711 does not exist in the Input File 
FORCE: Node: 70712 does not exist in the Input File 
FORCE: Node: 70713 does not exist in the Input File 
FORCE: Node: 70714 does not exist in the Input File 
FORCE: Node: 70715 does not exist in the Input File 
FORCE: Node: 70716 does not exist in the Input File 
FORCE: Node: 70717 does not exist in the Input File 
FORCE: Node: 70718 does not exist in the Input File 
FORCE: Node: 70719 does not exist in the Input File 
FORCE: Node: 70720 does not exist in the Input File 
FORCE: Node: 70721 does not exist in the Input File 
FORCE: Node: 70722 does not exist in the Input File 
FORCE: Node: 70723 does not exist in the Input File 
FORCE: Node: 70724 does not exist in the Input File 
FORCE: Node: 70725 does not exist in the Input File 
FORCE: Node: 70726 does not exist in the Input File 
FORCE: Node: 70727 does not exist in the Input File 
FORCE: Node: 70728 does not exist in the Input File 
FORCE: Node: 70729 does not exist in the Input File 
FORCE: Node: 70730 does not exist in the Input File 
FORCE: Node: 70731 does not exist in the Input File 
FORCE: Node: 70732 does not exist in the Input File 
FORCE: Node: 70733 does not exist in the Input File 
FORCE: Node: 70734 does not exist in the Input File 
FORCE: Node: 70735 does not exist in the Input File 
FORCE: Node: 70736 does not exist in the Input File 
FORCE: Node: 70737 does not exist in the Input File 
FORCE: Node: 70738 does not exist in the Input File 
FORCE: Node: 70739 does not exist in the Input File 
FORCE: Node: 70740 does not exist in the Input File 
FORCE: Node: 70741 does not exist in the Input File 
FORCE: Node: 70742 does not exist in the Input File 
FORCE: Node: 70743 does not exist in the Input File 
FORCE: Node: 70744 does not exist in the Input File 
FORCE: Node: 70745 does not exist in the Input File 
FORCE: Node: 70746 does not exist in the Input File 
FORCE: Node: 70747 does not exist in the Input File 
FORCE: Node: 70748 does not exist in the Input File 
FORCE: Node: 70749 does not exist in the Input File 
FORCE: Node: 70750 does not exist in the Input File 
FORCE: Node: 70751 does not exist in the Input File 
FORCE: Node: 70752 does not exist in the Input File 
FORCE: Node: 70753 does not exist in the Input File 
FORCE: Node: 70754 does not exist in the Input File 
FORCE: Node: 70755 does not exist in the Input File 
FORCE: Node: 70756 does not exist in the Input File 
FORCE: Node: 70757 does not exist in the Input File 
FORCE: Node: 70758 does not exist in the Input File 
FORCE: Node: 70759 does not exist in the Input File 
FORCE: Node: 70760 does not exist in the Input File 
FORCE: Node: 70761 does not exist in the Input File 
FORCE: Node: 70762 does not exist in the Input File 
FORCE: Node: 70763 does not exist in the Input File 
FORCE: Node: 70764 does not exist in the Input File 
FORCE: Node: 70765 does not exist in the Input File 
FORCE: Node: 70766 does not exist in the Input File 
FORCE: Node: 70767 does not exist in the Input File 
FORCE: Node: 70768 does not exist in the Input File 
FORCE: Node: 70769 does not exist in the Input File 
FORCE: Node: 70770 does not exist in the Input File 
FORCE: Node: 70771 does not exist in the Input File 
FORCE: Node: 70772 does not exist in the Input File 
FORCE: Node: 70773 does not exist in the Input File 
FORCE: Node: 70774 does not exist in the Input File 
FORCE: Node: 70775 does not exist in the Input File 
FORCE: Node: 70776 does not exist in the Input File 
FORCE: Node: 70777 does not exist in the Input File 
FORCE: Node: 70778 does not exist in the Input File 
FORCE: Node: 70779 does not exist in the Input File 
FORCE: Node: 70780 does not exist in the Input File 
FORCE: Node: 70781 does not exist in the Input File 
FORCE: Node: 70782 does not exist in the Input File 
FORCE: Node: 70783 does not exist in the Input File 
FORCE: Node: 70784 does not exist in the Input File 
FORCE: Node: 70785 does not exist in the Input File 
FORCE: Node: 70786 does not exist in the Input File 
FORCE: Node: 70787 does not exist in the Input File 
FORCE: Node: 70788 does not exist in the Input File 
FORCE: Node: 70789 does not exist in the Input File 
FORCE: Node: 70790 does not exist in the Input File 
FORCE: Node: 70791 does not exist in the Input File 
FORCE: Node: 70792 does not exist in the Input File 
FORCE: Node: 70793 does not exist in the Input File 
FORCE: Node: 70794 does not exist in the Input File 
FORCE: Node: 70795 does not exist in the Input File 
FORCE: Node: 70796 does not exist in the Input File 
FORCE: Node: 70797 does not exist in the Input File 
FORCE: Node: 70798 does not exist in the Input File 
FORCE: Node: 70799 does not exist in the Input File 
FORCE: Node: 70800 does not exist in the Input File 
FORCE: Node: 70801 does not exist in the Input File 
FORCE: Node: 70802 does not exist in the Input File 
FORCE: Node: 70803 does not exist in the Input File 
FORCE: Node: 70804 does not exist in the Input File 
FORCE: Node: 70805 does not exist in the Input File 
FORCE: Node: 70806 does not exist in the Input File 
FORCE: Node: 70807 does not exist in the Input File 
FORCE: Node: 70808 does not exist in the Input File 
FORCE: Node: 70809 does not exist in the Input File 
FORCE: Node: 70810 does not exist in the Input File 
FORCE: Node: 70811 does not exist in the Input File 
FORCE: Node: 70812 does not exist in the Input File 
FORCE: Node: 70813 does not exist in the Input File 
FORCE: Node: 70814 does not exist in the Input File 
FORCE: Node: 70815 does not exist in the Input File 
FORCE: Node: 70816 does not exist in the Input File 
FORCE: Node: 70817 does not exist in the Input File 
FORCE: Node: 70818 does not exist in the Input File 
FORCE: Node: 70819 does not exist in the Input File 
FORCE: Node: 70820 does not exist in the Input File 
FORCE: Node: 70821 does not exist in the Input File 
FORCE: Node: 70822 does not exist in the Input File 
FORCE: Node: 70823 does not exist in the Input File 
FORCE: Node: 70824 does not exist in the Input File 
FORCE: Node: 70825 does not exist in the Input File 
FORCE: Node: 70826 does not exist in the Input File 
FORCE: Node: 70827 does not exist in the Input File 
FORCE: Node: 70828 does not exist in the Input File 
FORCE: Node: 70829 does not exist in the Input File 
FORCE: Node: 70830 does not exist in the Input File 
FORCE: Node: 70831 does not exist in the Input File 
FORCE: Node: 70832 does not exist in the Input File 
FORCE: Node: 70833 does not exist in the Input File 
FORCE: Node: 70834 does not exist in the Input File 
FORCE: Node: 70835 does not exist in the Input File 
FORCE: Node: 70836 does not exist in the Input File 
FORCE: Node: 70837 does not exist in the Input File 
FORCE: Node: 70838 does not exist in the Input File 
FORCE: Node: 70839 does not exist in the Input File 
FORCE: Node: 70840 does not exist in the Input File 
FORCE: Node: 70841 does not exist in the Input File 
FORCE: Node: 70842 does not exist in the Input File 
FORCE: Node: 70843 does not exist in the Input File 
FORCE: Node: 70844 does not exist in the Input File 
FORCE: Node: 70845 does not exist in the Input File 
FORCE: Node: 70846 does not exist in the Input File 
FORCE: Node: 70847 does not exist in the Input File 
FORCE: Node: 70848 does not exist in the Input File 
FORCE: Node: 70849 does not exist in the Input File 
FORCE: Node: 70850 does not exist in the Input File 
FORCE: Node: 70851 does not exist in the Input File 
FORCE: Node: 70852 does not exist in the Input File 
FORCE: Node: 70853 does not exist in the Input File 
FORCE: Node: 70854 does not exist in the Input File 
FORCE: Node: 70855 does not exist in the Input File 
FORCE: Node: 70856 does not exist in the Input File 
FORCE: Node: 70857 does not exist in the Input File 
FORCE: Node: 70858 does not exist in the Input File 
FORCE: Node: 70859 does not exist in the Input File 
FORCE: Node: 70860 does not exist in the Input File 
FORCE: Node: 70861 does not exist in the Input File 
FORCE: Node: 70862 does not exist in the Input File 
FORCE: Node: 70863 does not exist in the Input File 
FORCE: Node: 70864 does not exist in the Input File 
FORCE: Node: 70865 does not exist in the Input File 
FORCE: Node: 70866 does not exist in the Input File 
FORCE: Node: 70867 does not exist in the Input File 
FORCE: Node: 70868 does not exist in the Input File 
FORCE: Node: 70869 does not exist in the Input File 
FORCE: Node: 70870 does not exist in the Input File 
FORCE: Node: 70871 does not exist in the Input File 
FORCE: Node: 70872 does not exist in the Input File 
FORCE: Node: 70873 does not exist in the Input File 
FORCE: Node: 70874 does not exist in the Input File 
FORCE: Node: 70875 does not exist in the Input File 
FORCE: Node: 70876 does not exist in the Input File 
FORCE: Node: 70877 does not exist in the Input File 
FORCE: Node: 70878 does not exist in the Input File 
FORCE: Node: 70879 does not exist in the Input File 
FORCE: Node: 70880 does not exist in the Input File 
FORCE: Node: 70881 does not exist in the Input File 
FORCE: Node: 70882 does not exist in the Input File 
FORCE: Node: 70883 does not exist in the Input File 
FORCE: Node: 70884 does not exist in the Input File 
FORCE: Node: 70885 does not exist in the Input File 
FORCE: Node: 70886 does not exist in the Input File 
FORCE: Node: 70887 does not exist in the Input File 
FORCE: Node: 70888 does not exist in the Input File 
FORCE: Node: 70889 does not exist in the Input File 
FORCE: Node: 70890 does not exist in the Input File 
FORCE: Node: 70891 does not exist in the Input File 
FORCE: Node: 70892 does not exist in the Input File 
FORCE: Node: 70893 does not exist in the Input File 
FORCE: Node: 70894 does not exist in the Input File 
FORCE: Node: 70895 does not exist in the Input File 
FORCE: Node: 70896 does not exist in the Input File 
FORCE: Node: 70897 does not exist in the Input File 
FORCE: Node: 70898 does not exist in the Input File 
FORCE: Node: 70899 does not exist in the Input File 
FORCE: Node: 70900 does not exist in the Input File 
FORCE: Node: 70901 does not exist in the Input File 
FORCE: Node: 70902 does not exist in the Input File 
FORCE: Node: 70903 does not exist in the Input File 
FORCE: Node: 70904 does not exist in the Input File 
FORCE: Node: 70905 does not exist in the Input File 
FORCE: Node: 70906 does not exist in the Input File 
FORCE: Node: 70907 does not exist in the Input File 
FORCE: Node: 70908 does not exist in the Input File 
FORCE: Node: 70909 does not exist in the Input File 
FORCE: Node: 70910 does not exist in the Input File 
FORCE: Node: 70911 does not exist in the Input File 
FORCE: Node: 70912 does not exist in the Input File 
FORCE: Node: 70913 does not exist in the Input File 
FORCE: Node: 70914 does not exist in the Input File 
FORCE: Node: 70915 does not exist in the Input File 
FORCE: Node: 70916 does not exist in the Input File 
FORCE: Node: 70917 does not exist in the Input File 
FORCE: Node: 70918 does not exist in the Input File 
FORCE: Node: 70919 does not exist in the Input File 
FORCE: Node: 70920 does not exist in the Input File 
FORCE: Node: 70921 does not exist in the Input File 
FORCE: Node: 70922 does not exist in the Input File 
FORCE: Node: 70923 does not exist in the Input File 
FORCE: Node: 70924 does not exist in the Input File 
FORCE: Node: 70925 does not exist in the Input File 
FORCE: Node: 70926 does not exist in the Input File 
FORCE: Node: 70927 does not exist in the Input File 
FORCE: Node: 70928 does not exist in the Input File 
FORCE: Node: 70929 does not exist in the Input File 
FORCE: Node: 70930 does not exist in the Input File 
FORCE: Node: 70931 does not exist in the Input File 
FORCE: Node: 70932 does not exist in the Input File 
FORCE: Node: 70933 does not exist in the Input File 
FORCE: Node: 70934 does not exist in the Input File 
FORCE: Node: 70935 does not exist in the Input File 
FORCE: Node: 70936 does not exist in the Input File 
FORCE: Node: 70937 does not exist in the Input File 
FORCE: Node: 70938 does not exist in the Input File 
FORCE: Node: 70939 does not exist in the Input File 
FORCE: Node: 70940 does not exist in the Input File 
FORCE: Node: 70941 does not exist in the Input File 
FORCE: Node: 70942 does not exist in the Input File 
FORCE: Node: 70943 does not exist in the Input File 
FORCE: Node: 70944 does not exist in the Input File 
FORCE: Node: 70945 does not exist in the Input File 
FORCE: Node: 70946 does not exist in the Input File 
FORCE: Node: 70947 does not exist in the Input File 
FORCE: Node: 70948 does not exist in the Input File 
FORCE: Node: 70949 does not exist in the Input File 
FORCE: Node: 70950 does not exist in the Input File 
FORCE: Node: 70951 does not exist in the Input File 
FORCE: Node: 70952 does not exist in the Input File 
FORCE: Node: 70953 does not exist in the Input File 
FORCE: Node: 70954 does not exist in the Input File 
FORCE: Node: 70955 does not exist in the Input File 
FORCE: Node: 70956 does not exist in the Input File 
FORCE: Node: 70957 does not exist in the Input File 
FORCE: Node: 70958 does not exist in the Input File 
FORCE: Node: 70959 does not exist in the Input File 
FORCE: Node: 70960 does not exist in the Input File 
FORCE: Node: 70961 does not exist in the Input File 
FORCE: Node: 70962 does not exist in the Input File 
FORCE: Node: 70963 does not exist in the Input File 
FORCE: Node: 70964 does not exist in the Input File 
FORCE: Node: 70965 does not exist in the Input File 
FORCE: Node: 70966 does not exist in the Input File 
FORCE: Node: 70967 does not exist in the Input File 
FORCE: Node: 70968 does not exist in the Input File 
FORCE: Node: 70969 does not exist in the Input File 
FORCE: Node: 70970 does not exist in the Input File 
FORCE: Node: 70971 does not exist in the Input File 
FORCE: Node: 70972 does not exist in the Input File 
FORCE: Node: 70973 does not exist in the Input File 
FORCE: Node: 70974 does not exist in the Input File 
FORCE: Node: 70975 does not exist in the Input File 
FORCE: Node: 70976 does not exist in the Input File 
FORCE: Node: 70977 does not exist in the Input File 
FORCE: Node: 70978 does not exist in the Input File 
FORCE: Node: 70979 does not exist in the Input File 
FORCE: Node: 70980 does not exist in the Input File 
FORCE: Node: 70981 does not exist in the Input File 
FORCE: Node: 70982 does not exist in the Input File 
FORCE: Node: 70983 does not exist in the Input File 
FORCE: Node: 70984 does not exist in the Input File 
FORCE: Node: 70985 does not exist in the Input File 
FORCE: Node: 70986 does not exist in the Input File 
FORCE: Node: 70987 does not exist in the Input File 
FORCE: Node: 70988 does not exist in the Input File 
FORCE: Node: 70989 does not exist in the Input File 
FORCE: Node: 70990 does not exist in the Input File 
FORCE: Node: 70991 does not exist in the Input File 
FORCE: Node: 70992 does not exist in the Input File 
FORCE: Node: 70993 does not exist in the Input File 
FORCE: Node: 70994 does not exist in the Input File 
FORCE: Node: 70995 does not exist in the Input File 
FORCE: Node: 70996 does not exist in the Input File 
FORCE: Node: 70997 does not exist in the Input File 
FORCE: Node: 70998 does not exist in the Input File 
FORCE: Node: 70999 does not exist in the Input File 
FORCE: Node: 71000 does not exist in the Input File 
FORCE: Node: 71001 does not exist in the Input File 
FORCE: Node: 71002 does not exist in the Input File 
FORCE: Node: 71003 does not exist in the Input File 
FORCE: Node: 71004 does not exist in the Input File 
FORCE: Node: 71005 does not exist in the Input File 
FORCE: Node: 71006 does not exist in the Input File 
FORCE: Node: 71007 does not exist in the Input File 
FORCE: Node: 71008 does not exist in the Input File 
FORCE: Node: 71009 does not exist in the Input File 
FORCE: Node: 71010 does not exist in the Input File 
FORCE: Node: 71011 does not exist in the Input File 
FORCE: Node: 71012 does not exist in the Input File 
FORCE: Node: 71013 does not exist in the Input File 
FORCE: Node: 71014 does not exist in the Input File 
FORCE: Node: 71015 does not exist in the Input File 
FORCE: Node: 71016 does not exist in the Input File 
FORCE: Node: 71017 does not exist in the Input File 
FORCE: Node: 71018 does not exist in the Input File 
FORCE: Node: 71019 does not exist in the Input File 
FORCE: Node: 71020 does not exist in the Input File 
FORCE: Node: 71021 does not exist in the Input File 
FORCE: Node: 71022 does not exist in the Input File 
FORCE: Node: 71023 does not exist in the Input File 
FORCE: Node: 71024 does not exist in the Input File 
FORCE: Node: 71025 does not exist in the Input File 
FORCE: Node: 71026 does not exist in the Input File 
FORCE: Node: 71027 does not exist in the Input File 
FORCE: Node: 71028 does not exist in the Input File 
FORCE: Node: 71029 does not exist in the Input File 
FORCE: Node: 71030 does not exist in the Input File 
FORCE: Node: 71031 does not exist in the Input File 
FORCE: Node: 71032 does not exist in the Input File 
FORCE: Node: 71033 does not exist in the Input File 
FORCE: Node: 71034 does not exist in the Input File 
FORCE: Node: 71035 does not exist in the Input File 
FORCE: Node: 71036 does not exist in the Input File 
FORCE: Node: 71037 does not exist in the Input File 
FORCE: Node: 71038 does not exist in the Input File 
FORCE: Node: 71039 does not exist in the Input File 
FORCE: Node: 71040 does not exist in the Input File 
FORCE: Node: 71041 does not exist in the Input File 
FORCE: Node: 71042 does not exist in the Input File 
FORCE: Node: 71043 does not exist in the Input File 
FORCE: Node: 71044 does not exist in the Input File 
FORCE: Node: 71045 does not exist in the Input File 
FORCE: Node: 71046 does not exist in the Input File 
FORCE: Node: 71047 does not exist in the Input File 
FORCE: Node: 71048 does not exist in the Input File 
FORCE: Node: 71049 does not exist in the Input File 
FORCE: Node: 71050 does not exist in the Input File 
FORCE: Node: 71051 does not exist in the Input File 
FORCE: Node: 71052 does not exist in the Input File 
FORCE: Node: 71053 does not exist in the Input File 
FORCE: Node: 71054 does not exist in the Input File 
FORCE: Node: 71055 does not exist in the Input File 
FORCE: Node: 71056 does not exist in the Input File 
FORCE: Node: 71057 does not exist in the Input File 
FORCE: Node: 71058 does not exist in the Input File 
FORCE: Node: 71059 does not exist in the Input File 
FORCE: Node: 71060 does not exist in the Input File 
FORCE: Node: 71061 does not exist in the Input File 
FORCE: Node: 71062 does not exist in the Input File 
FORCE: Node: 71063 does not exist in the Input File 
FORCE: Node: 71064 does not exist in the Input File 
FORCE: Node: 71065 does not exist in the Input File 
FORCE: Node: 71066 does not exist in the Input File 
FORCE: Node: 71067 does not exist in the Input File 
FORCE: Node: 71068 does not exist in the Input File 
FORCE: Node: 71069 does not exist in the Input File 
FORCE: Node: 71070 does not exist in the Input File 
FORCE: Node: 71071 does not exist in the Input File 
FORCE: Node: 71072 does not exist in the Input File 
FORCE: Node: 71073 does not exist in the Input File 
FORCE: Node: 71074 does not exist in the Input File 
FORCE: Node: 71075 does not exist in the Input File 
FORCE: Node: 71076 does not exist in the Input File 
FORCE: Node: 71077 does not exist in the Input File 
FORCE: Node: 71078 does not exist in the Input File 
FORCE: Node: 71079 does not exist in the Input File 
FORCE: Node: 71080 does not exist in the Input File 
FORCE: Node: 71081 does not exist in the Input File 
FORCE: Node: 71082 does not exist in the Input File 
FORCE: Node: 71083 does not exist in the Input File 
FORCE: Node: 71084 does not exist in the Input File 
FORCE: Node: 71085 does not exist in the Input File 
FORCE: Node: 71086 does not exist in the Input File 
FORCE: Node: 71087 does not exist in the Input File 
FORCE: Node: 71088 does not exist in the Input File 
FORCE: Node: 71089 does not exist in the Input File 
FORCE: Node: 71090 does not exist in the Input File 
FORCE: Node: 71091 does not exist in the Input File 
FORCE: Node: 71092 does not exist in the Input File 
FORCE: Node: 71093 does not exist in the Input File 
FORCE: Node: 71094 does not exist in the Input File 
FORCE: Node: 71095 does not exist in the Input File 
FORCE: Node: 71096 does not exist in the Input File 
FORCE: Node: 71097 does not exist in the Input File 
FORCE: Node: 71098 does not exist in the Input File 
FORCE: Node: 71099 does not exist in the Input File 
FORCE: Node: 71100 does not exist in the Input File 
FORCE: Node: 71101 does not exist in the Input File 
FORCE: Node: 71102 does not exist in the Input File 
FORCE: Node: 71103 does not exist in the Input File 
FORCE: Node: 71104 does not exist in the Input File 
FORCE: Node: 71105 does not exist in the Input File 
FORCE: Node: 71106 does not exist in the Input File 
FORCE: Node: 71107 does not exist in the Input File 
FORCE: Node: 71108 does not exist in the Input File 
FORCE: Node: 71109 does not exist in the Input File 
FORCE: Node: 71110 does not exist in the Input File 
FORCE: Node: 71111 does not exist in the Input File 
FORCE: Node: 71112 does not exist in the Input File 
FORCE: Node: 71113 does not exist in the Input File 
FORCE: Node: 71114 does not exist in the Input File 
FORCE: Node: 71115 does not exist in the Input File 
FORCE: Node: 71116 does not exist in the Input File 
FORCE: Node: 71117 does not exist in the Input File 
FORCE: Node: 71118 does not exist in the Input File 
FORCE: Node: 71119 does not exist in the Input File 
FORCE: Node: 71120 does not exist in the Input File 
FORCE: Node: 71121 does not exist in the Input File 
FORCE: Node: 71122 does not exist in the Input File 
FORCE: Node: 71123 does not exist in the Input File 
FORCE: Node: 71124 does not exist in the Input File 
FORCE: Node: 71125 does not exist in the Input File 
FORCE: Node: 71126 does not exist in the Input File 
FORCE: Node: 71127 does not exist in the Input File 
FORCE: Node: 71128 does not exist in the Input File 
FORCE: Node: 71129 does not exist in the Input File 
FORCE: Node: 71130 does not exist in the Input File 
FORCE: Node: 71131 does not exist in the Input File 
FORCE: Node: 71132 does not exist in the Input File 
FORCE: Node: 71133 does not exist in the Input File 
FORCE: Node: 71134 does not exist in the Input File 
FORCE: Node: 71135 does not exist in the Input File 
FORCE: Node: 71136 does not exist in the Input File 
FORCE: Node: 71137 does not exist in the Input File 
FORCE: Node: 71138 does not exist in the Input File 
FORCE: Node: 71139 does not exist in the Input File 
FORCE: Node: 71140 does not exist in the Input File 
FORCE: Node: 71141 does not exist in the Input File 
FORCE: Node: 71142 does not exist in the Input File 
FORCE: Node: 71143 does not exist in the Input File 
FORCE: Node: 71144 does not exist in the Input File 
FORCE: Node: 71145 does not exist in the Input File 
FORCE: Node: 71146 does not exist in the Input File 
FORCE: Node: 71147 does not exist in the Input File 
FORCE: Node: 71148 does not exist in the Input File 
FORCE: Node: 71149 does not exist in the Input File 
FORCE: Node: 71150 does not exist in the Input File 
FORCE: Node: 71151 does not exist in the Input File 
FORCE: Node: 71152 does not exist in the Input File 
FORCE: Node: 71153 does not exist in the Input File 
FORCE: Node: 71154 does not exist in the Input File 
FORCE: Node: 71155 does not exist in the Input File 
FORCE: Node: 71156 does not exist in the Input File 
FORCE: Node: 71157 does not exist in the Input File 
FORCE: Node: 71158 does not exist in the Input File 
FORCE: Node: 71159 does not exist in the Input File 
FORCE: Node: 71160 does not exist in the Input File 
FORCE: Node: 71161 does not exist in the Input File 
FORCE: Node: 71162 does not exist in the Input File 
FORCE: Node: 71163 does not exist in the Input File 
FORCE: Node: 71164 does not exist in the Input File 
FORCE: Node: 71165 does not exist in the Input File 
FORCE: Node: 71166 does not exist in the Input File 
FORCE: Node: 71167 does not exist in the Input File 
FORCE: Node: 71168 does not exist in the Input File 
FORCE: Node: 71169 does not exist in the Input File 
FORCE: Node: 71170 does not exist in the Input File 
FORCE: Node: 71171 does not exist in the Input File 
FORCE: Node: 71172 does not exist in the Input File 
FORCE: Node: 71173 does not exist in the Input File 
FORCE: Node: 71174 does not exist in the Input File 
FORCE: Node: 71175 does not exist in the Input File 
FORCE: Node: 71176 does not exist in the Input File 
FORCE: Node: 71177 does not exist in the Input File 
FORCE: Node: 71178 does not exist in the Input File 
FORCE: Node: 71179 does not exist in the Input File 
FORCE: Node: 71180 does not exist in the Input File 
FORCE: Node: 71181 does not exist in the Input File 
FORCE: Node: 71182 does not exist in the Input File 
FORCE: Node: 71183 does not exist in the Input File 
FORCE: Node: 71184 does not exist in the Input File 
FORCE: Node: 71185 does not exist in the Input File 
FORCE: Node: 71186 does not exist in the Input File 
FORCE: Node: 71187 does not exist in the Input File 
FORCE: Node: 71188 does not exist in the Input File 
FORCE: Node: 71189 does not exist in the Input File 
FORCE: Node: 71190 does not exist in the Input File 
FORCE: Node: 71191 does not exist in the Input File 
FORCE: Node: 71192 does not exist in the Input File 
FORCE: Node: 71193 does not exist in the Input File 
FORCE: Node: 71194 does not exist in the Input File 
FORCE: Node: 71195 does not exist in the Input File 
FORCE: Node: 71196 does not exist in the Input File 
FORCE: Node: 71197 does not exist in the Input File 
FORCE: Node: 71198 does not exist in the Input File 
FORCE: Node: 71199 does not exist in the Input File 
FORCE: Node: 71200 does not exist in the Input File 
FORCE: Node: 71201 does not exist in the Input File 
FORCE: Node: 71202 does not exist in the Input File 
FORCE: Node: 71203 does not exist in the Input File 
FORCE: Node: 71204 does not exist in the Input File 
FORCE: Node: 71205 does not exist in the Input File 
FORCE: Node: 71206 does not exist in the Input File 
FORCE: Node: 71207 does not exist in the Input File 
FORCE: Node: 71208 does not exist in the Input File 
FORCE: Node: 71209 does not exist in the Input File 
FORCE: Node: 71210 does not exist in the Input File 
FORCE: Node: 71211 does not exist in the Input File 
FORCE: Node: 71212 does not exist in the Input File 
FORCE: Node: 71213 does not exist in the Input File 
FORCE: Node: 71214 does not exist in the Input File 
FORCE: Node: 71215 does not exist in the Input File 
FORCE: Node: 71216 does not exist in the Input File 
FORCE: Node: 71217 does not exist in the Input File



 /---------------------------------------------------------------------\
|                                                                       |
| For requesting an enhancement or reporting a bug, please contact      |
| MSC Software support: http://support.mscsoftware.com/servicerequest   |
|                                                                       |
 \---------------------------------------------------------------------/