 /---------------------------------------------------------------------\
|                                                                       |
|   Log  of Translation of Nastran *bdf File Into Mentat *mfd/mud File  |
|                                                                       |
 \---------------------------------------------------------------------/



 /---------------------------------------------------------------------\
|                            Parsing                                    |
 \---------------------------------------------------------------------/



 /---------------------------------------------------------------------\
|                            Parsing Summary                            |
 \---------------------------------------------------------------------/

           Total Number of Lines in Input File:              406
           Total Number of Unrecognized Cards in Input File: 0
           Total Number of Unsupported  Cards in Input File: 0



 /---------------------------------------------------------------------\
|                       NASTRAN Model Summary                           |
|          use grep -c CARD_NAME to check Parsing Summary               |
 \---------------------------------------------------------------------/

|-----------------------------------------------------------------------|
|                LOAD CASE SECTION PARSED COUNTS SUMMARY                |
|-----------------------------------------------------------------------|


|-----------------------------------------------------------------------|
|                BULK DATA SECTION PARSED COUNTS SUMMARY                |
|-----------------------------------------------------------------------|

                              TEMP     :                   406


 /---------------------------------------------------------------------\
|                            Translation                                |
 \---------------------------------------------------------------------/
 
Node Temperature:  Node: 70001 Does not Exist - Translation Not Performed 
Node Temperature:  Node: 70002 Does not Exist - Translation Not Performed 
Node Temperature:  Node: 70003 Does not Exist - Translation Not Performed 
Node Temperature:  Node: 70004 Does not Exist - Translation Not Performed 
Node Temperature:  Node: 70005 Does not Exist - Translation Not Performed 
Node Temperature:  Node: 70006 Does not Exist - Translation Not Performed 
Node Temperature:  Node: 70007 Does not Exist - Translation Not Performed 
Node Temperature:  Node: 70008 Does not Exist - Translation Not Performed 
Node Temperature:  Node: 70009 Does not Exist - Translation Not Performed 
Node Temperature:  Node: 70010 Does not Exist - Translation Not Performed 
Node Temperature:  Node: 70011 Does not Exist - Translation Not Performed 
Node Temperature:  Node: 70012 Does not Exist - Translation Not Performed 
Node Temperature:  Node: 70013 Does not Exist - Translation Not Performed 
Node Temperature:  Node: 70014 Does not Exist - Translation Not Performed 
Node Temperature:  Node: 70015 Does not Exist - Translation Not Performed 
Node Temperature:  Node: 70016 Does not Exist - Translation Not Performed 
Node Temperature:  Node: 70017 Does not Exist - Translation Not Performed 
Node Temperature:  Node: 70018 Does not Exist - Translation Not Performed 
Node Temperature:  Node: 70019 Does not Exist - Translation Not Performed 
Node Temperature:  Node: 70020 Does not Exist - Translation Not Performed 
Node Temperature:  Node: 70021 Does not Exist - Translation Not Performed 
Node Temperature:  Node: 70022 Does not Exist - Translation Not Performed 
Node Temperature:  Node: 70023 Does not Exist - Translation Not Performed 
Node Temperature:  Node: 70024 Does not Exist - Translation Not Performed 
Node Temperature:  Node: 70025 Does not Exist - Translation Not Performed 
Node Temperature:  Node: 70026 Does not Exist - Translation Not Performed 
Node Temperature:  Node: 70027 Does not Exist - Translation Not Performed 
Node Temperature:  Node: 70028 Does not Exist - Translation Not Performed 
Node Temperature:  Node: 70029 Does not Exist - Translation Not Performed 
Node Temperature:  Node: 70030 Does not Exist - Translation Not Performed 
Node Temperature:  Node: 70031 Does not Exist - Translation Not Performed 
Node Temperature:  Node: 70032 Does not Exist - Translation Not Performed 
Node Temperature:  Node: 70033 Does not Exist - Translation Not Performed 
Node Temperature:  Node: 70034 Does not Exist - Translation Not Performed 
Node Temperature:  Node: 70035 Does not Exist - Translation Not Performed 
Node Temperature:  Node: 70036 Does not Exist - Translation Not Performed 
Node Temperature:  Node: 70037 Does not Exist - Translation Not Performed 
Node Temperature:  Node: 70038 Does not Exist - Translation Not Performed 
Node Temperature:  Node: 70039 Does not Exist - Translation Not Performed 
Node Temperature:  Node: 70040 Does not Exist - Translation Not Performed 
Node Temperature:  Node: 70041 Does not Exist - Translation Not Performed 
Node Temperature:  Node: 70042 Does not Exist - Translation Not Performed 
Node Temperature:  Node: 70043 Does not Exist - Translation Not Performed 
Node Temperature:  Node: 70044 Does not Exist - Translation Not Performed 
Node Temperature:  Node: 70045 Does not Exist - Translation Not Performed 
Node Temperature:  Node: 70046 Does not Exist - Translation Not Performed 
Node Temperature:  Node: 70047 Does not Exist - Translation Not Performed 
Node Temperature:  Node: 70048 Does not Exist - Translation Not Performed 
Node Temperature:  Node: 70049 Does not Exist - Translation Not Performed 
Node Temperature:  Node: 70050 Does not Exist - Translation Not Performed 
Node Temperature:  Node: 70051 Does not Exist - Translation Not Performed 
Node Temperature:  Node: 70052 Does not Exist - Translation Not Performed 
Node Temperature:  Node: 70053 Does not Exist - Translation Not Performed 
Node Temperature:  Node: 70054 Does not Exist - Translation Not Performed 
Node Temperature:  Node: 70055 Does not Exist - Translation Not Performed 
Node Temperature:  Node: 70056 Does not Exist - Translation Not Performed 
Node Temperature:  Node: 70057 Does not Exist - Translation Not Performed 
Node Temperature:  Node: 70058 Does not Exist - Translation Not Performed 
Node Temperature:  Node: 70059 Does not Exist - Translation Not Performed 
Node Temperature:  Node: 70060 Does not Exist - Translation Not Performed 
Node Temperature:  Node: 70061 Does not Exist - Translation Not Performed 
Node Temperature:  Node: 70062 Does not Exist - Translation Not Performed 
Node Temperature:  Node: 70063 Does not Exist - Translation Not Performed 
Node Temperature:  Node: 70064 Does not Exist - Translation Not Performed 
Node Temperature:  Node: 70065 Does not Exist - Translation Not Performed 
Node Temperature:  Node: 70066 Does not Exist - Translation Not Performed 
Node Temperature:  Node: 70067 Does not Exist - Translation Not Performed 
Node Temperature:  Node: 70068 Does not Exist - Translation Not Performed 
Node Temperature:  Node: 70069 Does not Exist - Translation Not Performed 
Node Temperature:  Node: 70070 Does not Exist - Translation Not Performed 
Node Temperature:  Node: 70071 Does not Exist - Translation Not Performed 
Node Temperature:  Node: 70072 Does not Exist - Translation Not Performed 
Node Temperature:  Node: 70073 Does not Exist - Translation Not Performed 
Node Temperature:  Node: 70074 Does not Exist - Translation Not Performed 
Node Temperature:  Node: 70075 Does not Exist - Translation Not Performed 
Node Temperature:  Node: 70076 Does not Exist - Translation Not Performed 
Node Temperature:  Node: 70077 Does not Exist - Translation Not Performed 
Node Temperature:  Node: 70078 Does not Exist - Translation Not Performed 
Node Temperature:  Node: 70079 Does not Exist - Translation Not Performed 
Node Temperature:  Node: 70080 Does not Exist - Translation Not Performed 
Node Temperature:  Node: 70081 Does not Exist - Translation Not Performed 
Node Temperature:  Node: 70082 Does not Exist - Translation Not Performed 
Node Temperature:  Node: 70083 Does not Exist - Translation Not Performed 
Node Temperature:  Node: 70084 Does not Exist - Translation Not Performed 
Node Temperature:  Node: 70085 Does not Exist - Translation Not Performed 
Node Temperature:  Node: 70086 Does not Exist - Translation Not Performed 
Node Temperature:  Node: 70087 Does not Exist - Translation Not Performed 
Node Temperature:  Node: 70088 Does not Exist - Translation Not Performed 
Node Temperature:  Node: 70089 Does not Exist - Translation Not Performed 
Node Temperature:  Node: 70090 Does not Exist - Translation Not Performed 
Node Temperature:  Node: 70091 Does not Exist - Translation Not Performed 
Node Temperature:  Node: 70092 Does not Exist - Translation Not Performed 
Node Temperature:  Node: 70093 Does not Exist - Translation Not Performed 
Node Temperature:  Node: 70094 Does not Exist - Translation Not Performed 
Node Temperature:  Node: 70095 Does not Exist - Translation Not Performed 
Node Temperature:  Node: 70096 Does not Exist - Translation Not Performed 
Node Temperature:  Node: 70097 Does not Exist - Translation Not Performed 
Node Temperature:  Node: 70098 Does not Exist - Translation Not Performed 
Node Temperature:  Node: 70099 Does not Exist - Translation Not Performed 
Node Temperature:  Node: 70100 Does not Exist - Translation Not Performed 
Node Temperature:  Node: 70101 Does not Exist - Translation Not Performed 
Node Temperature:  Node: 70102 Does not Exist - Translation Not Performed 
Node Temperature:  Node: 70103 Does not Exist - Translation Not Performed 
Node Temperature:  Node: 70104 Does not Exist - Translation Not Performed 
Node Temperature:  Node: 70105 Does not Exist - Translation Not Performed 
Node Temperature:  Node: 70106 Does not Exist - Translation Not Performed 
Node Temperature:  Node: 70107 Does not Exist - Translation Not Performed 
Node Temperature:  Node: 70108 Does not Exist - Translation Not Performed 
Node Temperature:  Node: 70109 Does not Exist - Translation Not Performed 
Node Temperature:  Node: 70110 Does not Exist - Translation Not Performed 
Node Temperature:  Node: 70111 Does not Exist - Translation Not Performed 
Node Temperature:  Node: 70112 Does not Exist - Translation Not Performed 
Node Temperature:  Node: 70113 Does not Exist - Translation Not Performed 
Node Temperature:  Node: 70114 Does not Exist - Translation Not Performed 
Node Temperature:  Node: 70115 Does not Exist - Translation Not Performed 
Node Temperature:  Node: 70116 Does not Exist - Translation Not Performed 
Node Temperature:  Node: 70117 Does not Exist - Translation Not Performed 
Node Temperature:  Node: 70118 Does not Exist - Translation Not Performed 
Node Temperature:  Node: 70119 Does not Exist - Translation Not Performed 
Node Temperature:  Node: 70120 Does not Exist - Translation Not Performed 
Node Temperature:  Node: 70121 Does not Exist - Translation Not Performed 
Node Temperature:  Node: 70122 Does not Exist - Translation Not Performed 
Node Temperature:  Node: 70123 Does not Exist - Translation Not Performed 
Node Temperature:  Node: 70124 Does not Exist - Translation Not Performed 
Node Temperature:  Node: 70125 Does not Exist - Translation Not Performed 
Node Temperature:  Node: 70126 Does not Exist - Translation Not Performed 
Node Temperature:  Node: 70127 Does not Exist - Translation Not Performed 
Node Temperature:  Node: 70128 Does not Exist - Translation Not Performed 
Node Temperature:  Node: 70129 Does not Exist - Translation Not Performed 
Node Temperature:  Node: 70130 Does not Exist - Translation Not Performed 
Node Temperature:  Node: 70131 Does not Exist - Translation Not Performed 
Node Temperature:  Node: 70132 Does not Exist - Translation Not Performed 
Node Temperature:  Node: 70133 Does not Exist - Translation Not Performed 
Node Temperature:  Node: 70134 Does not Exist - Translation Not Performed 
Node Temperature:  Node: 70135 Does not Exist - Translation Not Performed 
Node Temperature:  Node: 70136 Does not Exist - Translation Not Performed 
Node Temperature:  Node: 70137 Does not Exist - Translation Not Performed 
Node Temperature:  Node: 70138 Does not Exist - Translation Not Performed 
Node Temperature:  Node: 70139 Does not Exist - Translation Not Performed 
Node Temperature:  Node: 70140 Does not Exist - Translation Not Performed 
Node Temperature:  Node: 70141 Does not Exist - Translation Not Performed 
Node Temperature:  Node: 70142 Does not Exist - Translation Not Performed 
Node Temperature:  Node: 70143 Does not Exist - Translation Not Performed 
Node Temperature:  Node: 70144 Does not Exist - Translation Not Performed 
Node Temperature:  Node: 70145 Does not Exist - Translation Not Performed 
Node Temperature:  Node: 70146 Does not Exist - Translation Not Performed 
Node Temperature:  Node: 70147 Does not Exist - Translation Not Performed 
Node Temperature:  Node: 70148 Does not Exist - Translation Not Performed 
Node Temperature:  Node: 70149 Does not Exist - Translation Not Performed 
Node Temperature:  Node: 70150 Does not Exist - Translation Not Performed 
Node Temperature:  Node: 70151 Does not Exist - Translation Not Performed 
Node Temperature:  Node: 70152 Does not Exist - Translation Not Performed 
Node Temperature:  Node: 70153 Does not Exist - Translation Not Performed 
Node Temperature:  Node: 70154 Does not Exist - Translation Not Performed 
Node Temperature:  Node: 70155 Does not Exist - Translation Not Performed 
Node Temperature:  Node: 70156 Does not Exist - Translation Not Performed 
Node Temperature:  Node: 70157 Does not Exist - Translation Not Performed 
Node Temperature:  Node: 70158 Does not Exist - Translation Not Performed 
Node Temperature:  Node: 70159 Does not Exist - Translation Not Performed 
Node Temperature:  Node: 70160 Does not Exist - Translation Not Performed 
Node Temperature:  Node: 70161 Does not Exist - Translation Not Performed 
Node Temperature:  Node: 70162 Does not Exist - Translation Not Performed 
Node Temperature:  Node: 70163 Does not Exist - Translation Not Performed 
Node Temperature:  Node: 70164 Does not Exist - Translation Not Performed 
Node Temperature:  Node: 70165 Does not Exist - Translation Not Performed 
Node Temperature:  Node: 70166 Does not Exist - Translation Not Performed 
Node Temperature:  Node: 70167 Does not Exist - Translation Not Performed 
Node Temperature:  Node: 70168 Does not Exist - Translation Not Performed 
Node Temperature:  Node: 70169 Does not Exist - Translation Not Performed 
Node Temperature:  Node: 70170 Does not Exist - Translation Not Performed 
Node Temperature:  Node: 70171 Does not Exist - Translation Not Performed 
Node Temperature:  Node: 70172 Does not Exist - Translation Not Performed 
Node Temperature:  Node: 70173 Does not Exist - Translation Not Performed 
Node Temperature:  Node: 70174 Does not Exist - Translation Not Performed 
Node Temperature:  Node: 70175 Does not Exist - Translation Not Performed 
Node Temperature:  Node: 70176 Does not Exist - Translation Not Performed 
Node Temperature:  Node: 70177 Does not Exist - Translation Not Performed 
Node Temperature:  Node: 70178 Does not Exist - Translation Not Performed 
Node Temperature:  Node: 70179 Does not Exist - Translation Not Performed 
Node Temperature:  Node: 70180 Does not Exist - Translation Not Performed 
Node Temperature:  Node: 70181 Does not Exist - Translation Not Performed 
Node Temperature:  Node: 70182 Does not Exist - Translation Not Performed 
Node Temperature:  Node: 70183 Does not Exist - Translation Not Performed 
Node Temperature:  Node: 70184 Does not Exist - Translation Not Performed 
Node Temperature:  Node: 70185 Does not Exist - Translation Not Performed 
Node Temperature:  Node: 70186 Does not Exist - Translation Not Performed 
Node Temperature:  Node: 70187 Does not Exist - Translation Not Performed 
Node Temperature:  Node: 70188 Does not Exist - Translation Not Performed 
Node Temperature:  Node: 70189 Does not Exist - Translation Not Performed 
Node Temperature:  Node: 70190 Does not Exist - Translation Not Performed 
Node Temperature:  Node: 70191 Does not Exist - Translation Not Performed 
Node Temperature:  Node: 70192 Does not Exist - Translation Not Performed 
Node Temperature:  Node: 70193 Does not Exist - Translation Not Performed 
Node Temperature:  Node: 70194 Does not Exist - Translation Not Performed 
Node Temperature:  Node: 70195 Does not Exist - Translation Not Performed 
Node Temperature:  Node: 70196 Does not Exist - Translation Not Performed 
Node Temperature:  Node: 70197 Does not Exist - Translation Not Performed 
Node Temperature:  Node: 70198 Does not Exist - Translation Not Performed 
Node Temperature:  Node: 70199 Does not Exist - Translation Not Performed 
Node Temperature:  Node: 70200 Does not Exist - Translation Not Performed 
Node Temperature:  Node: 70201 Does not Exist - Translation Not Performed 
Node Temperature:  Node: 70202 Does not Exist - Translation Not Performed 
Node Temperature:  Node: 70203 Does not Exist - Translation Not Performed 
Node Temperature:  Node: 70204 Does not Exist - Translation Not Performed 
Node Temperature:  Node: 70205 Does not Exist - Translation Not Performed 
Node Temperature:  Node: 70206 Does not Exist - Translation Not Performed 
Node Temperature:  Node: 70207 Does not Exist - Translation Not Performed 
Node Temperature:  Node: 70208 Does not Exist - Translation Not Performed 
Node Temperature:  Node: 70209 Does not Exist - Translation Not Performed 
Node Temperature:  Node: 70210 Does not Exist - Translation Not Performed 
Node Temperature:  Node: 70211 Does not Exist - Translation Not Performed 
Node Temperature:  Node: 70212 Does not Exist - Translation Not Performed 
Node Temperature:  Node: 70213 Does not Exist - Translation Not Performed 
Node Temperature:  Node: 70214 Does not Exist - Translation Not Performed 
Node Temperature:  Node: 70215 Does not Exist - Translation Not Performed 
Node Temperature:  Node: 70216 Does not Exist - Translation Not Performed 
Node Temperature:  Node: 70217 Does not Exist - Translation Not Performed 
Node Temperature:  Node: 70218 Does not Exist - Translation Not Performed 
Node Temperature:  Node: 70219 Does not Exist - Translation Not Performed 
Node Temperature:  Node: 70220 Does not Exist - Translation Not Performed 
Node Temperature:  Node: 70221 Does not Exist - Translation Not Performed 
Node Temperature:  Node: 70222 Does not Exist - Translation Not Performed 
Node Temperature:  Node: 70223 Does not Exist - Translation Not Performed 
Node Temperature:  Node: 70224 Does not Exist - Translation Not Performed 
Node Temperature:  Node: 70225 Does not Exist - Translation Not Performed 
Node Temperature:  Node: 70226 Does not Exist - Translation Not Performed 
Node Temperature:  Node: 70227 Does not Exist - Translation Not Performed 
Node Temperature:  Node: 70228 Does not Exist - Translation Not Performed 
Node Temperature:  Node: 70229 Does not Exist - Translation Not Performed 
Node Temperature:  Node: 70230 Does not Exist - Translation Not Performed 
Node Temperature:  Node: 70231 Does not Exist - Translation Not Performed 
Node Temperature:  Node: 70232 Does not Exist - Translation Not Performed 
Node Temperature:  Node: 70233 Does not Exist - Translation Not Performed 
Node Temperature:  Node: 70234 Does not Exist - Translation Not Performed 
Node Temperature:  Node: 70235 Does not Exist - Translation Not Performed 
Node Temperature:  Node: 70236 Does not Exist - Translation Not Performed 
Node Temperature:  Node: 70237 Does not Exist - Translation Not Performed 
Node Temperature:  Node: 70238 Does not Exist - Translation Not Performed 
Node Temperature:  Node: 70239 Does not Exist - Translation Not Performed 
Node Temperature:  Node: 70240 Does not Exist - Translation Not Performed 
Node Temperature:  Node: 70241 Does not Exist - Translation Not Performed 
Node Temperature:  Node: 70242 Does not Exist - Translation Not Performed 
Node Temperature:  Node: 70243 Does not Exist - Translation Not Performed 
Node Temperature:  Node: 70244 Does not Exist - Translation Not Performed 
Node Temperature:  Node: 70245 Does not Exist - Translation Not Performed 
Node Temperature:  Node: 70246 Does not Exist - Translation Not Performed 
Node Temperature:  Node: 70247 Does not Exist - Translation Not Performed 
Node Temperature:  Node: 70248 Does not Exist - Translation Not Performed 
Node Temperature:  Node: 70249 Does not Exist - Translation Not Performed 
Node Temperature:  Node: 70250 Does not Exist - Translation Not Performed 
Node Temperature:  Node: 70251 Does not Exist - Translation Not Performed 
Node Temperature:  Node: 70252 Does not Exist - Translation Not Performed 
Node Temperature:  Node: 70253 Does not Exist - Translation Not Performed 
Node Temperature:  Node: 70254 Does not Exist - Translation Not Performed 
Node Temperature:  Node: 70255 Does not Exist - Translation Not Performed 
Node Temperature:  Node: 70256 Does not Exist - Translation Not Performed 
Node Temperature:  Node: 70257 Does not Exist - Translation Not Performed 
Node Temperature:  Node: 70258 Does not Exist - Translation Not Performed 
Node Temperature:  Node: 70259 Does not Exist - Translation Not Performed 
Node Temperature:  Node: 70260 Does not Exist - Translation Not Performed 
Node Temperature:  Node: 70261 Does not Exist - Translation Not Performed 
Node Temperature:  Node: 70262 Does not Exist - Translation Not Performed 
Node Temperature:  Node: 70263 Does not Exist - Translation Not Performed 
Node Temperature:  Node: 70264 Does not Exist - Translation Not Performed 
Node Temperature:  Node: 70265 Does not Exist - Translation Not Performed 
Node Temperature:  Node: 70266 Does not Exist - Translation Not Performed 
Node Temperature:  Node: 70267 Does not Exist - Translation Not Performed 
Node Temperature:  Node: 70268 Does not Exist - Translation Not Performed 
Node Temperature:  Node: 70269 Does not Exist - Translation Not Performed 
Node Temperature:  Node: 70270 Does not Exist - Translation Not Performed 
Node Temperature:  Node: 70271 Does not Exist - Translation Not Performed 
Node Temperature:  Node: 70272 Does not Exist - Translation Not Performed 
Node Temperature:  Node: 70273 Does not Exist - Translation Not Performed 
Node Temperature:  Node: 70274 Does not Exist - Translation Not Performed 
Node Temperature:  Node: 70275 Does not Exist - Translation Not Performed 
Node Temperature:  Node: 70276 Does not Exist - Translation Not Performed 
Node Temperature:  Node: 70277 Does not Exist - Translation Not Performed 
Node Temperature:  Node: 70278 Does not Exist - Translation Not Performed 
Node Temperature:  Node: 70279 Does not Exist - Translation Not Performed 
Node Temperature:  Node: 70280 Does not Exist - Translation Not Performed 
Node Temperature:  Node: 70281 Does not Exist - Translation Not Performed 
Node Temperature:  Node: 70282 Does not Exist - Translation Not Performed 
Node Temperature:  Node: 70283 Does not Exist - Translation Not Performed 
Node Temperature:  Node: 70284 Does not Exist - Translation Not Performed 
Node Temperature:  Node: 70285 Does not Exist - Translation Not Performed 
Node Temperature:  Node: 70286 Does not Exist - Translation Not Performed 
Node Temperature:  Node: 70287 Does not Exist - Translation Not Performed 
Node Temperature:  Node: 70288 Does not Exist - Translation Not Performed 
Node Temperature:  Node: 70289 Does not Exist - Translation Not Performed 
Node Temperature:  Node: 70290 Does not Exist - Translation Not Performed 
Node Temperature:  Node: 70291 Does not Exist - Translation Not Performed 
Node Temperature:  Node: 70292 Does not Exist - Translation Not Performed 
Node Temperature:  Node: 70293 Does not Exist - Translation Not Performed 
Node Temperature:  Node: 70294 Does not Exist - Translation Not Performed 
Node Temperature:  Node: 70295 Does not Exist - Translation Not Performed 
Node Temperature:  Node: 70296 Does not Exist - Translation Not Performed 
Node Temperature:  Node: 70297 Does not Exist - Translation Not Performed 
Node Temperature:  Node: 70298 Does not Exist - Translation Not Performed 
Node Temperature:  Node: 70299 Does not Exist - Translation Not Performed 
Node Temperature:  Node: 70300 Does not Exist - Translation Not Performed 
Node Temperature:  Node: 70301 Does not Exist - Translation Not Performed 
Node Temperature:  Node: 70302 Does not Exist - Translation Not Performed 
Node Temperature:  Node: 70303 Does not Exist - Translation Not Performed 
Node Temperature:  Node: 70304 Does not Exist - Translation Not Performed 
Node Temperature:  Node: 70305 Does not Exist - Translation Not Performed 
Node Temperature:  Node: 70306 Does not Exist - Translation Not Performed 
Node Temperature:  Node: 70307 Does not Exist - Translation Not Performed 
Node Temperature:  Node: 70308 Does not Exist - Translation Not Performed 
Node Temperature:  Node: 70309 Does not Exist - Translation Not Performed 
Node Temperature:  Node: 70310 Does not Exist - Translation Not Performed 
Node Temperature:  Node: 70311 Does not Exist - Translation Not Performed 
Node Temperature:  Node: 70312 Does not Exist - Translation Not Performed 
Node Temperature:  Node: 70313 Does not Exist - Translation Not Performed 
Node Temperature:  Node: 70314 Does not Exist - Translation Not Performed 
Node Temperature:  Node: 70315 Does not Exist - Translation Not Performed 
Node Temperature:  Node: 70316 Does not Exist - Translation Not Performed 
Node Temperature:  Node: 70317 Does not Exist - Translation Not Performed 
Node Temperature:  Node: 70318 Does not Exist - Translation Not Performed 
Node Temperature:  Node: 70319 Does not Exist - Translation Not Performed 
Node Temperature:  Node: 70320 Does not Exist - Translation Not Performed 
Node Temperature:  Node: 70321 Does not Exist - Translation Not Performed 
Node Temperature:  Node: 70322 Does not Exist - Translation Not Performed 
Node Temperature:  Node: 70323 Does not Exist - Translation Not Performed 
Node Temperature:  Node: 70324 Does not Exist - Translation Not Performed 
Node Temperature:  Node: 70325 Does not Exist - Translation Not Performed 
Node Temperature:  Node: 70326 Does not Exist - Translation Not Performed 
Node Temperature:  Node: 70327 Does not Exist - Translation Not Performed 
Node Temperature:  Node: 70328 Does not Exist - Translation Not Performed 
Node Temperature:  Node: 70329 Does not Exist - Translation Not Performed 
Node Temperature:  Node: 70330 Does not Exist - Translation Not Performed 
Node Temperature:  Node: 70331 Does not Exist - Translation Not Performed 
Node Temperature:  Node: 70332 Does not Exist - Translation Not Performed 
Node Temperature:  Node: 70333 Does not Exist - Translation Not Performed 
Node Temperature:  Node: 70334 Does not Exist - Translation Not Performed 
Node Temperature:  Node: 70335 Does not Exist - Translation Not Performed 
Node Temperature:  Node: 70336 Does not Exist - Translation Not Performed 
Node Temperature:  Node: 70337 Does not Exist - Translation Not Performed 
Node Temperature:  Node: 70338 Does not Exist - Translation Not Performed 
Node Temperature:  Node: 70339 Does not Exist - Translation Not Performed 
Node Temperature:  Node: 70340 Does not Exist - Translation Not Performed 
Node Temperature:  Node: 70341 Does not Exist - Translation Not Performed 
Node Temperature:  Node: 70342 Does not Exist - Translation Not Performed 
Node Temperature:  Node: 70343 Does not Exist - Translation Not Performed 
Node Temperature:  Node: 70344 Does not Exist - Translation Not Performed 
Node Temperature:  Node: 70345 Does not Exist - Translation Not Performed 
Node Temperature:  Node: 70346 Does not Exist - Translation Not Performed 
Node Temperature:  Node: 70347 Does not Exist - Translation Not Performed 
Node Temperature:  Node: 70348 Does not Exist - Translation Not Performed 
Node Temperature:  Node: 70349 Does not Exist - Translation Not Performed 
Node Temperature:  Node: 70350 Does not Exist - Translation Not Performed 
Node Temperature:  Node: 70351 Does not Exist - Translation Not Performed 
Node Temperature:  Node: 70352 Does not Exist - Translation Not Performed 
Node Temperature:  Node: 70353 Does not Exist - Translation Not Performed 
Node Temperature:  Node: 70354 Does not Exist - Translation Not Performed 
Node Temperature:  Node: 70355 Does not Exist - Translation Not Performed 
Node Temperature:  Node: 70356 Does not Exist - Translation Not Performed 
Node Temperature:  Node: 70357 Does not Exist - Translation Not Performed 
Node Temperature:  Node: 70358 Does not Exist - Translation Not Performed 
Node Temperature:  Node: 70359 Does not Exist - Translation Not Performed 
Node Temperature:  Node: 70360 Does not Exist - Translation Not Performed 
Node Temperature:  Node: 70361 Does not Exist - Translation Not Performed 
Node Temperature:  Node: 70362 Does not Exist - Translation Not Performed 
Node Temperature:  Node: 70363 Does not Exist - Translation Not Performed 
Node Temperature:  Node: 70364 Does not Exist - Translation Not Performed 
Node Temperature:  Node: 70365 Does not Exist - Translation Not Performed 
Node Temperature:  Node: 70366 Does not Exist - Translation Not Performed 
Node Temperature:  Node: 70367 Does not Exist - Translation Not Performed 
Node Temperature:  Node: 70368 Does not Exist - Translation Not Performed 
Node Temperature:  Node: 70369 Does not Exist - Translation Not Performed 
Node Temperature:  Node: 70370 Does not Exist - Translation Not Performed 
Node Temperature:  Node: 70371 Does not Exist - Translation Not Performed 
Node Temperature:  Node: 70372 Does not Exist - Translation Not Performed 
Node Temperature:  Node: 70373 Does not Exist - Translation Not Performed 
Node Temperature:  Node: 70374 Does not Exist - Translation Not Performed 
Node Temperature:  Node: 70375 Does not Exist - Translation Not Performed 
Node Temperature:  Node: 70376 Does not Exist - Translation Not Performed 
Node Temperature:  Node: 70377 Does not Exist - Translation Not Performed 
Node Temperature:  Node: 70378 Does not Exist - Translation Not Performed 
Node Temperature:  Node: 70379 Does not Exist - Translation Not Performed 
Node Temperature:  Node: 70380 Does not Exist - Translation Not Performed 
Node Temperature:  Node: 70381 Does not Exist - Translation Not Performed 
Node Temperature:  Node: 70382 Does not Exist - Translation Not Performed 
Node Temperature:  Node: 70383 Does not Exist - Translation Not Performed 
Node Temperature:  Node: 70384 Does not Exist - Translation Not Performed 
Node Temperature:  Node: 70385 Does not Exist - Translation Not Performed 
Node Temperature:  Node: 70386 Does not Exist - Translation Not Performed 
Node Temperature:  Node: 70387 Does not Exist - Translation Not Performed 
Node Temperature:  Node: 70388 Does not Exist - Translation Not Performed 
Node Temperature:  Node: 70389 Does not Exist - Translation Not Performed 
Node Temperature:  Node: 70390 Does not Exist - Translation Not Performed 
Node Temperature:  Node: 70391 Does not Exist - Translation Not Performed 
Node Temperature:  Node: 70392 Does not Exist - Translation Not Performed 
Node Temperature:  Node: 70393 Does not Exist - Translation Not Performed 
Node Temperature:  Node: 70394 Does not Exist - Translation Not Performed 
Node Temperature:  Node: 70395 Does not Exist - Translation Not Performed 
Node Temperature:  Node: 70396 Does not Exist - Translation Not Performed 
Node Temperature:  Node: 70397 Does not Exist - Translation Not Performed 
Node Temperature:  Node: 70398 Does not Exist - Translation Not Performed 
Node Temperature:  Node: 70399 Does not Exist - Translation Not Performed 
Node Temperature:  Node: 70400 Does not Exist - Translation Not Performed 
Node Temperature:  Node: 70401 Does not Exist - Translation Not Performed 
Node Temperature:  Node: 70402 Does not Exist - Translation Not Performed 
Node Temperature:  Node: 70403 Does not Exist - Translation Not Performed 
Node Temperature:  Node: 70404 Does not Exist - Translation Not Performed 
Node Temperature:  Node: 70405 Does not Exist - Translation Not Performed 
Node Temperature:  Node: 70406 Does not Exist - Translation Not Performed 
Node Temperature:  Node: 70407 Does not Exist - Translation Not Performed 
Node Temperature:  Node: 70408 Does not Exist - Translation Not Performed 
Node Temperature:  Node: 70409 Does not Exist - Translation Not Performed 
Node Temperature:  Node: 70410 Does not Exist - Translation Not Performed 
Node Temperature:  Node: 70411 Does not Exist - Translation Not Performed 
Node Temperature:  Node: 70412 Does not Exist - Translation Not Performed 
Node Temperature:  Node: 70413 Does not Exist - Translation Not Performed 
Node Temperature:  Node: 70414 Does not Exist - Translation Not Performed 
Node Temperature:  Node: 70415 Does not Exist - Translation Not Performed 
Node Temperature:  Node: 70416 Does not Exist - Translation Not Performed 
Node Temperature:  Node: 70417 Does not Exist - Translation Not Performed 
Node Temperature:  Node: 70418 Does not Exist - Translation Not Performed 
Node Temperature:  Node: 70419 Does not Exist - Translation Not Performed 
Node Temperature:  Node: 70420 Does not Exist - Translation Not Performed 
Node Temperature:  Node: 70421 Does not Exist - Translation Not Performed 
Node Temperature:  Node: 70422 Does not Exist - Translation Not Performed 
Node Temperature:  Node: 70423 Does not Exist - Translation Not Performed 
Node Temperature:  Node: 70424 Does not Exist - Translation Not Performed 
Node Temperature:  Node: 70425 Does not Exist - Translation Not Performed 
Node Temperature:  Node: 70426 Does not Exist - Translation Not Performed 
Node Temperature:  Node: 70427 Does not Exist - Translation Not Performed 
Node Temperature:  Node: 70428 Does not Exist - Translation Not Performed 
Node Temperature:  Node: 70429 Does not Exist - Translation Not Performed 
Node Temperature:  Node: 70430 Does not Exist - Translation Not Performed 
Node Temperature:  Node: 70431 Does not Exist - Translation Not Performed 
Node Temperature:  Node: 70432 Does not Exist - Translation Not Performed 
Node Temperature:  Node: 70433 Does not Exist - Translation Not Performed 
Node Temperature:  Node: 70434 Does not Exist - Translation Not Performed 
Node Temperature:  Node: 70435 Does not Exist - Translation Not Performed 
Node Temperature:  Node: 70436 Does not Exist - Translation Not Performed 
Node Temperature:  Node: 70437 Does not Exist - Translation Not Performed 
Node Temperature:  Node: 70438 Does not Exist - Translation Not Performed 
Node Temperature:  Node: 70439 Does not Exist - Translation Not Performed 
Node Temperature:  Node: 70440 Does not Exist - Translation Not Performed 
Node Temperature:  Node: 70441 Does not Exist - Translation Not Performed 
Node Temperature:  Node: 70442 Does not Exist - Translation Not Performed 
Node Temperature:  Node: 70443 Does not Exist - Translation Not Performed 
Node Temperature:  Node: 70444 Does not Exist - Translation Not Performed 
Node Temperature:  Node: 70445 Does not Exist - Translation Not Performed 
Node Temperature:  Node: 70446 Does not Exist - Translation Not Performed 
Node Temperature:  Node: 70447 Does not Exist - Translation Not Performed 
Node Temperature:  Node: 70448 Does not Exist - Translation Not Performed 
Node Temperature:  Node: 70449 Does not Exist - Translation Not Performed 
Node Temperature:  Node: 70450 Does not Exist - Translation Not Performed 
Node Temperature:  Node: 70451 Does not Exist - Translation Not Performed 
Node Temperature:  Node: 70452 Does not Exist - Translation Not Performed 
Node Temperature:  Node: 70453 Does not Exist - Translation Not Performed 
Node Temperature:  Node: 70454 Does not Exist - Translation Not Performed 
Node Temperature:  Node: 70455 Does not Exist - Translation Not Performed 
Node Temperature:  Node: 70456 Does not Exist - Translation Not Performed 
Node Temperature:  Node: 70457 Does not Exist - Translation Not Performed 
Node Temperature:  Node: 70458 Does not Exist - Translation Not Performed 
Node Temperature:  Node: 70459 Does not Exist - Translation Not Performed 
Node Temperature:  Node: 70460 Does not Exist - Translation Not Performed 
Node Temperature:  Node: 70461 Does not Exist - Translation Not Performed 
Node Temperature:  Node: 70462 Does not Exist - Translation Not Performed 
Node Temperature:  Node: 70463 Does not Exist - Translation Not Performed 
Node Temperature:  Node: 70464 Does not Exist - Translation Not Performed 
Node Temperature:  Node: 70465 Does not Exist - Translation Not Performed 
Node Temperature:  Node: 70466 Does not Exist - Translation Not Performed 
Node Temperature:  Node: 70467 Does not Exist - Translation Not Performed 
Node Temperature:  Node: 70468 Does not Exist - Translation Not Performed 
Node Temperature:  Node: 70469 Does not Exist - Translation Not Performed 
Node Temperature:  Node: 70470 Does not Exist - Translation Not Performed 
Node Temperature:  Node: 70471 Does not Exist - Translation Not Performed 
Node Temperature:  Node: 70472 Does not Exist - Translation Not Performed 
Node Temperature:  Node: 70473 Does not Exist - Translation Not Performed 
Node Temperature:  Node: 70474 Does not Exist - Translation Not Performed 
Node Temperature:  Node: 70475 Does not Exist - Translation Not Performed 
Node Temperature:  Node: 70476 Does not Exist - Translation Not Performed 
Node Temperature:  Node: 70477 Does not Exist - Translation Not Performed 
Node Temperature:  Node: 70478 Does not Exist - Translation Not Performed 
Node Temperature:  Node: 70479 Does not Exist - Translation Not Performed 
Node Temperature:  Node: 70480 Does not Exist - Translation Not Performed 
Node Temperature:  Node: 70481 Does not Exist - Translation Not Performed 
Node Temperature:  Node: 70482 Does not Exist - Translation Not Performed 
Node Temperature:  Node: 70483 Does not Exist - Translation Not Performed 
Node Temperature:  Node: 70484 Does not Exist - Translation Not Performed 
Node Temperature:  Node: 70485 Does not Exist - Translation Not Performed 
Node Temperature:  Node: 70486 Does not Exist - Translation Not Performed 
Node Temperature:  Node: 70487 Does not Exist - Translation Not Performed 
Node Temperature:  Node: 70488 Does not Exist - Translation Not Performed 
Node Temperature:  Node: 70489 Does not Exist - Translation Not Performed 
Node Temperature:  Node: 70490 Does not Exist - Translation Not Performed 
Node Temperature:  Node: 70491 Does not Exist - Translation Not Performed 
Node Temperature:  Node: 70492 Does not Exist - Translation Not Performed 
Node Temperature:  Node: 70493 Does not Exist - Translation Not Performed 
Node Temperature:  Node: 70494 Does not Exist - Translation Not Performed 
Node Temperature:  Node: 70495 Does not Exist - Translation Not Performed 
Node Temperature:  Node: 70496 Does not Exist - Translation Not Performed 
Node Temperature:  Node: 70497 Does not Exist - Translation Not Performed 
Node Temperature:  Node: 70498 Does not Exist - Translation Not Performed 
Node Temperature:  Node: 70499 Does not Exist - Translation Not Performed 
Node Temperature:  Node: 70500 Does not Exist - Translation Not Performed 
Node Temperature:  Node: 70501 Does not Exist - Translation Not Performed 
Node Temperature:  Node: 70502 Does not Exist - Translation Not Performed 
Node Temperature:  Node: 70503 Does not Exist - Translation Not Performed 
Node Temperature:  Node: 70504 Does not Exist - Translation Not Performed 
Node Temperature:  Node: 70505 Does not Exist - Translation Not Performed 
Node Temperature:  Node: 70506 Does not Exist - Translation Not Performed 
Node Temperature:  Node: 70507 Does not Exist - Translation Not Performed 
Node Temperature:  Node: 70508 Does not Exist - Translation Not Performed 
Node Temperature:  Node: 70509 Does not Exist - Translation Not Performed 
Node Temperature:  Node: 70510 Does not Exist - Translation Not Performed 
Node Temperature:  Node: 70511 Does not Exist - Translation Not Performed 
Node Temperature:  Node: 70512 Does not Exist - Translation Not Performed 
Node Temperature:  Node: 70513 Does not Exist - Translation Not Performed 
Node Temperature:  Node: 70514 Does not Exist - Translation Not Performed 
Node Temperature:  Node: 70515 Does not Exist - Translation Not Performed 
Node Temperature:  Node: 70516 Does not Exist - Translation Not Performed 
Node Temperature:  Node: 70517 Does not Exist - Translation Not Performed 
Node Temperature:  Node: 70518 Does not Exist - Translation Not Performed 
Node Temperature:  Node: 70519 Does not Exist - Translation Not Performed 
Node Temperature:  Node: 70520 Does not Exist - Translation Not Performed 
Node Temperature:  Node: 70521 Does not Exist - Translation Not Performed 
Node Temperature:  Node: 70522 Does not Exist - Translation Not Performed 
Node Temperature:  Node: 70523 Does not Exist - Translation Not Performed 
Node Temperature:  Node: 70524 Does not Exist - Translation Not Performed 
Node Temperature:  Node: 70525 Does not Exist - Translation Not Performed 
Node Temperature:  Node: 70526 Does not Exist - Translation Not Performed 
Node Temperature:  Node: 70527 Does not Exist - Translation Not Performed 
Node Temperature:  Node: 70528 Does not Exist - Translation Not Performed 
Node Temperature:  Node: 70529 Does not Exist - Translation Not Performed 
Node Temperature:  Node: 70530 Does not Exist - Translation Not Performed 
Node Temperature:  Node: 70531 Does not Exist - Translation Not Performed 
Node Temperature:  Node: 70532 Does not Exist - Translation Not Performed 
Node Temperature:  Node: 70533 Does not Exist - Translation Not Performed 
Node Temperature:  Node: 70534 Does not Exist - Translation Not Performed 
Node Temperature:  Node: 70535 Does not Exist - Translation Not Performed 
Node Temperature:  Node: 70536 Does not Exist - Translation Not Performed 
Node Temperature:  Node: 70537 Does not Exist - Translation Not Performed 
Node Temperature:  Node: 70538 Does not Exist - Translation Not Performed 
Node Temperature:  Node: 70539 Does not Exist - Translation Not Performed 
Node Temperature:  Node: 70540 Does not Exist - Translation Not Performed 
Node Temperature:  Node: 70541 Does not Exist - Translation Not Performed 
Node Temperature:  Node: 70542 Does not Exist - Translation Not Performed 
Node Temperature:  Node: 70543 Does not Exist - Translation Not Performed 
Node Temperature:  Node: 70544 Does not Exist - Translation Not Performed 
Node Temperature:  Node: 70545 Does not Exist - Translation Not Performed 
Node Temperature:  Node: 70546 Does not Exist - Translation Not Performed 
Node Temperature:  Node: 70547 Does not Exist - Translation Not Performed 
Node Temperature:  Node: 70548 Does not Exist - Translation Not Performed 
Node Temperature:  Node: 70549 Does not Exist - Translation Not Performed 
Node Temperature:  Node: 70550 Does not Exist - Translation Not Performed 
Node Temperature:  Node: 70551 Does not Exist - Translation Not Performed 
Node Temperature:  Node: 70552 Does not Exist - Translation Not Performed 
Node Temperature:  Node: 70553 Does not Exist - Translation Not Performed 
Node Temperature:  Node: 70554 Does not Exist - Translation Not Performed 
Node Temperature:  Node: 70555 Does not Exist - Translation Not Performed 
Node Temperature:  Node: 70556 Does not Exist - Translation Not Performed 
Node Temperature:  Node: 70557 Does not Exist - Translation Not Performed 
Node Temperature:  Node: 70558 Does not Exist - Translation Not Performed 
Node Temperature:  Node: 70559 Does not Exist - Translation Not Performed 
Node Temperature:  Node: 70560 Does not Exist - Translation Not Performed 
Node Temperature:  Node: 70561 Does not Exist - Translation Not Performed 
Node Temperature:  Node: 70562 Does not Exist - Translation Not Performed 
Node Temperature:  Node: 70563 Does not Exist - Translation Not Performed 
Node Temperature:  Node: 70564 Does not Exist - Translation Not Performed 
Node Temperature:  Node: 70565 Does not Exist - Translation Not Performed 
Node Temperature:  Node: 70566 Does not Exist - Translation Not Performed 
Node Temperature:  Node: 70567 Does not Exist - Translation Not Performed 
Node Temperature:  Node: 70568 Does not Exist - Translation Not Performed 
Node Temperature:  Node: 70569 Does not Exist - Translation Not Performed 
Node Temperature:  Node: 70570 Does not Exist - Translation Not Performed 
Node Temperature:  Node: 70571 Does not Exist - Translation Not Performed 
Node Temperature:  Node: 70572 Does not Exist - Translation Not Performed 
Node Temperature:  Node: 70573 Does not Exist - Translation Not Performed 
Node Temperature:  Node: 70574 Does not Exist - Translation Not Performed 
Node Temperature:  Node: 70575 Does not Exist - Translation Not Performed 
Node Temperature:  Node: 70576 Does not Exist - Translation Not Performed 
Node Temperature:  Node: 70577 Does not Exist - Translation Not Performed 
Node Temperature:  Node: 70578 Does not Exist - Translation Not Performed 
Node Temperature:  Node: 70579 Does not Exist - Translation Not Performed 
Node Temperature:  Node: 70580 Does not Exist - Translation Not Performed 
Node Temperature:  Node: 70581 Does not Exist - Translation Not Performed 
Node Temperature:  Node: 70582 Does not Exist - Translation Not Performed 
Node Temperature:  Node: 70583 Does not Exist - Translation Not Performed 
Node Temperature:  Node: 70584 Does not Exist - Translation Not Performed 
Node Temperature:  Node: 70585 Does not Exist - Translation Not Performed 
Node Temperature:  Node: 70586 Does not Exist - Translation Not Performed 
Node Temperature:  Node: 70587 Does not Exist - Translation Not Performed 
Node Temperature:  Node: 70588 Does not Exist - Translation Not Performed 
Node Temperature:  Node: 70589 Does not Exist - Translation Not Performed 
Node Temperature:  Node: 70590 Does not Exist - Translation Not Performed 
Node Temperature:  Node: 70591 Does not Exist - Translation Not Performed 
Node Temperature:  Node: 70592 Does not Exist - Translation Not Performed 
Node Temperature:  Node: 70593 Does not Exist - Translation Not Performed 
Node Temperature:  Node: 70594 Does not Exist - Translation Not Performed 
Node Temperature:  Node: 70595 Does not Exist - Translation Not Performed 
Node Temperature:  Node: 70596 Does not Exist - Translation Not Performed 
Node Temperature:  Node: 70597 Does not Exist - Translation Not Performed 
Node Temperature:  Node: 70598 Does not Exist - Translation Not Performed 
Node Temperature:  Node: 70599 Does not Exist - Translation Not Performed 
Node Temperature:  Node: 70600 Does not Exist - Translation Not Performed 
Node Temperature:  Node: 70601 Does not Exist - Translation Not Performed 
Node Temperature:  Node: 70602 Does not Exist - Translation Not Performed 
Node Temperature:  Node: 70603 Does not Exist - Translation Not Performed 
Node Temperature:  Node: 70604 Does not Exist - Translation Not Performed 
Node Temperature:  Node: 70605 Does not Exist - Translation Not Performed 
Node Temperature:  Node: 70606 Does not Exist - Translation Not Performed 
Node Temperature:  Node: 70607 Does not Exist - Translation Not Performed 
Node Temperature:  Node: 70608 Does not Exist - Translation Not Performed 
Node Temperature:  Node: 70609 Does not Exist - Translation Not Performed 
Node Temperature:  Node: 70610 Does not Exist - Translation Not Performed 
Node Temperature:  Node: 70611 Does not Exist - Translation Not Performed 
Node Temperature:  Node: 70612 Does not Exist - Translation Not Performed 
Node Temperature:  Node: 70613 Does not Exist - Translation Not Performed 
Node Temperature:  Node: 70614 Does not Exist - Translation Not Performed 
Node Temperature:  Node: 70615 Does not Exist - Translation Not Performed 
Node Temperature:  Node: 70616 Does not Exist - Translation Not Performed 
Node Temperature:  Node: 70617 Does not Exist - Translation Not Performed 
Node Temperature:  Node: 70618 Does not Exist - Translation Not Performed 
Node Temperature:  Node: 70619 Does not Exist - Translation Not Performed 
Node Temperature:  Node: 70620 Does not Exist - Translation Not Performed 
Node Temperature:  Node: 70621 Does not Exist - Translation Not Performed 
Node Temperature:  Node: 70622 Does not Exist - Translation Not Performed 
Node Temperature:  Node: 70623 Does not Exist - Translation Not Performed 
Node Temperature:  Node: 70624 Does not Exist - Translation Not Performed 
Node Temperature:  Node: 70625 Does not Exist - Translation Not Performed 
Node Temperature:  Node: 70626 Does not Exist - Translation Not Performed 
Node Temperature:  Node: 70627 Does not Exist - Translation Not Performed 
Node Temperature:  Node: 70628 Does not Exist - Translation Not Performed 
Node Temperature:  Node: 70629 Does not Exist - Translation Not Performed 
Node Temperature:  Node: 70630 Does not Exist - Translation Not Performed 
Node Temperature:  Node: 70631 Does not Exist - Translation Not Performed 
Node Temperature:  Node: 70632 Does not Exist - Translation Not Performed 
Node Temperature:  Node: 70633 Does not Exist - Translation Not Performed 
Node Temperature:  Node: 70634 Does not Exist - Translation Not Performed 
Node Temperature:  Node: 70635 Does not Exist - Translation Not Performed 
Node Temperature:  Node: 70636 Does not Exist - Translation Not Performed 
Node Temperature:  Node: 70637 Does not Exist - Translation Not Performed 
Node Temperature:  Node: 70638 Does not Exist - Translation Not Performed 
Node Temperature:  Node: 70639 Does not Exist - Translation Not Performed 
Node Temperature:  Node: 70640 Does not Exist - Translation Not Performed 
Node Temperature:  Node: 70641 Does not Exist - Translation Not Performed 
Node Temperature:  Node: 70642 Does not Exist - Translation Not Performed 
Node Temperature:  Node: 70643 Does not Exist - Translation Not Performed 
Node Temperature:  Node: 70644 Does not Exist - Translation Not Performed 
Node Temperature:  Node: 70645 Does not Exist - Translation Not Performed 
Node Temperature:  Node: 70646 Does not Exist - Translation Not Performed 
Node Temperature:  Node: 70647 Does not Exist - Translation Not Performed 
Node Temperature:  Node: 70648 Does not Exist - Translation Not Performed 
Node Temperature:  Node: 70649 Does not Exist - Translation Not Performed 
Node Temperature:  Node: 70650 Does not Exist - Translation Not Performed 
Node Temperature:  Node: 70651 Does not Exist - Translation Not Performed 
Node Temperature:  Node: 70652 Does not Exist - Translation Not Performed 
Node Temperature:  Node: 70653 Does not Exist - Translation Not Performed 
Node Temperature:  Node: 70654 Does not Exist - Translation Not Performed 
Node Temperature:  Node: 70655 Does not Exist - Translation Not Performed 
Node Temperature:  Node: 70656 Does not Exist - Translation Not Performed 
Node Temperature:  Node: 70657 Does not Exist - Translation Not Performed 
Node Temperature:  Node: 70658 Does not Exist - Translation Not Performed 
Node Temperature:  Node: 70659 Does not Exist - Translation Not Performed 
Node Temperature:  Node: 70660 Does not Exist - Translation Not Performed 
Node Temperature:  Node: 70661 Does not Exist - Translation Not Performed 
Node Temperature:  Node: 70662 Does not Exist - Translation Not Performed 
Node Temperature:  Node: 70663 Does not Exist - Translation Not Performed 
Node Temperature:  Node: 70664 Does not Exist - Translation Not Performed 
Node Temperature:  Node: 70665 Does not Exist - Translation Not Performed 
Node Temperature:  Node: 70666 Does not Exist - Translation Not Performed 
Node Temperature:  Node: 70667 Does not Exist - Translation Not Performed 
Node Temperature:  Node: 70668 Does not Exist - Translation Not Performed 
Node Temperature:  Node: 70669 Does not Exist - Translation Not Performed 
Node Temperature:  Node: 70670 Does not Exist - Translation Not Performed 
Node Temperature:  Node: 70671 Does not Exist - Translation Not Performed 
Node Temperature:  Node: 70672 Does not Exist - Translation Not Performed 
Node Temperature:  Node: 70673 Does not Exist - Translation Not Performed 
Node Temperature:  Node: 70674 Does not Exist - Translation Not Performed 
Node Temperature:  Node: 70675 Does not Exist - Translation Not Performed 
Node Temperature:  Node: 70676 Does not Exist - Translation Not Performed 
Node Temperature:  Node: 70677 Does not Exist - Translation Not Performed 
Node Temperature:  Node: 70678 Does not Exist - Translation Not Performed 
Node Temperature:  Node: 70679 Does not Exist - Translation Not Performed 
Node Temperature:  Node: 70680 Does not Exist - Translation Not Performed 
Node Temperature:  Node: 70681 Does not Exist - Translation Not Performed 
Node Temperature:  Node: 70682 Does not Exist - Translation Not Performed 
Node Temperature:  Node: 70683 Does not Exist - Translation Not Performed 
Node Temperature:  Node: 70684 Does not Exist - Translation Not Performed 
Node Temperature:  Node: 70685 Does not Exist - Translation Not Performed 
Node Temperature:  Node: 70686 Does not Exist - Translation Not Performed 
Node Temperature:  Node: 70687 Does not Exist - Translation Not Performed 
Node Temperature:  Node: 70688 Does not Exist - Translation Not Performed 
Node Temperature:  Node: 70689 Does not Exist - Translation Not Performed 
Node Temperature:  Node: 70690 Does not Exist - Translation Not Performed 
Node Temperature:  Node: 70691 Does not Exist - Translation Not Performed 
Node Temperature:  Node: 70692 Does not Exist - Translation Not Performed 
Node Temperature:  Node: 70693 Does not Exist - Translation Not Performed 
Node Temperature:  Node: 70694 Does not Exist - Translation Not Performed 
Node Temperature:  Node: 70695 Does not Exist - Translation Not Performed 
Node Temperature:  Node: 70696 Does not Exist - Translation Not Performed 
Node Temperature:  Node: 70697 Does not Exist - Translation Not Performed 
Node Temperature:  Node: 70698 Does not Exist - Translation Not Performed 
Node Temperature:  Node: 70699 Does not Exist - Translation Not Performed 
Node Temperature:  Node: 70700 Does not Exist - Translation Not Performed 
Node Temperature:  Node: 70701 Does not Exist - Translation Not Performed 
Node Temperature:  Node: 70702 Does not Exist - Translation Not Performed 
Node Temperature:  Node: 70703 Does not Exist - Translation Not Performed 
Node Temperature:  Node: 70704 Does not Exist - Translation Not Performed 
Node Temperature:  Node: 70705 Does not Exist - Translation Not Performed 
Node Temperature:  Node: 70706 Does not Exist - Translation Not Performed 
Node Temperature:  Node: 70707 Does not Exist - Translation Not Performed 
Node Temperature:  Node: 70708 Does not Exist - Translation Not Performed 
Node Temperature:  Node: 70709 Does not Exist - Translation Not Performed 
Node Temperature:  Node: 70710 Does not Exist - Translation Not Performed 
Node Temperature:  Node: 70711 Does not Exist - Translation Not Performed 
Node Temperature:  Node: 70712 Does not Exist - Translation Not Performed 
Node Temperature:  Node: 70713 Does not Exist - Translation Not Performed 
Node Temperature:  Node: 70714 Does not Exist - Translation Not Performed 
Node Temperature:  Node: 70715 Does not Exist - Translation Not Performed 
Node Temperature:  Node: 70716 Does not Exist - Translation Not Performed 
Node Temperature:  Node: 70717 Does not Exist - Translation Not Performed 
Node Temperature:  Node: 70718 Does not Exist - Translation Not Performed 
Node Temperature:  Node: 70719 Does not Exist - Translation Not Performed 
Node Temperature:  Node: 70720 Does not Exist - Translation Not Performed 
Node Temperature:  Node: 70721 Does not Exist - Translation Not Performed 
Node Temperature:  Node: 70722 Does not Exist - Translation Not Performed 
Node Temperature:  Node: 70723 Does not Exist - Translation Not Performed 
Node Temperature:  Node: 70724 Does not Exist - Translation Not Performed 
Node Temperature:  Node: 70725 Does not Exist - Translation Not Performed 
Node Temperature:  Node: 70726 Does not Exist - Translation Not Performed 
Node Temperature:  Node: 70727 Does not Exist - Translation Not Performed 
Node Temperature:  Node: 70728 Does not Exist - Translation Not Performed 
Node Temperature:  Node: 70729 Does not Exist - Translation Not Performed 
Node Temperature:  Node: 70730 Does not Exist - Translation Not Performed 
Node Temperature:  Node: 70731 Does not Exist - Translation Not Performed 
Node Temperature:  Node: 70732 Does not Exist - Translation Not Performed 
Node Temperature:  Node: 70733 Does not Exist - Translation Not Performed 
Node Temperature:  Node: 70734 Does not Exist - Translation Not Performed 
Node Temperature:  Node: 70735 Does not Exist - Translation Not Performed 
Node Temperature:  Node: 70736 Does not Exist - Translation Not Performed 
Node Temperature:  Node: 70737 Does not Exist - Translation Not Performed 
Node Temperature:  Node: 70738 Does not Exist - Translation Not Performed 
Node Temperature:  Node: 70739 Does not Exist - Translation Not Performed 
Node Temperature:  Node: 70740 Does not Exist - Translation Not Performed 
Node Temperature:  Node: 70741 Does not Exist - Translation Not Performed 
Node Temperature:  Node: 70742 Does not Exist - Translation Not Performed 
Node Temperature:  Node: 70743 Does not Exist - Translation Not Performed 
Node Temperature:  Node: 70744 Does not Exist - Translation Not Performed 
Node Temperature:  Node: 70745 Does not Exist - Translation Not Performed 
Node Temperature:  Node: 70746 Does not Exist - Translation Not Performed 
Node Temperature:  Node: 70747 Does not Exist - Translation Not Performed 
Node Temperature:  Node: 70748 Does not Exist - Translation Not Performed 
Node Temperature:  Node: 70749 Does not Exist - Translation Not Performed 
Node Temperature:  Node: 70750 Does not Exist - Translation Not Performed 
Node Temperature:  Node: 70751 Does not Exist - Translation Not Performed 
Node Temperature:  Node: 70752 Does not Exist - Translation Not Performed 
Node Temperature:  Node: 70753 Does not Exist - Translation Not Performed 
Node Temperature:  Node: 70754 Does not Exist - Translation Not Performed 
Node Temperature:  Node: 70755 Does not Exist - Translation Not Performed 
Node Temperature:  Node: 70756 Does not Exist - Translation Not Performed 
Node Temperature:  Node: 70757 Does not Exist - Translation Not Performed 
Node Temperature:  Node: 70758 Does not Exist - Translation Not Performed 
Node Temperature:  Node: 70759 Does not Exist - Translation Not Performed 
Node Temperature:  Node: 70760 Does not Exist - Translation Not Performed 
Node Temperature:  Node: 70761 Does not Exist - Translation Not Performed 
Node Temperature:  Node: 70762 Does not Exist - Translation Not Performed 
Node Temperature:  Node: 70763 Does not Exist - Translation Not Performed 
Node Temperature:  Node: 70764 Does not Exist - Translation Not Performed 
Node Temperature:  Node: 70765 Does not Exist - Translation Not Performed 
Node Temperature:  Node: 70766 Does not Exist - Translation Not Performed 
Node Temperature:  Node: 70767 Does not Exist - Translation Not Performed 
Node Temperature:  Node: 70768 Does not Exist - Translation Not Performed 
Node Temperature:  Node: 70769 Does not Exist - Translation Not Performed 
Node Temperature:  Node: 70770 Does not Exist - Translation Not Performed 
Node Temperature:  Node: 70771 Does not Exist - Translation Not Performed 
Node Temperature:  Node: 70772 Does not Exist - Translation Not Performed 
Node Temperature:  Node: 70773 Does not Exist - Translation Not Performed 
Node Temperature:  Node: 70774 Does not Exist - Translation Not Performed 
Node Temperature:  Node: 70775 Does not Exist - Translation Not Performed 
Node Temperature:  Node: 70776 Does not Exist - Translation Not Performed 
Node Temperature:  Node: 70777 Does not Exist - Translation Not Performed 
Node Temperature:  Node: 70778 Does not Exist - Translation Not Performed 
Node Temperature:  Node: 70779 Does not Exist - Translation Not Performed 
Node Temperature:  Node: 70780 Does not Exist - Translation Not Performed 
Node Temperature:  Node: 70781 Does not Exist - Translation Not Performed 
Node Temperature:  Node: 70782 Does not Exist - Translation Not Performed 
Node Temperature:  Node: 70783 Does not Exist - Translation Not Performed 
Node Temperature:  Node: 70784 Does not Exist - Translation Not Performed 
Node Temperature:  Node: 70785 Does not Exist - Translation Not Performed 
Node Temperature:  Node: 70786 Does not Exist - Translation Not Performed 
Node Temperature:  Node: 70787 Does not Exist - Translation Not Performed 
Node Temperature:  Node: 70788 Does not Exist - Translation Not Performed 
Node Temperature:  Node: 70789 Does not Exist - Translation Not Performed 
Node Temperature:  Node: 70790 Does not Exist - Translation Not Performed 
Node Temperature:  Node: 70791 Does not Exist - Translation Not Performed 
Node Temperature:  Node: 70792 Does not Exist - Translation Not Performed 
Node Temperature:  Node: 70793 Does not Exist - Translation Not Performed 
Node Temperature:  Node: 70794 Does not Exist - Translation Not Performed 
Node Temperature:  Node: 70795 Does not Exist - Translation Not Performed 
Node Temperature:  Node: 70796 Does not Exist - Translation Not Performed 
Node Temperature:  Node: 70797 Does not Exist - Translation Not Performed 
Node Temperature:  Node: 70798 Does not Exist - Translation Not Performed 
Node Temperature:  Node: 70799 Does not Exist - Translation Not Performed 
Node Temperature:  Node: 70800 Does not Exist - Translation Not Performed 
Node Temperature:  Node: 70801 Does not Exist - Translation Not Performed 
Node Temperature:  Node: 70802 Does not Exist - Translation Not Performed 
Node Temperature:  Node: 70803 Does not Exist - Translation Not Performed 
Node Temperature:  Node: 70804 Does not Exist - Translation Not Performed 
Node Temperature:  Node: 70805 Does not Exist - Translation Not Performed 
Node Temperature:  Node: 70806 Does not Exist - Translation Not Performed 
Node Temperature:  Node: 70807 Does not Exist - Translation Not Performed 
Node Temperature:  Node: 70808 Does not Exist - Translation Not Performed 
Node Temperature:  Node: 70809 Does not Exist - Translation Not Performed 
Node Temperature:  Node: 70810 Does not Exist - Translation Not Performed 
Node Temperature:  Node: 70811 Does not Exist - Translation Not Performed 
Node Temperature:  Node: 70812 Does not Exist - Translation Not Performed 
Node Temperature:  Node: 70813 Does not Exist - Translation Not Performed 
Node Temperature:  Node: 70814 Does not Exist - Translation Not Performed 
Node Temperature:  Node: 70815 Does not Exist - Translation Not Performed 
Node Temperature:  Node: 70816 Does not Exist - Translation Not Performed 
Node Temperature:  Node: 70817 Does not Exist - Translation Not Performed 
Node Temperature:  Node: 70818 Does not Exist - Translation Not Performed 
Node Temperature:  Node: 70819 Does not Exist - Translation Not Performed 
Node Temperature:  Node: 70820 Does not Exist - Translation Not Performed 
Node Temperature:  Node: 70821 Does not Exist - Translation Not Performed 
Node Temperature:  Node: 70822 Does not Exist - Translation Not Performed 
Node Temperature:  Node: 70823 Does not Exist - Translation Not Performed 
Node Temperature:  Node: 70824 Does not Exist - Translation Not Performed 
Node Temperature:  Node: 70825 Does not Exist - Translation Not Performed 
Node Temperature:  Node: 70826 Does not Exist - Translation Not Performed 
Node Temperature:  Node: 70827 Does not Exist - Translation Not Performed 
Node Temperature:  Node: 70828 Does not Exist - Translation Not Performed 
Node Temperature:  Node: 70829 Does not Exist - Translation Not Performed 
Node Temperature:  Node: 70830 Does not Exist - Translation Not Performed 
Node Temperature:  Node: 70831 Does not Exist - Translation Not Performed 
Node Temperature:  Node: 70832 Does not Exist - Translation Not Performed 
Node Temperature:  Node: 70833 Does not Exist - Translation Not Performed 
Node Temperature:  Node: 70834 Does not Exist - Translation Not Performed 
Node Temperature:  Node: 70835 Does not Exist - Translation Not Performed 
Node Temperature:  Node: 70836 Does not Exist - Translation Not Performed 
Node Temperature:  Node: 70837 Does not Exist - Translation Not Performed 
Node Temperature:  Node: 70838 Does not Exist - Translation Not Performed 
Node Temperature:  Node: 70839 Does not Exist - Translation Not Performed 
Node Temperature:  Node: 70840 Does not Exist - Translation Not Performed 
Node Temperature:  Node: 70841 Does not Exist - Translation Not Performed 
Node Temperature:  Node: 70842 Does not Exist - Translation Not Performed 
Node Temperature:  Node: 70843 Does not Exist - Translation Not Performed 
Node Temperature:  Node: 70844 Does not Exist - Translation Not Performed 
Node Temperature:  Node: 70845 Does not Exist - Translation Not Performed 
Node Temperature:  Node: 70846 Does not Exist - Translation Not Performed 
Node Temperature:  Node: 70847 Does not Exist - Translation Not Performed 
Node Temperature:  Node: 70848 Does not Exist - Translation Not Performed 
Node Temperature:  Node: 70849 Does not Exist - Translation Not Performed 
Node Temperature:  Node: 70850 Does not Exist - Translation Not Performed 
Node Temperature:  Node: 70851 Does not Exist - Translation Not Performed 
Node Temperature:  Node: 70852 Does not Exist - Translation Not Performed 
Node Temperature:  Node: 70853 Does not Exist - Translation Not Performed 
Node Temperature:  Node: 70854 Does not Exist - Translation Not Performed 
Node Temperature:  Node: 70855 Does not Exist - Translation Not Performed 
Node Temperature:  Node: 70856 Does not Exist - Translation Not Performed 
Node Temperature:  Node: 70857 Does not Exist - Translation Not Performed 
Node Temperature:  Node: 70858 Does not Exist - Translation Not Performed 
Node Temperature:  Node: 70859 Does not Exist - Translation Not Performed 
Node Temperature:  Node: 70860 Does not Exist - Translation Not Performed 
Node Temperature:  Node: 70861 Does not Exist - Translation Not Performed 
Node Temperature:  Node: 70862 Does not Exist - Translation Not Performed 
Node Temperature:  Node: 70863 Does not Exist - Translation Not Performed 
Node Temperature:  Node: 70864 Does not Exist - Translation Not Performed 
Node Temperature:  Node: 70865 Does not Exist - Translation Not Performed 
Node Temperature:  Node: 70866 Does not Exist - Translation Not Performed 
Node Temperature:  Node: 70867 Does not Exist - Translation Not Performed 
Node Temperature:  Node: 70868 Does not Exist - Translation Not Performed 
Node Temperature:  Node: 70869 Does not Exist - Translation Not Performed 
Node Temperature:  Node: 70870 Does not Exist - Translation Not Performed 
Node Temperature:  Node: 70871 Does not Exist - Translation Not Performed 
Node Temperature:  Node: 70872 Does not Exist - Translation Not Performed 
Node Temperature:  Node: 70873 Does not Exist - Translation Not Performed 
Node Temperature:  Node: 70874 Does not Exist - Translation Not Performed 
Node Temperature:  Node: 70875 Does not Exist - Translation Not Performed 
Node Temperature:  Node: 70876 Does not Exist - Translation Not Performed 
Node Temperature:  Node: 70877 Does not Exist - Translation Not Performed 
Node Temperature:  Node: 70878 Does not Exist - Translation Not Performed 
Node Temperature:  Node: 70879 Does not Exist - Translation Not Performed 
Node Temperature:  Node: 70880 Does not Exist - Translation Not Performed 
Node Temperature:  Node: 70881 Does not Exist - Translation Not Performed 
Node Temperature:  Node: 70882 Does not Exist - Translation Not Performed 
Node Temperature:  Node: 70883 Does not Exist - Translation Not Performed 
Node Temperature:  Node: 70884 Does not Exist - Translation Not Performed 
Node Temperature:  Node: 70885 Does not Exist - Translation Not Performed 
Node Temperature:  Node: 70886 Does not Exist - Translation Not Performed 
Node Temperature:  Node: 70887 Does not Exist - Translation Not Performed 
Node Temperature:  Node: 70888 Does not Exist - Translation Not Performed 
Node Temperature:  Node: 70889 Does not Exist - Translation Not Performed 
Node Temperature:  Node: 70890 Does not Exist - Translation Not Performed 
Node Temperature:  Node: 70891 Does not Exist - Translation Not Performed 
Node Temperature:  Node: 70892 Does not Exist - Translation Not Performed 
Node Temperature:  Node: 70893 Does not Exist - Translation Not Performed 
Node Temperature:  Node: 70894 Does not Exist - Translation Not Performed 
Node Temperature:  Node: 70895 Does not Exist - Translation Not Performed 
Node Temperature:  Node: 70896 Does not Exist - Translation Not Performed 
Node Temperature:  Node: 70897 Does not Exist - Translation Not Performed 
Node Temperature:  Node: 70898 Does not Exist - Translation Not Performed 
Node Temperature:  Node: 70899 Does not Exist - Translation Not Performed 
Node Temperature:  Node: 70900 Does not Exist - Translation Not Performed 
Node Temperature:  Node: 70901 Does not Exist - Translation Not Performed 
Node Temperature:  Node: 70902 Does not Exist - Translation Not Performed 
Node Temperature:  Node: 70903 Does not Exist - Translation Not Performed 
Node Temperature:  Node: 70904 Does not Exist - Translation Not Performed 
Node Temperature:  Node: 70905 Does not Exist - Translation Not Performed 
Node Temperature:  Node: 70906 Does not Exist - Translation Not Performed 
Node Temperature:  Node: 70907 Does not Exist - Translation Not Performed 
Node Temperature:  Node: 70908 Does not Exist - Translation Not Performed 
Node Temperature:  Node: 70909 Does not Exist - Translation Not Performed 
Node Temperature:  Node: 70910 Does not Exist - Translation Not Performed 
Node Temperature:  Node: 70911 Does not Exist - Translation Not Performed 
Node Temperature:  Node: 70912 Does not Exist - Translation Not Performed 
Node Temperature:  Node: 70913 Does not Exist - Translation Not Performed 
Node Temperature:  Node: 70914 Does not Exist - Translation Not Performed 
Node Temperature:  Node: 70915 Does not Exist - Translation Not Performed 
Node Temperature:  Node: 70916 Does not Exist - Translation Not Performed 
Node Temperature:  Node: 70917 Does not Exist - Translation Not Performed 
Node Temperature:  Node: 70918 Does not Exist - Translation Not Performed 
Node Temperature:  Node: 70919 Does not Exist - Translation Not Performed 
Node Temperature:  Node: 70920 Does not Exist - Translation Not Performed 
Node Temperature:  Node: 70921 Does not Exist - Translation Not Performed 
Node Temperature:  Node: 70922 Does not Exist - Translation Not Performed 
Node Temperature:  Node: 70923 Does not Exist - Translation Not Performed 
Node Temperature:  Node: 70924 Does not Exist - Translation Not Performed 
Node Temperature:  Node: 70925 Does not Exist - Translation Not Performed 
Node Temperature:  Node: 70926 Does not Exist - Translation Not Performed 
Node Temperature:  Node: 70927 Does not Exist - Translation Not Performed 
Node Temperature:  Node: 70928 Does not Exist - Translation Not Performed 
Node Temperature:  Node: 70929 Does not Exist - Translation Not Performed 
Node Temperature:  Node: 70930 Does not Exist - Translation Not Performed 
Node Temperature:  Node: 70931 Does not Exist - Translation Not Performed 
Node Temperature:  Node: 70932 Does not Exist - Translation Not Performed 
Node Temperature:  Node: 70933 Does not Exist - Translation Not Performed 
Node Temperature:  Node: 70934 Does not Exist - Translation Not Performed 
Node Temperature:  Node: 70935 Does not Exist - Translation Not Performed 
Node Temperature:  Node: 70936 Does not Exist - Translation Not Performed 
Node Temperature:  Node: 70937 Does not Exist - Translation Not Performed 
Node Temperature:  Node: 70938 Does not Exist - Translation Not Performed 
Node Temperature:  Node: 70939 Does not Exist - Translation Not Performed 
Node Temperature:  Node: 70940 Does not Exist - Translation Not Performed 
Node Temperature:  Node: 70941 Does not Exist - Translation Not Performed 
Node Temperature:  Node: 70942 Does not Exist - Translation Not Performed 
Node Temperature:  Node: 70943 Does not Exist - Translation Not Performed 
Node Temperature:  Node: 70944 Does not Exist - Translation Not Performed 
Node Temperature:  Node: 70945 Does not Exist - Translation Not Performed 
Node Temperature:  Node: 70946 Does not Exist - Translation Not Performed 
Node Temperature:  Node: 70947 Does not Exist - Translation Not Performed 
Node Temperature:  Node: 70948 Does not Exist - Translation Not Performed 
Node Temperature:  Node: 70949 Does not Exist - Translation Not Performed 
Node Temperature:  Node: 70950 Does not Exist - Translation Not Performed 
Node Temperature:  Node: 70951 Does not Exist - Translation Not Performed 
Node Temperature:  Node: 70952 Does not Exist - Translation Not Performed 
Node Temperature:  Node: 70953 Does not Exist - Translation Not Performed 
Node Temperature:  Node: 70954 Does not Exist - Translation Not Performed 
Node Temperature:  Node: 70955 Does not Exist - Translation Not Performed 
Node Temperature:  Node: 70956 Does not Exist - Translation Not Performed 
Node Temperature:  Node: 70957 Does not Exist - Translation Not Performed 
Node Temperature:  Node: 70958 Does not Exist - Translation Not Performed 
Node Temperature:  Node: 70959 Does not Exist - Translation Not Performed 
Node Temperature:  Node: 70960 Does not Exist - Translation Not Performed 
Node Temperature:  Node: 70961 Does not Exist - Translation Not Performed 
Node Temperature:  Node: 70962 Does not Exist - Translation Not Performed 
Node Temperature:  Node: 70963 Does not Exist - Translation Not Performed 
Node Temperature:  Node: 70964 Does not Exist - Translation Not Performed 
Node Temperature:  Node: 70965 Does not Exist - Translation Not Performed 
Node Temperature:  Node: 70966 Does not Exist - Translation Not Performed 
Node Temperature:  Node: 70967 Does not Exist - Translation Not Performed 
Node Temperature:  Node: 70968 Does not Exist - Translation Not Performed 
Node Temperature:  Node: 70969 Does not Exist - Translation Not Performed 
Node Temperature:  Node: 70970 Does not Exist - Translation Not Performed 
Node Temperature:  Node: 70971 Does not Exist - Translation Not Performed 
Node Temperature:  Node: 70972 Does not Exist - Translation Not Performed 
Node Temperature:  Node: 70973 Does not Exist - Translation Not Performed 
Node Temperature:  Node: 70974 Does not Exist - Translation Not Performed 
Node Temperature:  Node: 70975 Does not Exist - Translation Not Performed 
Node Temperature:  Node: 70976 Does not Exist - Translation Not Performed 
Node Temperature:  Node: 70977 Does not Exist - Translation Not Performed 
Node Temperature:  Node: 70978 Does not Exist - Translation Not Performed 
Node Temperature:  Node: 70979 Does not Exist - Translation Not Performed 
Node Temperature:  Node: 70980 Does not Exist - Translation Not Performed 
Node Temperature:  Node: 70981 Does not Exist - Translation Not Performed 
Node Temperature:  Node: 70982 Does not Exist - Translation Not Performed 
Node Temperature:  Node: 70983 Does not Exist - Translation Not Performed 
Node Temperature:  Node: 70984 Does not Exist - Translation Not Performed 
Node Temperature:  Node: 70985 Does not Exist - Translation Not Performed 
Node Temperature:  Node: 70986 Does not Exist - Translation Not Performed 
Node Temperature:  Node: 70987 Does not Exist - Translation Not Performed 
Node Temperature:  Node: 70988 Does not Exist - Translation Not Performed 
Node Temperature:  Node: 70989 Does not Exist - Translation Not Performed 
Node Temperature:  Node: 70990 Does not Exist - Translation Not Performed 
Node Temperature:  Node: 70991 Does not Exist - Translation Not Performed 
Node Temperature:  Node: 70992 Does not Exist - Translation Not Performed 
Node Temperature:  Node: 70993 Does not Exist - Translation Not Performed 
Node Temperature:  Node: 70994 Does not Exist - Translation Not Performed 
Node Temperature:  Node: 70995 Does not Exist - Translation Not Performed 
Node Temperature:  Node: 70996 Does not Exist - Translation Not Performed 
Node Temperature:  Node: 70997 Does not Exist - Translation Not Performed 
Node Temperature:  Node: 70998 Does not Exist - Translation Not Performed 
Node Temperature:  Node: 70999 Does not Exist - Translation Not Performed 
Node Temperature:  Node: 71000 Does not Exist - Translation Not Performed 
Node Temperature:  Node: 71001 Does not Exist - Translation Not Performed 
Node Temperature:  Node: 71002 Does not Exist - Translation Not Performed 
Node Temperature:  Node: 71003 Does not Exist - Translation Not Performed 
Node Temperature:  Node: 71004 Does not Exist - Translation Not Performed 
Node Temperature:  Node: 71005 Does not Exist - Translation Not Performed 
Node Temperature:  Node: 71006 Does not Exist - Translation Not Performed 
Node Temperature:  Node: 71007 Does not Exist - Translation Not Performed 
Node Temperature:  Node: 71008 Does not Exist - Translation Not Performed 
Node Temperature:  Node: 71009 Does not Exist - Translation Not Performed 
Node Temperature:  Node: 71010 Does not Exist - Translation Not Performed 
Node Temperature:  Node: 71011 Does not Exist - Translation Not Performed 
Node Temperature:  Node: 71012 Does not Exist - Translation Not Performed 
Node Temperature:  Node: 71013 Does not Exist - Translation Not Performed 
Node Temperature:  Node: 71014 Does not Exist - Translation Not Performed 
Node Temperature:  Node: 71015 Does not Exist - Translation Not Performed 
Node Temperature:  Node: 71016 Does not Exist - Translation Not Performed 
Node Temperature:  Node: 71017 Does not Exist - Translation Not Performed 
Node Temperature:  Node: 71018 Does not Exist - Translation Not Performed 
Node Temperature:  Node: 71019 Does not Exist - Translation Not Performed 
Node Temperature:  Node: 71020 Does not Exist - Translation Not Performed 
Node Temperature:  Node: 71021 Does not Exist - Translation Not Performed 
Node Temperature:  Node: 71022 Does not Exist - Translation Not Performed 
Node Temperature:  Node: 71023 Does not Exist - Translation Not Performed 
Node Temperature:  Node: 71024 Does not Exist - Translation Not Performed 
Node Temperature:  Node: 71025 Does not Exist - Translation Not Performed 
Node Temperature:  Node: 71026 Does not Exist - Translation Not Performed 
Node Temperature:  Node: 71027 Does not Exist - Translation Not Performed 
Node Temperature:  Node: 71028 Does not Exist - Translation Not Performed 
Node Temperature:  Node: 71029 Does not Exist - Translation Not Performed 
Node Temperature:  Node: 71030 Does not Exist - Translation Not Performed 
Node Temperature:  Node: 71031 Does not Exist - Translation Not Performed 
Node Temperature:  Node: 71032 Does not Exist - Translation Not Performed 
Node Temperature:  Node: 71033 Does not Exist - Translation Not Performed 
Node Temperature:  Node: 71034 Does not Exist - Translation Not Performed 
Node Temperature:  Node: 71035 Does not Exist - Translation Not Performed 
Node Temperature:  Node: 71036 Does not Exist - Translation Not Performed 
Node Temperature:  Node: 71037 Does not Exist - Translation Not Performed 
Node Temperature:  Node: 71038 Does not Exist - Translation Not Performed 
Node Temperature:  Node: 71039 Does not Exist - Translation Not Performed 
Node Temperature:  Node: 71040 Does not Exist - Translation Not Performed 
Node Temperature:  Node: 71041 Does not Exist - Translation Not Performed 
Node Temperature:  Node: 71042 Does not Exist - Translation Not Performed 
Node Temperature:  Node: 71043 Does not Exist - Translation Not Performed 
Node Temperature:  Node: 71044 Does not Exist - Translation Not Performed 
Node Temperature:  Node: 71045 Does not Exist - Translation Not Performed 
Node Temperature:  Node: 71046 Does not Exist - Translation Not Performed 
Node Temperature:  Node: 71047 Does not Exist - Translation Not Performed 
Node Temperature:  Node: 71048 Does not Exist - Translation Not Performed 
Node Temperature:  Node: 71049 Does not Exist - Translation Not Performed 
Node Temperature:  Node: 71050 Does not Exist - Translation Not Performed 
Node Temperature:  Node: 71051 Does not Exist - Translation Not Performed 
Node Temperature:  Node: 71052 Does not Exist - Translation Not Performed 
Node Temperature:  Node: 71053 Does not Exist - Translation Not Performed 
Node Temperature:  Node: 71054 Does not Exist - Translation Not Performed 
Node Temperature:  Node: 71055 Does not Exist - Translation Not Performed 
Node Temperature:  Node: 71056 Does not Exist - Translation Not Performed 
Node Temperature:  Node: 71057 Does not Exist - Translation Not Performed 
Node Temperature:  Node: 71058 Does not Exist - Translation Not Performed 
Node Temperature:  Node: 71059 Does not Exist - Translation Not Performed 
Node Temperature:  Node: 71060 Does not Exist - Translation Not Performed 
Node Temperature:  Node: 71061 Does not Exist - Translation Not Performed 
Node Temperature:  Node: 71062 Does not Exist - Translation Not Performed 
Node Temperature:  Node: 71063 Does not Exist - Translation Not Performed 
Node Temperature:  Node: 71064 Does not Exist - Translation Not Performed 
Node Temperature:  Node: 71065 Does not Exist - Translation Not Performed 
Node Temperature:  Node: 71066 Does not Exist - Translation Not Performed 
Node Temperature:  Node: 71067 Does not Exist - Translation Not Performed 
Node Temperature:  Node: 71068 Does not Exist - Translation Not Performed 
Node Temperature:  Node: 71069 Does not Exist - Translation Not Performed 
Node Temperature:  Node: 71070 Does not Exist - Translation Not Performed 
Node Temperature:  Node: 71071 Does not Exist - Translation Not Performed 
Node Temperature:  Node: 71072 Does not Exist - Translation Not Performed 
Node Temperature:  Node: 71073 Does not Exist - Translation Not Performed 
Node Temperature:  Node: 71074 Does not Exist - Translation Not Performed 
Node Temperature:  Node: 71075 Does not Exist - Translation Not Performed 
Node Temperature:  Node: 71076 Does not Exist - Translation Not Performed 
Node Temperature:  Node: 71077 Does not Exist - Translation Not Performed 
Node Temperature:  Node: 71078 Does not Exist - Translation Not Performed 
Node Temperature:  Node: 71079 Does not Exist - Translation Not Performed 
Node Temperature:  Node: 71080 Does not Exist - Translation Not Performed 
Node Temperature:  Node: 71081 Does not Exist - Translation Not Performed 
Node Temperature:  Node: 71082 Does not Exist - Translation Not Performed 
Node Temperature:  Node: 71083 Does not Exist - Translation Not Performed 
Node Temperature:  Node: 71084 Does not Exist - Translation Not Performed 
Node Temperature:  Node: 71085 Does not Exist - Translation Not Performed 
Node Temperature:  Node: 71086 Does not Exist - Translation Not Performed 
Node Temperature:  Node: 71087 Does not Exist - Translation Not Performed 
Node Temperature:  Node: 71088 Does not Exist - Translation Not Performed 
Node Temperature:  Node: 71089 Does not Exist - Translation Not Performed 
Node Temperature:  Node: 71090 Does not Exist - Translation Not Performed 
Node Temperature:  Node: 71091 Does not Exist - Translation Not Performed 
Node Temperature:  Node: 71092 Does not Exist - Translation Not Performed 
Node Temperature:  Node: 71093 Does not Exist - Translation Not Performed 
Node Temperature:  Node: 71094 Does not Exist - Translation Not Performed 
Node Temperature:  Node: 71095 Does not Exist - Translation Not Performed 
Node Temperature:  Node: 71096 Does not Exist - Translation Not Performed 
Node Temperature:  Node: 71097 Does not Exist - Translation Not Performed 
Node Temperature:  Node: 71098 Does not Exist - Translation Not Performed 
Node Temperature:  Node: 71099 Does not Exist - Translation Not Performed 
Node Temperature:  Node: 71100 Does not Exist - Translation Not Performed 
Node Temperature:  Node: 71101 Does not Exist - Translation Not Performed 
Node Temperature:  Node: 71102 Does not Exist - Translation Not Performed 
Node Temperature:  Node: 71103 Does not Exist - Translation Not Performed 
Node Temperature:  Node: 71104 Does not Exist - Translation Not Performed 
Node Temperature:  Node: 71105 Does not Exist - Translation Not Performed 
Node Temperature:  Node: 71106 Does not Exist - Translation Not Performed 
Node Temperature:  Node: 71107 Does not Exist - Translation Not Performed 
Node Temperature:  Node: 71108 Does not Exist - Translation Not Performed 
Node Temperature:  Node: 71109 Does not Exist - Translation Not Performed 
Node Temperature:  Node: 71110 Does not Exist - Translation Not Performed 
Node Temperature:  Node: 71111 Does not Exist - Translation Not Performed 
Node Temperature:  Node: 71112 Does not Exist - Translation Not Performed 
Node Temperature:  Node: 71113 Does not Exist - Translation Not Performed 
Node Temperature:  Node: 71114 Does not Exist - Translation Not Performed 
Node Temperature:  Node: 71115 Does not Exist - Translation Not Performed 
Node Temperature:  Node: 71116 Does not Exist - Translation Not Performed 
Node Temperature:  Node: 71117 Does not Exist - Translation Not Performed 
Node Temperature:  Node: 71118 Does not Exist - Translation Not Performed 
Node Temperature:  Node: 71119 Does not Exist - Translation Not Performed 
Node Temperature:  Node: 71120 Does not Exist - Translation Not Performed 
Node Temperature:  Node: 71121 Does not Exist - Translation Not Performed 
Node Temperature:  Node: 71122 Does not Exist - Translation Not Performed 
Node Temperature:  Node: 71123 Does not Exist - Translation Not Performed 
Node Temperature:  Node: 71124 Does not Exist - Translation Not Performed 
Node Temperature:  Node: 71125 Does not Exist - Translation Not Performed 
Node Temperature:  Node: 71126 Does not Exist - Translation Not Performed 
Node Temperature:  Node: 71127 Does not Exist - Translation Not Performed 
Node Temperature:  Node: 71128 Does not Exist - Translation Not Performed 
Node Temperature:  Node: 71129 Does not Exist - Translation Not Performed 
Node Temperature:  Node: 71130 Does not Exist - Translation Not Performed 
Node Temperature:  Node: 71131 Does not Exist - Translation Not Performed 
Node Temperature:  Node: 71132 Does not Exist - Translation Not Performed 
Node Temperature:  Node: 71133 Does not Exist - Translation Not Performed 
Node Temperature:  Node: 71134 Does not Exist - Translation Not Performed 
Node Temperature:  Node: 71135 Does not Exist - Translation Not Performed 
Node Temperature:  Node: 71136 Does not Exist - Translation Not Performed 
Node Temperature:  Node: 71137 Does not Exist - Translation Not Performed 
Node Temperature:  Node: 71138 Does not Exist - Translation Not Performed 
Node Temperature:  Node: 71139 Does not Exist - Translation Not Performed 
Node Temperature:  Node: 71140 Does not Exist - Translation Not Performed 
Node Temperature:  Node: 71141 Does not Exist - Translation Not Performed 
Node Temperature:  Node: 71142 Does not Exist - Translation Not Performed 
Node Temperature:  Node: 71143 Does not Exist - Translation Not Performed 
Node Temperature:  Node: 71144 Does not Exist - Translation Not Performed 
Node Temperature:  Node: 71145 Does not Exist - Translation Not Performed 
Node Temperature:  Node: 71146 Does not Exist - Translation Not Performed 
Node Temperature:  Node: 71147 Does not Exist - Translation Not Performed 
Node Temperature:  Node: 71148 Does not Exist - Translation Not Performed 
Node Temperature:  Node: 71149 Does not Exist - Translation Not Performed 
Node Temperature:  Node: 71150 Does not Exist - Translation Not Performed 
Node Temperature:  Node: 71151 Does not Exist - Translation Not Performed 
Node Temperature:  Node: 71152 Does not Exist - Translation Not Performed 
Node Temperature:  Node: 71153 Does not Exist - Translation Not Performed 
Node Temperature:  Node: 71154 Does not Exist - Translation Not Performed 
Node Temperature:  Node: 71155 Does not Exist - Translation Not Performed 
Node Temperature:  Node: 71156 Does not Exist - Translation Not Performed 
Node Temperature:  Node: 71157 Does not Exist - Translation Not Performed 
Node Temperature:  Node: 71158 Does not Exist - Translation Not Performed 
Node Temperature:  Node: 71159 Does not Exist - Translation Not Performed 
Node Temperature:  Node: 71160 Does not Exist - Translation Not Performed 
Node Temperature:  Node: 71161 Does not Exist - Translation Not Performed 
Node Temperature:  Node: 71162 Does not Exist - Translation Not Performed 
Node Temperature:  Node: 71163 Does not Exist - Translation Not Performed 
Node Temperature:  Node: 71164 Does not Exist - Translation Not Performed 
Node Temperature:  Node: 71165 Does not Exist - Translation Not Performed 
Node Temperature:  Node: 71166 Does not Exist - Translation Not Performed 
Node Temperature:  Node: 71167 Does not Exist - Translation Not Performed 
Node Temperature:  Node: 71168 Does not Exist - Translation Not Performed 
Node Temperature:  Node: 71169 Does not Exist - Translation Not Performed 
Node Temperature:  Node: 71170 Does not Exist - Translation Not Performed 
Node Temperature:  Node: 71171 Does not Exist - Translation Not Performed 
Node Temperature:  Node: 71172 Does not Exist - Translation Not Performed 
Node Temperature:  Node: 71173 Does not Exist - Translation Not Performed 
Node Temperature:  Node: 71174 Does not Exist - Translation Not Performed 
Node Temperature:  Node: 71175 Does not Exist - Translation Not Performed 
Node Temperature:  Node: 71176 Does not Exist - Translation Not Performed 
Node Temperature:  Node: 71177 Does not Exist - Translation Not Performed 
Node Temperature:  Node: 71178 Does not Exist - Translation Not Performed 
Node Temperature:  Node: 71179 Does not Exist - Translation Not Performed 
Node Temperature:  Node: 71180 Does not Exist - Translation Not Performed 
Node Temperature:  Node: 71181 Does not Exist - Translation Not Performed 
Node Temperature:  Node: 71182 Does not Exist - Translation Not Performed 
Node Temperature:  Node: 71183 Does not Exist - Translation Not Performed 
Node Temperature:  Node: 71184 Does not Exist - Translation Not Performed 
Node Temperature:  Node: 71185 Does not Exist - Translation Not Performed 
Node Temperature:  Node: 71186 Does not Exist - Translation Not Performed 
Node Temperature:  Node: 71187 Does not Exist - Translation Not Performed 
Node Temperature:  Node: 71188 Does not Exist - Translation Not Performed 
Node Temperature:  Node: 71189 Does not Exist - Translation Not Performed 
Node Temperature:  Node: 71190 Does not Exist - Translation Not Performed 
Node Temperature:  Node: 71191 Does not Exist - Translation Not Performed 
Node Temperature:  Node: 71192 Does not Exist - Translation Not Performed 
Node Temperature:  Node: 71193 Does not Exist - Translation Not Performed 
Node Temperature:  Node: 71194 Does not Exist - Translation Not Performed 
Node Temperature:  Node: 71195 Does not Exist - Translation Not Performed 
Node Temperature:  Node: 71196 Does not Exist - Translation Not Performed 
Node Temperature:  Node: 71197 Does not Exist - Translation Not Performed 
Node Temperature:  Node: 71198 Does not Exist - Translation Not Performed 
Node Temperature:  Node: 71199 Does not Exist - Translation Not Performed 
Node Temperature:  Node: 71200 Does not Exist - Translation Not Performed 
Node Temperature:  Node: 71201 Does not Exist - Translation Not Performed 
Node Temperature:  Node: 71202 Does not Exist - Translation Not Performed 
Node Temperature:  Node: 71203 Does not Exist - Translation Not Performed 
Node Temperature:  Node: 71204 Does not Exist - Translation Not Performed 
Node Temperature:  Node: 71205 Does not Exist - Translation Not Performed 
Node Temperature:  Node: 71206 Does not Exist - Translation Not Performed 
Node Temperature:  Node: 71207 Does not Exist - Translation Not Performed 
Node Temperature:  Node: 71208 Does not Exist - Translation Not Performed 
Node Temperature:  Node: 71209 Does not Exist - Translation Not Performed 
Node Temperature:  Node: 71210 Does not Exist - Translation Not Performed 
Node Temperature:  Node: 71211 Does not Exist - Translation Not Performed 
Node Temperature:  Node: 71212 Does not Exist - Translation Not Performed 
Node Temperature:  Node: 71213 Does not Exist - Translation Not Performed 
Node Temperature:  Node: 71214 Does not Exist - Translation Not Performed 
Node Temperature:  Node: 71215 Does not Exist - Translation Not Performed 
Node Temperature:  Node: 71216 Does not Exist - Translation Not Performed 
Node Temperature:  Node: 71217 Does not Exist - Translation Not Performed



 /---------------------------------------------------------------------\
|                                                                       |
| For requesting an enhancement or reporting a bug, please contact      |
| MSC Software support: http://support.mscsoftware.com/servicerequest   |
|                                                                       |
 \---------------------------------------------------------------------/